2026-05-16 01:54:35,899 INFO Pipeline starting: 503 companies | dry_run=False | resume=True
2026-05-16 01:54:35,899 INFO [MMM] Already completed, skipping
2026-05-16 01:54:35,899 INFO [AOS] Already completed, skipping
2026-05-16 01:54:35,899 INFO [ABT] Already completed, skipping
2026-05-16 01:54:35,899 INFO [ABBV] Already completed, skipping
2026-05-16 01:54:35,899 INFO [ACN] Already completed, skipping
2026-05-16 01:54:35,899 INFO [ADBE] Already completed, skipping
2026-05-16 01:54:35,900 INFO [AMD] Already completed, skipping
2026-05-16 01:54:35,900 INFO [AES] Already completed, skipping
2026-05-16 01:54:35,900 INFO [AFL] Already completed, skipping
2026-05-16 01:54:35,900 INFO [A] Already completed, skipping
2026-05-16 01:54:35,900 INFO [APD] Already completed, skipping
2026-05-16 01:54:35,900 INFO [ABNB] Already completed, skipping
2026-05-16 01:54:35,900 INFO [AKAM] Already completed, skipping
2026-05-16 01:54:35,900 INFO [ALB] Already completed, skipping
2026-05-16 01:54:35,900 INFO [ARE] Already completed, skipping
2026-05-16 01:54:35,900 INFO [ALGN] Already completed, skipping
2026-05-16 01:54:35,900 INFO [ALLE] Already completed, skipping
2026-05-16 01:54:35,900 INFO [LNT] Already completed, skipping
2026-05-16 01:54:35,900 INFO [ALL] Already completed, skipping
2026-05-16 01:54:35,900 INFO [GOOGL] Already completed, skipping
2026-05-16 01:54:35,900 INFO [GOOG] Already completed, skipping
2026-05-16 01:54:35,900 INFO [MO] Already completed, skipping
2026-05-16 01:54:35,900 INFO [AMZN] Already completed, skipping
2026-05-16 01:54:35,900 INFO [AMCR] Already completed, skipping
2026-05-16 01:54:35,900 INFO [AEE] Already completed, skipping
2026-05-16 01:54:35,900 INFO [AEP] Already completed, skipping
2026-05-16 01:54:35,900 INFO [AXP] Already completed, skipping
2026-05-16 01:54:35,900 INFO [AIG] Already completed, skipping
2026-05-16 01:54:35,900 INFO [AMT] Already completed, skipping
2026-05-16 01:54:35,900 INFO [AWK] Already completed, skipping
2026-05-16 01:54:35,900 INFO [AMP] Already completed, skipping
2026-05-16 01:54:35,900 INFO [AME] Already completed, skipping
2026-05-16 01:54:35,900 INFO [AMGN] Already completed, skipping
2026-05-16 01:54:35,900 INFO [APH] Already completed, skipping
2026-05-16 01:54:35,900 INFO [ADI] Already completed, skipping
2026-05-16 01:54:35,900 INFO [AON] Already completed, skipping
2026-05-16 01:54:35,900 INFO [APA] Already completed, skipping
2026-05-16 01:54:35,900 INFO [APO] Already completed, skipping
2026-05-16 01:54:35,901 INFO [AAPL] Already completed, skipping
2026-05-16 01:54:35,901 INFO [AMAT] Already completed, skipping
2026-05-16 01:54:35,901 INFO [APP] Already completed, skipping
2026-05-16 01:54:35,901 INFO [APTV] Already completed, skipping
2026-05-16 01:54:35,901 INFO [ACGL] Already completed, skipping
2026-05-16 01:54:35,901 INFO [ADM] Already completed, skipping
2026-05-16 01:54:35,901 INFO [ARES] Already completed, skipping
2026-05-16 01:54:35,901 INFO [ANET] Already completed, skipping
2026-05-16 01:54:35,901 INFO [AJG] Already completed, skipping
2026-05-16 01:54:35,901 INFO [AIZ] Already completed, skipping
2026-05-16 01:54:35,901 INFO [T] Already completed, skipping
2026-05-16 01:54:35,901 INFO [ATO] Already completed, skipping
2026-05-16 01:54:35,901 INFO Progress: 50/503 | [ADSK] Autodesk (Information Technology)
2026-05-16 01:54:35,999 INFO [ADSK] Starting pipeline...
2026-05-16 01:56:07,690 INFO [ADSK] ✓ Pipeline complete
2026-05-16 01:56:09,697 INFO Progress: 51/503 | [ADP] Automatic Data Processing (Industrials)
2026-05-16 01:56:09,697 INFO [ADP] Starting pipeline...
2026-05-16 01:57:34,519 INFO [ADP] ✓ Pipeline complete
2026-05-16 01:57:36,527 INFO Progress: 52/503 | [AZO] AutoZone (Consumer Discretionary)
2026-05-16 01:57:36,527 INFO [AZO] Starting pipeline...
2026-05-16 01:59:03,779 INFO [AZO] ✓ Pipeline complete
2026-05-16 01:59:05,785 INFO Progress: 53/503 | [AVB] AvalonBay Communities (Real Estate)
2026-05-16 01:59:05,785 INFO [AVB] Starting pipeline...
2026-05-16 02:00:22,969 INFO [AVB] ✓ Pipeline complete
2026-05-16 02:00:24,978 INFO Progress: 54/503 | [AVY] Avery Dennison (Materials)
2026-05-16 02:00:24,979 INFO [AVY] Starting pipeline...
2026-05-16 02:01:40,207 INFO [AVY] ✓ Pipeline complete
2026-05-16 02:01:42,214 INFO Progress: 55/503 | [AXON] Axon Enterprise (Industrials)
2026-05-16 02:01:42,214 INFO [AXON] Starting pipeline...
2026-05-16 02:02:01,291 WARNING [AXON] Investment analysis failed — continuing anyway
2026-05-16 02:02:02,295 INFO [AXON] ✓ Pipeline complete
2026-05-16 02:02:04,303 INFO Progress: 56/503 | [BKR] Baker Hughes (Energy)
2026-05-16 02:02:04,303 INFO [BKR] Starting pipeline...
2026-05-16 02:02:23,643 WARNING [BKR] Investment analysis failed — continuing anyway
2026-05-16 02:02:24,648 INFO [BKR] ✓ Pipeline complete
2026-05-16 02:02:26,652 INFO Progress: 57/503 | [BALL] Ball Corporation (Materials)
2026-05-16 02:02:26,653 INFO [BALL] Starting pipeline...
2026-05-16 02:02:43,391 WARNING [BALL] Investment analysis failed — continuing anyway
2026-05-16 02:02:44,395 INFO [BALL] ✓ Pipeline complete
2026-05-16 02:02:46,400 INFO Progress: 58/503 | [BAC] Bank of America (Financials)
2026-05-16 02:02:46,400 INFO [BAC] Starting pipeline...
2026-05-16 02:03:02,615 WARNING [BAC] Investment analysis failed — continuing anyway
2026-05-16 02:03:03,619 INFO [BAC] ✓ Pipeline complete
2026-05-16 02:03:05,627 INFO Progress: 59/503 | [BAX] Baxter International (Health Care)
2026-05-16 02:03:05,627 INFO [BAX] Starting pipeline...
2026-05-16 02:03:23,864 WARNING [BAX] Investment analysis failed — continuing anyway
2026-05-16 02:03:24,869 INFO [BAX] ✓ Pipeline complete
2026-05-16 02:03:26,873 INFO Progress: 60/503 | [BDX] Becton Dickinson (Health Care)
2026-05-16 02:03:26,873 INFO [BDX] Starting pipeline...
2026-05-16 02:03:46,387 WARNING [BDX] Investment analysis failed — continuing anyway
2026-05-16 02:03:47,390 INFO [BDX] ✓ Pipeline complete
2026-05-16 02:03:49,399 INFO Progress: 61/503 | [BRK-B] Berkshire Hathaway (Financials)
2026-05-16 02:03:49,399 INFO [BRK-B] Starting pipeline...
2026-05-16 02:04:06,077 WARNING [BRK-B] Investment analysis failed — continuing anyway
2026-05-16 02:04:07,082 INFO [BRK-B] ✓ Pipeline complete
2026-05-16 02:04:09,091 INFO Progress: 62/503 | [BBY] Best Buy (Consumer Discretionary)
2026-05-16 02:04:09,091 INFO [BBY] Starting pipeline...
2026-05-16 02:04:25,991 WARNING [BBY] Investment analysis failed — continuing anyway
2026-05-16 02:04:26,997 INFO [BBY] ✓ Pipeline complete
2026-05-16 02:04:29,004 INFO Progress: 63/503 | [TECH] Bio-Techne (Health Care)
2026-05-16 02:04:29,004 INFO [TECH] Starting pipeline...
2026-05-16 02:04:46,973 WARNING [TECH] Investment analysis failed — continuing anyway
2026-05-16 02:04:47,978 INFO [TECH] ✓ Pipeline complete
2026-05-16 02:04:49,984 INFO Progress: 64/503 | [BIIB] Biogen (Health Care)
2026-05-16 02:04:49,985 INFO [BIIB] Starting pipeline...
2026-05-16 02:05:08,962 WARNING [BIIB] Investment analysis failed — continuing anyway
2026-05-16 02:05:09,967 INFO [BIIB] ✓ Pipeline complete
2026-05-16 02:05:11,975 INFO Progress: 65/503 | [BLK] BlackRock (Financials)
2026-05-16 02:05:11,975 INFO [BLK] Starting pipeline...
2026-05-16 02:05:30,485 WARNING [BLK] Investment analysis failed — continuing anyway
2026-05-16 02:05:31,490 INFO [BLK] ✓ Pipeline complete
2026-05-16 02:05:33,496 INFO Progress: 66/503 | [BX] Blackstone Inc. (Financials)
2026-05-16 02:05:33,496 INFO [BX] Starting pipeline...
2026-05-16 02:05:43,641 WARNING [BX] Porter failed — skipping
2026-05-16 02:05:45,646 INFO Progress: 66/503 | [XYZ] Block, Inc. (Financials)
2026-05-16 02:05:45,647 INFO [XYZ] Starting pipeline...
2026-05-16 02:05:55,021 WARNING [XYZ] Porter failed — skipping
2026-05-16 02:05:57,029 INFO Progress: 66/503 | [BK] BNY Mellon (Financials)
2026-05-16 02:05:57,029 INFO [BK] Starting pipeline...
2026-05-16 02:06:06,501 WARNING [BK] Porter failed — skipping
2026-05-16 02:06:08,509 INFO Progress: 66/503 | [BA] Boeing (Industrials)
2026-05-16 02:06:08,510 INFO [BA] Starting pipeline...
2026-05-16 02:06:17,674 WARNING [BA] Porter failed — skipping
2026-05-16 02:06:19,682 INFO Progress: 66/503 | [BKNG] Booking Holdings (Consumer Discretionary)
2026-05-16 02:06:19,683 INFO [BKNG] Starting pipeline...
2026-05-16 02:06:29,180 WARNING [BKNG] Porter failed — skipping
2026-05-16 02:06:31,189 INFO Progress: 66/503 | [BSX] Boston Scientific (Health Care)
2026-05-16 02:06:31,189 INFO [BSX] Starting pipeline...
2026-05-16 02:06:40,328 WARNING [BSX] Porter failed — skipping
2026-05-16 02:06:42,334 INFO Progress: 66/503 | [BMY] Bristol Myers Squibb (Health Care)
2026-05-16 02:06:42,334 INFO [BMY] Starting pipeline...
2026-05-16 02:06:51,644 WARNING [BMY] Porter failed — skipping
2026-05-16 02:06:53,651 INFO Progress: 66/503 | [AVGO] Broadcom (Information Technology)
2026-05-16 02:06:53,651 INFO [AVGO] Starting pipeline...
2026-05-16 02:07:03,020 WARNING [AVGO] Porter failed — skipping
2026-05-16 02:07:05,023 INFO Progress: 66/503 | [BR] Broadridge Financial Solutions (Industrials)
2026-05-16 02:07:05,023 INFO [BR] Starting pipeline...
2026-05-16 02:07:14,643 WARNING [BR] Porter failed — skipping
2026-05-16 02:07:16,651 INFO Progress: 66/503 | [BRO] Brown & Brown (Financials)
2026-05-16 02:07:16,652 INFO [BRO] Starting pipeline...
2026-05-16 02:07:26,400 WARNING [BRO] Porter failed — skipping
2026-05-16 02:07:28,408 INFO Progress: 66/503 | [BF-B] Brown–Forman (Consumer Staples)
2026-05-16 02:07:28,409 INFO [BF-B] Starting pipeline...
2026-05-16 02:07:37,880 WARNING [BF-B] Porter failed — skipping
2026-05-16 02:07:39,887 INFO Progress: 66/503 | [BLDR] Builders FirstSource (Industrials)
2026-05-16 02:07:39,887 INFO [BLDR] Starting pipeline...
2026-05-16 02:07:49,539 WARNING [BLDR] Porter failed — skipping
2026-05-16 02:07:51,547 INFO Progress: 66/503 | [BG] Bunge Global (Consumer Staples)
2026-05-16 02:07:51,547 INFO [BG] Starting pipeline...
2026-05-16 02:08:01,044 WARNING [BG] Porter failed — skipping
2026-05-16 02:08:03,052 INFO Progress: 66/503 | [BXP] BXP, Inc. (Real Estate)
2026-05-16 02:08:03,053 INFO [BXP] Starting pipeline...
2026-05-16 02:08:12,575 WARNING [BXP] Porter failed — skipping
2026-05-16 02:08:14,580 INFO Progress: 66/503 | [CHRW] C.H. Robinson (Industrials)
2026-05-16 02:08:14,581 INFO [CHRW] Starting pipeline...
2026-05-16 02:08:23,885 WARNING [CHRW] Porter failed — skipping
2026-05-16 02:08:25,890 INFO Progress: 66/503 | [CDNS] Cadence Design Systems (Information Technology)
2026-05-16 02:08:25,891 INFO [CDNS] Starting pipeline...
2026-05-16 02:08:35,362 WARNING [CDNS] Porter failed — skipping
2026-05-16 02:08:37,368 INFO Progress: 66/503 | [CPT] Camden Property Trust (Real Estate)
2026-05-16 02:08:37,368 INFO [CPT] Starting pipeline...
2026-05-16 02:08:46,680 WARNING [CPT] Porter failed — skipping
2026-05-16 02:08:48,688 INFO Progress: 66/503 | [CPB] Campbell's Company (The) (Consumer Staples)
2026-05-16 02:08:48,688 INFO [CPB] Starting pipeline...
2026-05-16 02:08:58,965 WARNING [CPB] Porter failed — skipping
2026-05-16 02:09:00,969 INFO Progress: 66/503 | [COF] Capital One (Financials)
2026-05-16 02:09:00,969 INFO [COF] Starting pipeline...
2026-05-16 02:09:11,058 WARNING [COF] Porter failed — skipping
2026-05-16 02:09:13,065 INFO Progress: 66/503 | [CAH] Cardinal Health (Health Care)
2026-05-16 02:09:13,066 INFO [CAH] Starting pipeline...
2026-05-16 02:09:22,355 WARNING [CAH] Porter failed — skipping
2026-05-16 02:09:24,363 INFO Progress: 66/503 | [CCL] Carnival Corporation (Consumer Discretionary)
2026-05-16 02:09:24,363 INFO [CCL] Starting pipeline...
2026-05-16 02:09:33,637 WARNING [CCL] Porter failed — skipping
2026-05-16 02:09:35,644 INFO Progress: 66/503 | [CARR] Carrier Global (Industrials)
2026-05-16 02:09:35,645 INFO [CARR] Starting pipeline...
2026-05-16 02:09:45,237 WARNING [CARR] Porter failed — skipping
2026-05-16 02:09:47,245 INFO Progress: 66/503 | [CVNA] Carvana (Consumer Discretionary)
2026-05-16 02:09:47,246 INFO [CVNA] Starting pipeline...
2026-05-16 02:09:56,265 WARNING [CVNA] Porter failed — skipping
2026-05-16 02:09:58,268 INFO Progress: 66/503 | [CASY] Casey's (Consumer Staples)
2026-05-16 02:09:58,268 INFO [CASY] Starting pipeline...
2026-05-16 02:10:08,112 WARNING [CASY] Porter failed — skipping
2026-05-16 02:10:10,117 INFO Progress: 66/503 | [CAT] Caterpillar Inc. (Industrials)
2026-05-16 02:10:10,118 INFO [CAT] Starting pipeline...
2026-05-16 02:10:19,739 WARNING [CAT] Porter failed — skipping
2026-05-16 02:10:21,748 INFO Progress: 66/503 | [CBOE] Cboe Global Markets (Financials)
2026-05-16 02:10:21,749 INFO [CBOE] Starting pipeline...
2026-05-16 02:10:31,767 WARNING [CBOE] Porter failed — skipping
2026-05-16 02:10:33,775 INFO Progress: 66/503 | [CBRE] CBRE Group (Real Estate)
2026-05-16 02:10:33,775 INFO [CBRE] Starting pipeline...
2026-05-16 02:10:43,619 WARNING [CBRE] Porter failed — skipping
2026-05-16 02:10:45,624 INFO Progress: 66/503 | [CDW] CDW Corporation (Information Technology)
2026-05-16 02:10:45,624 INFO [CDW] Starting pipeline...
2026-05-16 02:10:54,860 WARNING [CDW] Porter failed — skipping
2026-05-16 02:10:56,867 INFO Progress: 66/503 | [COR] Cencora (Health Care)
2026-05-16 02:10:56,868 INFO [COR] Starting pipeline...
2026-05-16 02:11:06,139 WARNING [COR] Porter failed — skipping
2026-05-16 02:11:08,147 INFO Progress: 66/503 | [CNC] Centene Corporation (Health Care)
2026-05-16 02:11:08,148 INFO [CNC] Starting pipeline...
2026-05-16 02:11:17,545 WARNING [CNC] Porter failed — skipping
2026-05-16 02:11:19,554 INFO Progress: 66/503 | [CNP] CenterPoint Energy (Utilities)
2026-05-16 02:11:19,554 INFO [CNP] Starting pipeline...
2026-05-16 02:11:29,129 WARNING [CNP] Porter failed — skipping
2026-05-16 02:11:31,135 INFO Progress: 66/503 | [CF] CF Industries (Materials)
2026-05-16 02:11:31,135 INFO [CF] Starting pipeline...
2026-05-16 02:11:40,684 WARNING [CF] Porter failed — skipping
2026-05-16 02:11:42,693 INFO Progress: 66/503 | [CRL] Charles River Laboratories (Health Care)
2026-05-16 02:11:42,693 INFO [CRL] Starting pipeline...
2026-05-16 02:11:52,516 WARNING [CRL] Porter failed — skipping
2026-05-16 02:11:54,526 INFO Progress: 66/503 | [SCHW] Charles Schwab Corporation (Financials)
2026-05-16 02:11:54,527 INFO [SCHW] Starting pipeline...
2026-05-16 02:12:04,095 WARNING [SCHW] Porter failed — skipping
2026-05-16 02:12:06,105 INFO Progress: 66/503 | [CHTR] Charter Communications (Communication Services)
2026-05-16 02:12:06,106 INFO [CHTR] Starting pipeline...
2026-05-16 02:12:15,880 WARNING [CHTR] Porter failed — skipping
2026-05-16 02:12:17,890 INFO Progress: 66/503 | [CVX] Chevron Corporation (Energy)
2026-05-16 02:12:17,890 INFO [CVX] Starting pipeline...
2026-05-16 02:12:27,273 WARNING [CVX] Porter failed — skipping
2026-05-16 02:12:29,282 INFO Progress: 66/503 | [CMG] Chipotle Mexican Grill (Consumer Discretionary)
2026-05-16 02:12:29,282 INFO [CMG] Starting pipeline...
2026-05-16 02:12:39,161 WARNING [CMG] Porter failed — skipping
2026-05-16 02:12:41,170 INFO Progress: 66/503 | [CB] Chubb Limited (Financials)
2026-05-16 02:12:41,170 INFO [CB] Starting pipeline...
2026-05-16 02:12:51,014 WARNING [CB] Porter failed — skipping
2026-05-16 02:12:53,024 INFO Progress: 66/503 | [CHD] Church & Dwight (Consumer Staples)
2026-05-16 02:12:53,024 INFO [CHD] Starting pipeline...
2026-05-16 02:13:02,779 WARNING [CHD] Porter failed — skipping
2026-05-16 02:13:04,786 INFO Progress: 66/503 | [CIEN] Ciena (Information Technology)
2026-05-16 02:13:04,786 INFO [CIEN] Starting pipeline...
2026-05-16 02:13:13,920 WARNING [CIEN] Porter failed — skipping
2026-05-16 02:13:15,925 INFO Progress: 66/503 | [CI] Cigna (Health Care)
2026-05-16 02:13:15,925 INFO [CI] Starting pipeline...
2026-05-16 02:13:25,309 WARNING [CI] Porter failed — skipping
2026-05-16 02:13:27,318 INFO Progress: 66/503 | [CINF] Cincinnati Financial (Financials)
2026-05-16 02:13:27,318 INFO [CINF] Starting pipeline...
2026-05-16 02:13:37,080 WARNING [CINF] Porter failed — skipping
2026-05-16 02:13:39,095 INFO Progress: 66/503 | [CTAS] Cintas (Industrials)
2026-05-16 02:13:39,095 INFO [CTAS] Starting pipeline...
2026-05-16 02:13:48,421 WARNING [CTAS] Porter failed — skipping
2026-05-16 02:13:50,426 INFO Progress: 66/503 | [CSCO] Cisco (Information Technology)
2026-05-16 02:13:50,426 INFO [CSCO] Starting pipeline...
2026-05-16 02:13:59,570 WARNING [CSCO] Porter failed — skipping
2026-05-16 02:14:01,580 INFO Progress: 66/503 | [C] Citigroup (Financials)
2026-05-16 02:14:01,580 INFO [C] Starting pipeline...
2026-05-16 02:14:11,713 WARNING [C] Porter failed — skipping
2026-05-16 02:14:13,726 INFO Progress: 66/503 | [CFG] Citizens Financial Group (Financials)
2026-05-16 02:14:13,727 INFO [CFG] Starting pipeline...
2026-05-16 02:14:23,260 WARNING [CFG] Porter failed — skipping
2026-05-16 02:14:25,270 INFO Progress: 66/503 | [CLX] Clorox (Consumer Staples)
2026-05-16 02:14:25,270 INFO [CLX] Starting pipeline...
2026-05-16 02:14:34,554 WARNING [CLX] Porter failed — skipping
2026-05-16 02:14:36,558 INFO Progress: 66/503 | [CME] CME Group (Financials)
2026-05-16 02:14:36,558 INFO [CME] Starting pipeline...
2026-05-16 02:14:46,609 WARNING [CME] Porter failed — skipping
2026-05-16 02:14:48,619 INFO Progress: 66/503 | [CMS] CMS Energy (Utilities)
2026-05-16 02:14:48,620 INFO [CMS] Starting pipeline...
2026-05-16 02:14:58,666 WARNING [CMS] Porter failed — skipping
2026-05-16 02:15:00,671 INFO Progress: 66/503 | [KO] Coca-Cola Company (The) (Consumer Staples)
2026-05-16 02:15:00,672 INFO [KO] Starting pipeline...
2026-05-16 02:15:10,155 WARNING [KO] Porter failed — skipping
2026-05-16 02:15:12,163 INFO Progress: 66/503 | [CTSH] Cognizant (Information Technology)
2026-05-16 02:15:12,163 INFO [CTSH] Starting pipeline...
2026-05-16 02:15:21,700 WARNING [CTSH] Porter failed — skipping
2026-05-16 02:15:23,705 INFO Progress: 66/503 | [COHR] Coherent Corp. (Information Technology)
2026-05-16 02:15:23,705 INFO [COHR] Starting pipeline...
2026-05-16 02:15:32,997 WARNING [COHR] Porter failed — skipping
2026-05-16 02:15:35,006 INFO Progress: 66/503 | [COIN] Coinbase (Financials)
2026-05-16 02:15:35,006 INFO [COIN] Starting pipeline...
2026-05-16 02:15:45,225 WARNING [COIN] Porter failed — skipping
2026-05-16 02:15:47,238 INFO Progress: 66/503 | [CL] Colgate-Palmolive (Consumer Staples)
2026-05-16 02:15:47,238 INFO [CL] Starting pipeline...
2026-05-16 02:15:56,840 WARNING [CL] Porter failed — skipping
2026-05-16 02:15:58,851 INFO Progress: 66/503 | [CMCSA] Comcast (Communication Services)
2026-05-16 02:15:58,851 INFO [CMCSA] Starting pipeline...
2026-05-16 02:16:08,573 WARNING [CMCSA] Porter failed — skipping
2026-05-16 02:16:10,585 INFO Progress: 66/503 | [FIX] Comfort Systems USA (Industrials)
2026-05-16 02:16:10,586 INFO [FIX] Starting pipeline...
2026-05-16 02:16:19,911 WARNING [FIX] Porter failed — skipping
2026-05-16 02:16:21,917 INFO Progress: 66/503 | [CAG] Conagra Brands (Consumer Staples)
2026-05-16 02:16:21,917 INFO [CAG] Starting pipeline...
2026-05-16 02:16:31,414 WARNING [CAG] Porter failed — skipping
2026-05-16 02:16:33,424 INFO Progress: 66/503 | [COP] ConocoPhillips (Energy)
2026-05-16 02:16:33,425 INFO [COP] Starting pipeline...
2026-05-16 02:16:43,052 WARNING [COP] Porter failed — skipping
2026-05-16 02:16:45,060 INFO Progress: 66/503 | [ED] Consolidated Edison (Utilities)
2026-05-16 02:16:45,060 INFO [ED] Starting pipeline...
2026-05-16 02:16:55,558 WARNING [ED] Porter failed — skipping
2026-05-16 02:16:57,571 INFO Progress: 66/503 | [STZ] Constellation Brands (Consumer Staples)
2026-05-16 02:16:57,571 INFO [STZ] Starting pipeline...
2026-05-16 02:17:06,895 WARNING [STZ] Porter failed — skipping
2026-05-16 02:17:08,907 INFO Progress: 66/503 | [CEG] Constellation Energy (Utilities)
2026-05-16 02:17:08,908 INFO [CEG] Starting pipeline...
2026-05-16 02:17:18,619 WARNING [CEG] Porter failed — skipping
2026-05-16 02:17:20,629 INFO Progress: 66/503 | [COO] Cooper Companies (The) (Health Care)
2026-05-16 02:17:20,630 INFO [COO] Starting pipeline...
2026-05-16 02:17:29,920 WARNING [COO] Porter failed — skipping
2026-05-16 02:17:31,930 INFO Progress: 66/503 | [CPRT] Copart (Industrials)
2026-05-16 02:17:31,930 INFO [CPRT] Starting pipeline...
2026-05-16 02:17:41,365 WARNING [CPRT] Porter failed — skipping
2026-05-16 02:17:43,372 INFO Progress: 66/503 | [GLW] Corning Inc. (Information Technology)
2026-05-16 02:17:43,373 INFO [GLW] Starting pipeline...
2026-05-16 02:17:52,694 WARNING [GLW] Porter failed — skipping
2026-05-16 02:17:54,708 INFO Progress: 66/503 | [CPAY] Corpay (Financials)
2026-05-16 02:17:54,708 INFO [CPAY] Starting pipeline...
2026-05-16 02:18:04,281 WARNING [CPAY] Porter failed — skipping
2026-05-16 02:18:06,292 INFO Progress: 66/503 | [CTVA] Corteva (Materials)
2026-05-16 02:18:06,292 INFO [CTVA] Starting pipeline...
2026-05-16 02:18:15,589 WARNING [CTVA] Porter failed — skipping
2026-05-16 02:18:17,597 INFO Progress: 66/503 | [CSGP] CoStar Group (Real Estate)
2026-05-16 02:18:17,598 INFO [CSGP] Starting pipeline...
2026-05-16 02:18:27,369 WARNING [CSGP] Porter failed — skipping
2026-05-16 02:18:29,379 INFO Progress: 66/503 | [COST] Costco (Consumer Staples)
2026-05-16 02:18:29,380 INFO [COST] Starting pipeline...
2026-05-16 02:18:38,815 WARNING [COST] Porter failed — skipping
2026-05-16 02:18:40,826 INFO Progress: 66/503 | [CRH] CRH plc (Materials)
2026-05-16 02:18:40,826 INFO [CRH] Starting pipeline...
2026-05-16 02:18:50,628 WARNING [CRH] Porter failed — skipping
2026-05-16 02:18:52,637 INFO Progress: 66/503 | [CRWD] CrowdStrike (Information Technology)
2026-05-16 02:18:52,637 INFO [CRWD] Starting pipeline...
2026-05-16 02:19:02,242 WARNING [CRWD] Porter failed — skipping
2026-05-16 02:19:04,254 INFO Progress: 66/503 | [CCI] Crown Castle (Real Estate)
2026-05-16 02:19:04,254 INFO [CCI] Starting pipeline...
2026-05-16 02:19:13,494 WARNING [CCI] Porter failed — skipping
2026-05-16 02:19:15,503 INFO Progress: 66/503 | [CSX] CSX Corporation (Industrials)
2026-05-16 02:19:15,504 INFO [CSX] Starting pipeline...
2026-05-16 02:19:25,360 WARNING [CSX] Porter failed — skipping
2026-05-16 02:19:27,371 INFO Progress: 66/503 | [CMI] Cummins (Industrials)
2026-05-16 02:19:27,371 INFO [CMI] Starting pipeline...
2026-05-16 02:19:36,892 WARNING [CMI] Porter failed — skipping
2026-05-16 02:19:38,899 INFO Progress: 66/503 | [CVS] CVS Health (Health Care)
2026-05-16 02:19:38,900 INFO [CVS] Starting pipeline...
2026-05-16 02:19:48,425 WARNING [CVS] Porter failed — skipping
2026-05-16 02:19:50,439 INFO Progress: 66/503 | [DHR] Danaher Corporation (Health Care)
2026-05-16 02:19:50,439 INFO [DHR] Starting pipeline...
2026-05-16 02:19:59,923 WARNING [DHR] Porter failed — skipping
2026-05-16 02:20:01,934 INFO Progress: 66/503 | [DRI] Darden Restaurants (Consumer Discretionary)
2026-05-16 02:20:01,934 INFO [DRI] Starting pipeline...
2026-05-16 02:20:11,410 WARNING [DRI] Porter failed — skipping
2026-05-16 02:20:13,423 INFO Progress: 66/503 | [DDOG] Datadog (Information Technology)
2026-05-16 02:20:13,423 INFO [DDOG] Starting pipeline...
2026-05-16 02:20:23,023 WARNING [DDOG] Porter failed — skipping
2026-05-16 02:20:25,038 INFO Progress: 66/503 | [DVA] DaVita (Health Care)
2026-05-16 02:20:25,038 INFO [DVA] Starting pipeline...
2026-05-16 02:20:34,961 WARNING [DVA] Porter failed — skipping
2026-05-16 02:20:36,969 INFO Progress: 66/503 | [DECK] Deckers Brands (Consumer Discretionary)
2026-05-16 02:20:36,969 INFO [DECK] Starting pipeline...
2026-05-16 02:20:46,213 WARNING [DECK] Porter failed — skipping
2026-05-16 02:20:48,219 INFO Progress: 66/503 | [DE] Deere & Company (Industrials)
2026-05-16 02:20:48,219 INFO [DE] Starting pipeline...
2026-05-16 02:20:58,321 WARNING [DE] Porter failed — skipping
2026-05-16 02:21:00,329 INFO Progress: 66/503 | [DELL] Dell Technologies (Information Technology)
2026-05-16 02:21:00,329 INFO [DELL] Starting pipeline...
2026-05-16 02:21:09,831 WARNING [DELL] Porter failed — skipping
2026-05-16 02:21:11,836 INFO Progress: 66/503 | [DAL] Delta Air Lines (Industrials)
2026-05-16 02:21:11,836 INFO [DAL] Starting pipeline...
2026-05-16 02:21:21,102 WARNING [DAL] Porter failed — skipping
2026-05-16 02:21:23,113 INFO Progress: 66/503 | [DVN] Devon Energy (Energy)
2026-05-16 02:21:23,113 INFO [DVN] Starting pipeline...
2026-05-16 02:21:32,947 WARNING [DVN] Porter failed — skipping
2026-05-16 02:21:34,959 INFO Progress: 66/503 | [DXCM] Dexcom (Health Care)
2026-05-16 02:21:34,959 INFO [DXCM] Starting pipeline...
2026-05-16 02:21:44,179 WARNING [DXCM] Porter failed — skipping
2026-05-16 02:21:46,192 INFO Progress: 66/503 | [FANG] Diamondback Energy (Energy)
2026-05-16 02:21:46,192 INFO [FANG] Starting pipeline...
2026-05-16 02:21:55,512 WARNING [FANG] Porter failed — skipping
2026-05-16 02:21:57,523 INFO Progress: 66/503 | [DLR] Digital Realty (Real Estate)
2026-05-16 02:21:57,523 INFO [DLR] Starting pipeline...
2026-05-16 02:22:07,555 WARNING [DLR] Porter failed — skipping
2026-05-16 02:22:09,568 INFO Progress: 66/503 | [DG] Dollar General (Consumer Staples)
2026-05-16 02:22:09,568 INFO [DG] Starting pipeline...
2026-05-16 02:22:18,830 WARNING [DG] Porter failed — skipping
2026-05-16 02:22:20,839 INFO Progress: 66/503 | [DLTR] Dollar Tree (Consumer Staples)
2026-05-16 02:22:20,839 INFO [DLTR] Starting pipeline...
2026-05-16 02:22:30,341 WARNING [DLTR] Porter failed — skipping
2026-05-16 02:22:32,347 INFO Progress: 66/503 | [D] Dominion Energy (Utilities)
2026-05-16 02:22:32,347 INFO [D] Starting pipeline...
2026-05-16 02:22:42,669 WARNING [D] Porter failed — skipping
2026-05-16 02:22:44,683 INFO Progress: 66/503 | [DPZ] Domino's (Consumer Discretionary)
2026-05-16 02:22:44,683 INFO [DPZ] Starting pipeline...
2026-05-16 02:22:54,722 WARNING [DPZ] Porter failed — skipping
2026-05-16 02:22:56,725 INFO Progress: 66/503 | [DASH] DoorDash (Consumer Discretionary)
2026-05-16 02:22:56,726 INFO [DASH] Starting pipeline...
2026-05-16 02:23:06,261 WARNING [DASH] Porter failed — skipping
2026-05-16 02:23:08,272 INFO Progress: 66/503 | [DOV] Dover Corporation (Industrials)
2026-05-16 02:23:08,272 INFO [DOV] Starting pipeline...
2026-05-16 02:23:17,546 WARNING [DOV] Porter failed — skipping
2026-05-16 02:23:19,559 INFO Progress: 66/503 | [DOW] Dow Inc. (Materials)
2026-05-16 02:23:19,559 INFO [DOW] Starting pipeline...
2026-05-16 02:23:29,079 WARNING [DOW] Porter failed — skipping
2026-05-16 02:23:31,093 INFO Progress: 66/503 | [DHI] D. R. Horton (Consumer Discretionary)
2026-05-16 02:23:31,094 INFO [DHI] Starting pipeline...
2026-05-16 02:23:40,565 WARNING [DHI] Porter failed — skipping
2026-05-16 02:23:42,573 INFO Progress: 66/503 | [DTE] DTE Energy (Utilities)
2026-05-16 02:23:42,574 INFO [DTE] Starting pipeline...
2026-05-16 02:23:52,123 WARNING [DTE] Porter failed — skipping
2026-05-16 02:23:54,133 INFO Progress: 66/503 | [DUK] Duke Energy (Utilities)
2026-05-16 02:23:54,134 INFO [DUK] Starting pipeline...
2026-05-16 02:24:04,786 WARNING [DUK] Porter failed — skipping
2026-05-16 02:24:06,796 INFO Progress: 66/503 | [DD] DuPont (Materials)
2026-05-16 02:24:06,796 INFO [DD] Starting pipeline...
2026-05-16 02:24:16,892 WARNING [DD] Porter failed — skipping
2026-05-16 02:24:18,903 INFO Progress: 66/503 | [ETN] Eaton Corporation (Industrials)
2026-05-16 02:24:18,903 INFO [ETN] Starting pipeline...
2026-05-16 02:24:28,792 WARNING [ETN] Porter failed — skipping
2026-05-16 02:24:30,803 INFO Progress: 66/503 | [EBAY] eBay Inc. (Consumer Discretionary)
2026-05-16 02:24:30,804 INFO [EBAY] Starting pipeline...
2026-05-16 02:24:40,469 WARNING [EBAY] Porter failed — skipping
2026-05-16 02:24:42,478 INFO Progress: 66/503 | [SATS] EchoStar (Communication Services)
2026-05-16 02:24:42,479 INFO [SATS] Starting pipeline...
2026-05-16 02:24:52,378 WARNING [SATS] Porter failed — skipping
2026-05-16 02:24:54,382 INFO Progress: 66/503 | [ECL] Ecolab (Materials)
2026-05-16 02:24:54,383 INFO [ECL] Starting pipeline...
2026-05-16 02:25:04,258 WARNING [ECL] Porter failed — skipping
2026-05-16 02:25:06,265 INFO Progress: 66/503 | [EIX] Edison International (Utilities)
2026-05-16 02:25:06,266 INFO [EIX] Starting pipeline...
2026-05-16 02:25:15,650 WARNING [EIX] Porter failed — skipping
2026-05-16 02:25:17,664 INFO Progress: 66/503 | [EW] Edwards Lifesciences (Health Care)
2026-05-16 02:25:17,664 INFO [EW] Starting pipeline...
2026-05-16 02:25:27,651 WARNING [EW] Porter failed — skipping
2026-05-16 02:25:29,665 INFO Progress: 66/503 | [EA] Electronic Arts (Communication Services)
2026-05-16 02:25:29,665 INFO [EA] Starting pipeline...
2026-05-16 02:25:39,086 WARNING [EA] Porter failed — skipping
2026-05-16 02:25:41,090 INFO Progress: 66/503 | [ELV] Elevance Health (Health Care)
2026-05-16 02:25:41,090 INFO [ELV] Starting pipeline...
2026-05-16 02:25:50,521 WARNING [ELV] Porter failed — skipping
2026-05-16 02:25:52,533 INFO Progress: 66/503 | [EME] Emcor (Industrials)
2026-05-16 02:25:52,534 INFO [EME] Starting pipeline...
2026-05-16 02:26:01,689 WARNING [EME] Porter failed — skipping
2026-05-16 02:26:03,694 INFO Progress: 66/503 | [EMR] Emerson Electric (Industrials)
2026-05-16 02:26:03,695 INFO [EMR] Starting pipeline...
2026-05-16 02:26:13,160 WARNING [EMR] Porter failed — skipping
2026-05-16 02:26:15,168 INFO Progress: 66/503 | [ETR] Entergy (Utilities)
2026-05-16 02:26:15,168 INFO [ETR] Starting pipeline...
2026-05-16 02:26:25,426 WARNING [ETR] Porter failed — skipping
2026-05-16 02:26:27,435 INFO Progress: 66/503 | [EOG] EOG Resources (Energy)
2026-05-16 02:26:27,435 INFO [EOG] Starting pipeline...
2026-05-16 02:26:37,058 WARNING [EOG] Porter failed — skipping
2026-05-16 02:26:39,072 INFO Progress: 66/503 | [EPAM] EPAM Systems (Information Technology)
2026-05-16 02:26:39,072 INFO [EPAM] Starting pipeline...
2026-05-16 02:26:48,339 WARNING [EPAM] Porter failed — skipping
2026-05-16 02:26:50,343 INFO Progress: 66/503 | [EQT] EQT Corporation (Energy)
2026-05-16 02:26:50,344 INFO [EQT] Starting pipeline...
2026-05-16 02:26:59,475 WARNING [EQT] Porter failed — skipping
2026-05-16 02:27:01,483 INFO Progress: 66/503 | [EFX] Equifax (Industrials)
2026-05-16 02:27:01,484 INFO [EFX] Starting pipeline...
2026-05-16 02:27:11,078 WARNING [EFX] Porter failed — skipping
2026-05-16 02:27:13,085 INFO Progress: 66/503 | [EQIX] Equinix (Real Estate)
2026-05-16 02:27:13,085 INFO [EQIX] Starting pipeline...
2026-05-16 02:27:22,418 WARNING [EQIX] Porter failed — skipping
2026-05-16 02:27:24,432 INFO Progress: 66/503 | [EQR] Equity Residential (Real Estate)
2026-05-16 02:27:24,432 INFO [EQR] Starting pipeline...
2026-05-16 02:27:34,962 WARNING [EQR] Porter failed — skipping
2026-05-16 02:27:36,972 INFO Progress: 66/503 | [ERIE] Erie Indemnity (Financials)
2026-05-16 02:27:36,972 INFO [ERIE] Starting pipeline...
2026-05-16 02:27:46,525 WARNING [ERIE] Porter failed — skipping
2026-05-16 02:27:48,538 INFO Progress: 66/503 | [ESS] Essex Property Trust (Real Estate)
2026-05-16 02:27:48,539 INFO [ESS] Starting pipeline...
2026-05-16 02:27:58,037 WARNING [ESS] Porter failed — skipping
2026-05-16 02:28:00,046 INFO Progress: 66/503 | [EL] Estée Lauder Companies (The) (Consumer Staples)
2026-05-16 02:28:00,046 INFO [EL] Starting pipeline...
2026-05-16 02:28:09,986 WARNING [EL] Porter failed — skipping
2026-05-16 02:28:11,996 INFO Progress: 66/503 | [EG] Everest Group (Financials)
2026-05-16 02:28:11,996 INFO [EG] Starting pipeline...
2026-05-16 02:28:22,379 WARNING [EG] Porter failed — skipping
2026-05-16 02:28:24,386 INFO Progress: 66/503 | [EVRG] Evergy (Utilities)
2026-05-16 02:28:24,387 INFO [EVRG] Starting pipeline...
2026-05-16 02:28:34,270 WARNING [EVRG] Porter failed — skipping
2026-05-16 02:28:36,274 INFO Progress: 66/503 | [ES] Eversource Energy (Utilities)
2026-05-16 02:28:36,274 INFO [ES] Starting pipeline...
2026-05-16 02:28:45,773 WARNING [ES] Porter failed — skipping
2026-05-16 02:28:47,777 INFO Progress: 66/503 | [EXC] Exelon (Utilities)
2026-05-16 02:28:47,777 INFO [EXC] Starting pipeline...
2026-05-16 02:28:58,712 WARNING [EXC] Porter failed — skipping
2026-05-16 02:29:00,725 INFO Progress: 66/503 | [EXE] Expand Energy (Energy)
2026-05-16 02:29:00,725 INFO [EXE] Starting pipeline...
2026-05-16 02:29:11,527 WARNING [EXE] Porter failed — skipping
2026-05-16 02:29:13,534 INFO Progress: 66/503 | [EXPE] Expedia Group (Consumer Discretionary)
2026-05-16 02:29:13,535 INFO [EXPE] Starting pipeline...
2026-05-16 02:29:23,138 WARNING [EXPE] Porter failed — skipping
2026-05-16 02:29:25,148 INFO Progress: 66/503 | [EXPD] Expeditors International (Industrials)
2026-05-16 02:29:25,149 INFO [EXPD] Starting pipeline...
2026-05-16 02:29:34,762 WARNING [EXPD] Porter failed — skipping
2026-05-16 02:29:36,769 INFO Progress: 66/503 | [EXR] Extra Space Storage (Real Estate)
2026-05-16 02:29:36,770 INFO [EXR] Starting pipeline...
2026-05-16 02:29:46,010 WARNING [EXR] Porter failed — skipping
2026-05-16 02:29:48,021 INFO Progress: 66/503 | [XOM] ExxonMobil (Energy)
2026-05-16 02:29:48,021 INFO [XOM] Starting pipeline...
2026-05-16 02:29:57,428 WARNING [XOM] Porter failed — skipping
2026-05-16 02:29:59,436 INFO Progress: 66/503 | [FFIV] F5, Inc. (Information Technology)
2026-05-16 02:29:59,436 INFO [FFIV] Starting pipeline...
2026-05-16 02:30:08,608 WARNING [FFIV] Porter failed — skipping
2026-05-16 02:30:10,617 INFO Progress: 66/503 | [FDS] FactSet (Financials)
2026-05-16 02:30:10,618 INFO [FDS] Starting pipeline...
2026-05-16 02:30:20,346 WARNING [FDS] Porter failed — skipping
2026-05-16 02:30:22,358 INFO Progress: 66/503 | [FICO] Fair Isaac (Information Technology)
2026-05-16 02:30:22,359 INFO [FICO] Starting pipeline...
2026-05-16 02:30:32,185 WARNING [FICO] Porter failed — skipping
2026-05-16 02:30:34,195 INFO Progress: 66/503 | [FAST] Fastenal (Industrials)
2026-05-16 02:30:34,195 INFO [FAST] Starting pipeline...
2026-05-16 02:30:43,474 WARNING [FAST] Porter failed — skipping
2026-05-16 02:30:45,477 INFO Progress: 66/503 | [FRT] Federal Realty Investment Trust (Real Estate)
2026-05-16 02:30:45,477 INFO [FRT] Starting pipeline...
2026-05-16 02:30:54,663 WARNING [FRT] Porter failed — skipping
2026-05-16 02:30:56,675 INFO Progress: 66/503 | [FDX] FedEx (Industrials)
2026-05-16 02:30:56,676 INFO [FDX] Starting pipeline...
2026-05-16 02:31:06,289 WARNING [FDX] Porter failed — skipping
2026-05-16 02:31:08,300 INFO Progress: 66/503 | [FIS] Fidelity National Information Services (Financials)
2026-05-16 02:31:08,300 INFO [FIS] Starting pipeline...
2026-05-16 02:31:17,769 WARNING [FIS] Porter failed — skipping
2026-05-16 02:31:19,776 INFO Progress: 66/503 | [FITB] Fifth Third Bancorp (Financials)
2026-05-16 02:31:19,776 INFO [FITB] Starting pipeline...
2026-05-16 02:31:29,341 WARNING [FITB] Porter failed — skipping
2026-05-16 02:31:31,348 INFO Progress: 66/503 | [FSLR] First Solar (Information Technology)
2026-05-16 02:31:31,349 INFO [FSLR] Starting pipeline...
2026-05-16 02:31:40,792 WARNING [FSLR] Porter failed — skipping
2026-05-16 02:31:42,802 INFO Progress: 66/503 | [FE] FirstEnergy (Utilities)
2026-05-16 02:31:42,803 INFO [FE] Starting pipeline...
2026-05-16 02:31:52,779 WARNING [FE] Porter failed — skipping
2026-05-16 02:31:54,792 INFO Progress: 66/503 | [FISV] Fiserv (Financials)
2026-05-16 02:31:54,793 INFO [FISV] Starting pipeline...
2026-05-16 02:32:03,915 WARNING [FISV] Porter failed — skipping
2026-05-16 02:32:05,928 INFO Progress: 66/503 | [F] Ford Motor Company (Consumer Discretionary)
2026-05-16 02:32:05,928 INFO [F] Starting pipeline...
2026-05-16 02:32:15,917 WARNING [F] Porter failed — skipping
2026-05-16 02:32:17,924 INFO Progress: 66/503 | [FTNT] Fortinet (Information Technology)
2026-05-16 02:32:17,925 INFO [FTNT] Starting pipeline...
2026-05-16 02:32:27,131 WARNING [FTNT] Porter failed — skipping
2026-05-16 02:32:29,146 INFO Progress: 66/503 | [FTV] Fortive (Industrials)
2026-05-16 02:32:29,146 INFO [FTV] Starting pipeline...
2026-05-16 02:32:38,509 WARNING [FTV] Porter failed — skipping
2026-05-16 02:32:40,517 INFO Progress: 66/503 | [FOXA] Fox Corporation (Class A) (Communication Services)
2026-05-16 02:32:40,518 INFO [FOXA] Starting pipeline...
2026-05-16 02:32:49,779 WARNING [FOXA] Porter failed — skipping
2026-05-16 02:32:51,788 INFO Progress: 66/503 | [FOX] Fox Corporation (Class B) (Communication Services)
2026-05-16 02:32:51,788 INFO [FOX] Starting pipeline...
2026-05-16 02:33:01,572 WARNING [FOX] Porter failed — skipping
2026-05-16 02:33:03,585 INFO Progress: 66/503 | [BEN] Franklin Resources (Financials)
2026-05-16 02:33:03,586 INFO [BEN] Starting pipeline...
2026-05-16 02:33:13,416 WARNING [BEN] Porter failed — skipping
2026-05-16 02:33:15,424 INFO Progress: 66/503 | [FCX] Freeport-McMoRan (Materials)
2026-05-16 02:33:15,424 INFO [FCX] Starting pipeline...
2026-05-16 02:33:25,269 WARNING [FCX] Porter failed — skipping
2026-05-16 02:33:27,281 INFO Progress: 66/503 | [GRMN] Garmin (Consumer Discretionary)
2026-05-16 02:33:27,281 INFO [GRMN] Starting pipeline...
2026-05-16 02:33:36,951 WARNING [GRMN] Porter failed — skipping
2026-05-16 02:33:38,966 INFO Progress: 66/503 | [IT] Gartner (Information Technology)
2026-05-16 02:33:38,966 INFO [IT] Starting pipeline...
2026-05-16 02:33:48,327 WARNING [IT] Porter failed — skipping
2026-05-16 02:33:50,333 INFO Progress: 66/503 | [GE] GE Aerospace (Industrials)
2026-05-16 02:33:50,334 INFO [GE] Starting pipeline...
2026-05-16 02:33:59,740 WARNING [GE] Porter failed — skipping
2026-05-16 02:34:01,752 INFO Progress: 66/503 | [GEHC] GE HealthCare (Health Care)
2026-05-16 02:34:01,752 INFO [GEHC] Starting pipeline...
2026-05-16 02:34:11,304 WARNING [GEHC] Porter failed — skipping
2026-05-16 02:34:13,311 INFO Progress: 66/503 | [GEV] GE Vernova (Industrials)
2026-05-16 02:34:13,311 INFO [GEV] Starting pipeline...
2026-05-16 02:34:22,802 WARNING [GEV] Porter failed — skipping
2026-05-16 02:34:24,805 INFO Progress: 66/503 | [GEN] Gen Digital (Information Technology)
2026-05-16 02:34:24,806 INFO [GEN] Starting pipeline...
2026-05-16 02:34:34,373 WARNING [GEN] Porter failed — skipping
2026-05-16 02:34:36,382 INFO Progress: 66/503 | [GNRC] Generac (Industrials)
2026-05-16 02:34:36,383 INFO [GNRC] Starting pipeline...
2026-05-16 02:34:45,918 WARNING [GNRC] Porter failed — skipping
2026-05-16 02:34:47,928 INFO Progress: 66/503 | [GD] General Dynamics (Industrials)
2026-05-16 02:34:47,929 INFO [GD] Starting pipeline...
2026-05-16 02:34:57,689 WARNING [GD] Porter failed — skipping
2026-05-16 02:34:59,697 INFO Progress: 66/503 | [GIS] General Mills (Consumer Staples)
2026-05-16 02:34:59,698 INFO [GIS] Starting pipeline...
2026-05-16 02:35:10,527 WARNING [GIS] Porter failed — skipping
2026-05-16 02:35:12,537 INFO Progress: 66/503 | [GM] General Motors (Consumer Discretionary)
2026-05-16 02:35:12,537 INFO [GM] Starting pipeline...
2026-05-16 02:35:21,843 WARNING [GM] Porter failed — skipping
2026-05-16 02:35:23,849 INFO Progress: 66/503 | [GPC] Genuine Parts Company (Consumer Discretionary)
2026-05-16 02:35:23,850 INFO [GPC] Starting pipeline...
2026-05-16 02:35:33,593 WARNING [GPC] Porter failed — skipping
2026-05-16 02:35:35,602 INFO Progress: 66/503 | [GILD] Gilead Sciences (Health Care)
2026-05-16 02:35:35,603 INFO [GILD] Starting pipeline...
2026-05-16 02:35:45,144 WARNING [GILD] Porter failed — skipping
2026-05-16 02:35:47,156 INFO Progress: 66/503 | [GPN] Global Payments (Financials)
2026-05-16 02:35:47,156 INFO [GPN] Starting pipeline...
2026-05-16 02:35:56,457 WARNING [GPN] Porter failed — skipping
2026-05-16 02:35:58,461 INFO Progress: 66/503 | [GL] Globe Life (Financials)
2026-05-16 02:35:58,462 INFO [GL] Starting pipeline...
2026-05-16 02:36:08,191 WARNING [GL] Porter failed — skipping
2026-05-16 02:36:10,205 INFO Progress: 66/503 | [GDDY] GoDaddy (Information Technology)
2026-05-16 02:36:10,205 INFO [GDDY] Starting pipeline...
2026-05-16 02:36:19,548 WARNING [GDDY] Porter failed — skipping
2026-05-16 02:36:21,561 INFO Progress: 66/503 | [GS] Goldman Sachs (Financials)
2026-05-16 02:36:21,562 INFO [GS] Starting pipeline...
2026-05-16 02:36:31,310 WARNING [GS] Porter failed — skipping
2026-05-16 02:36:33,321 INFO Progress: 66/503 | [HAL] Halliburton (Energy)
2026-05-16 02:36:33,322 INFO [HAL] Starting pipeline...
2026-05-16 02:36:43,059 WARNING [HAL] Porter failed — skipping
2026-05-16 02:36:45,072 INFO Progress: 66/503 | [HIG] Hartford (The) (Financials)
2026-05-16 02:36:45,073 INFO [HIG] Starting pipeline...
2026-05-16 02:36:55,151 WARNING [HIG] Porter failed — skipping
2026-05-16 02:36:57,156 INFO Progress: 66/503 | [HAS] Hasbro (Consumer Discretionary)
2026-05-16 02:36:57,156 INFO [HAS] Starting pipeline...
2026-05-16 02:37:07,613 WARNING [HAS] Porter failed — skipping
2026-05-16 02:37:09,625 INFO Progress: 66/503 | [HCA] HCA Healthcare (Health Care)
2026-05-16 02:37:09,625 INFO [HCA] Starting pipeline...
2026-05-16 02:37:19,491 WARNING [HCA] Porter failed — skipping
2026-05-16 02:37:21,497 INFO Progress: 66/503 | [DOC] Healthpeak Properties (Real Estate)
2026-05-16 02:37:21,498 INFO [DOC] Starting pipeline...
2026-05-16 02:37:33,115 WARNING [DOC] Porter failed — skipping
2026-05-16 02:37:35,123 INFO Progress: 66/503 | [HSIC] Henry Schein (Health Care)
2026-05-16 02:37:35,124 INFO [HSIC] Starting pipeline...
2026-05-16 02:37:44,973 WARNING [HSIC] Porter failed — skipping
2026-05-16 02:37:46,985 INFO Progress: 66/503 | [HSY] Hershey Company (The) (Consumer Staples)
2026-05-16 02:37:46,985 INFO [HSY] Starting pipeline...
2026-05-16 02:37:56,722 WARNING [HSY] Porter failed — skipping
2026-05-16 02:37:58,735 INFO Progress: 66/503 | [HPE] Hewlett Packard Enterprise (Information Technology)
2026-05-16 02:37:58,736 INFO [HPE] Starting pipeline...
2026-05-16 02:38:09,102 WARNING [HPE] Porter failed — skipping
2026-05-16 02:38:11,118 INFO Progress: 66/503 | [HLT] Hilton Worldwide (Consumer Discretionary)
2026-05-16 02:38:11,118 INFO [HLT] Starting pipeline...
2026-05-16 02:38:21,522 WARNING [HLT] Porter failed — skipping
2026-05-16 02:38:23,534 INFO Progress: 66/503 | [HD] Home Depot (The) (Consumer Discretionary)
2026-05-16 02:38:23,534 INFO [HD] Starting pipeline...
2026-05-16 02:38:34,958 WARNING [HD] Porter failed — skipping
2026-05-16 02:38:36,967 INFO Progress: 66/503 | [HON] Honeywell (Industrials)
2026-05-16 02:38:36,968 INFO [HON] Starting pipeline...
2026-05-16 02:38:46,564 WARNING [HON] Porter failed — skipping
2026-05-16 02:38:48,571 INFO Progress: 66/503 | [HRL] Hormel Foods (Consumer Staples)
2026-05-16 02:38:48,571 INFO [HRL] Starting pipeline...
2026-05-16 02:38:58,073 WARNING [HRL] Porter failed — skipping
2026-05-16 02:39:00,084 INFO Progress: 66/503 | [HST] Host Hotels & Resorts (Real Estate)
2026-05-16 02:39:00,084 INFO [HST] Starting pipeline...
2026-05-16 02:39:09,639 WARNING [HST] Porter failed — skipping
2026-05-16 02:39:11,649 INFO Progress: 66/503 | [HWM] Howmet Aerospace (Industrials)
2026-05-16 02:39:11,649 INFO [HWM] Starting pipeline...
2026-05-16 02:39:21,051 WARNING [HWM] Porter failed — skipping
2026-05-16 02:39:23,062 INFO Progress: 66/503 | [HPQ] HP Inc. (Information Technology)
2026-05-16 02:39:23,063 INFO [HPQ] Starting pipeline...
2026-05-16 02:39:33,904 WARNING [HPQ] Porter failed — skipping
2026-05-16 02:39:35,917 INFO Progress: 66/503 | [HUBB] Hubbell Incorporated (Industrials)
2026-05-16 02:39:35,918 INFO [HUBB] Starting pipeline...
2026-05-16 02:39:45,452 WARNING [HUBB] Porter failed — skipping
2026-05-16 02:39:47,457 INFO Progress: 66/503 | [HUM] Humana (Health Care)
2026-05-16 02:39:47,458 INFO [HUM] Starting pipeline...
2026-05-16 02:39:56,835 WARNING [HUM] Porter failed — skipping
2026-05-16 02:39:58,843 INFO Progress: 66/503 | [HBAN] Huntington Bancshares (Financials)
2026-05-16 02:39:58,843 INFO [HBAN] Starting pipeline...
2026-05-16 02:40:08,385 WARNING [HBAN] Porter failed — skipping
2026-05-16 02:40:10,390 INFO Progress: 66/503 | [HII] Huntington Ingalls Industries (Industrials)
2026-05-16 02:40:10,390 INFO [HII] Starting pipeline...
2026-05-16 02:40:19,666 WARNING [HII] Porter failed — skipping
2026-05-16 02:40:21,679 INFO Progress: 66/503 | [IBM] IBM (Information Technology)
2026-05-16 02:40:21,679 INFO [IBM] Starting pipeline...
2026-05-16 02:40:30,612 WARNING [IBM] Porter failed — skipping
2026-05-16 02:40:32,619 INFO Progress: 66/503 | [IEX] IDEX Corporation (Industrials)
2026-05-16 02:40:32,619 INFO [IEX] Starting pipeline...
2026-05-16 02:40:41,965 WARNING [IEX] Porter failed — skipping
2026-05-16 02:40:43,980 INFO Progress: 66/503 | [IDXX] Idexx Laboratories (Health Care)
2026-05-16 02:40:43,981 INFO [IDXX] Starting pipeline...
2026-05-16 02:40:53,685 WARNING [IDXX] Porter failed — skipping
2026-05-16 02:40:55,697 INFO Progress: 66/503 | [ITW] Illinois Tool Works (Industrials)
2026-05-16 02:40:55,697 INFO [ITW] Starting pipeline...
2026-05-16 02:41:05,056 WARNING [ITW] Porter failed — skipping
2026-05-16 02:41:07,070 INFO Progress: 66/503 | [INCY] Incyte (Health Care)
2026-05-16 02:41:07,071 INFO [INCY] Starting pipeline...
2026-05-16 02:41:16,225 WARNING [INCY] Porter failed — skipping
2026-05-16 02:41:18,230 INFO Progress: 66/503 | [IR] Ingersoll Rand (Industrials)
2026-05-16 02:41:18,231 INFO [IR] Starting pipeline...
2026-05-16 02:41:27,563 WARNING [IR] Porter failed — skipping
2026-05-16 02:41:29,573 INFO Progress: 66/503 | [PODD] Insulet Corporation (Health Care)
2026-05-16 02:41:29,574 INFO [PODD] Starting pipeline...
2026-05-16 02:41:39,058 WARNING [PODD] Porter failed — skipping
2026-05-16 02:41:41,064 INFO Progress: 66/503 | [INTC] Intel (Information Technology)
2026-05-16 02:41:41,064 INFO [INTC] Starting pipeline...
2026-05-16 02:41:50,551 WARNING [INTC] Porter failed — skipping
2026-05-16 02:41:52,563 INFO Progress: 66/503 | [IBKR] Interactive Brokers (Financials)
2026-05-16 02:41:52,564 INFO [IBKR] Starting pipeline...
2026-05-16 02:42:02,215 WARNING [IBKR] Porter failed — skipping
2026-05-16 02:42:04,224 INFO Progress: 66/503 | [ICE] Intercontinental Exchange (Financials)
2026-05-16 02:42:04,224 INFO [ICE] Starting pipeline...
2026-05-16 02:42:13,802 WARNING [ICE] Porter failed — skipping
2026-05-16 02:42:15,811 INFO Progress: 66/503 | [IFF] International Flavors & Fragrances (Materials)
2026-05-16 02:42:15,812 INFO [IFF] Starting pipeline...
2026-05-16 02:42:25,332 WARNING [IFF] Porter failed — skipping
2026-05-16 02:42:27,344 INFO Progress: 66/503 | [IP] International Paper (Materials)
2026-05-16 02:42:27,345 INFO [IP] Starting pipeline...
2026-05-16 02:42:36,784 WARNING [IP] Porter failed — skipping
2026-05-16 02:42:38,797 INFO Progress: 66/503 | [INTU] Intuit (Information Technology)
2026-05-16 02:42:38,797 INFO [INTU] Starting pipeline...
2026-05-16 02:42:48,710 WARNING [INTU] Porter failed — skipping
2026-05-16 02:42:50,720 INFO Progress: 66/503 | [ISRG] Intuitive Surgical (Health Care)
2026-05-16 02:42:50,721 INFO [ISRG] Starting pipeline...
2026-05-16 02:43:00,583 WARNING [ISRG] Porter failed — skipping
2026-05-16 02:43:02,596 INFO Progress: 66/503 | [IVZ] Invesco (Financials)
2026-05-16 02:43:02,596 INFO [IVZ] Starting pipeline...
2026-05-16 02:43:12,563 WARNING [IVZ] Porter failed — skipping
2026-05-16 02:43:14,570 INFO Progress: 66/503 | [INVH] Invitation Homes (Real Estate)
2026-05-16 02:43:14,571 INFO [INVH] Starting pipeline...
2026-05-16 02:43:24,048 WARNING [INVH] Porter failed — skipping
2026-05-16 02:43:26,058 INFO Progress: 66/503 | [IQV] IQVIA (Health Care)
2026-05-16 02:43:26,059 INFO [IQV] Starting pipeline...
2026-05-16 02:43:35,451 WARNING [IQV] Porter failed — skipping
2026-05-16 02:43:37,458 INFO Progress: 66/503 | [IRM] Iron Mountain (Real Estate)
2026-05-16 02:43:37,458 INFO [IRM] Starting pipeline...
2026-05-16 02:43:47,071 WARNING [IRM] Porter failed — skipping
2026-05-16 02:43:49,080 INFO Progress: 66/503 | [JBHT] J.B. Hunt (Industrials)
2026-05-16 02:43:49,080 INFO [JBHT] Starting pipeline...
2026-05-16 02:43:58,240 WARNING [JBHT] Porter failed — skipping
2026-05-16 02:44:00,253 INFO Progress: 66/503 | [JBL] Jabil (Information Technology)
2026-05-16 02:44:00,253 INFO [JBL] Starting pipeline...
2026-05-16 02:44:09,498 WARNING [JBL] Porter failed — skipping
2026-05-16 02:44:11,511 INFO Progress: 66/503 | [JKHY] Jack Henry & Associates (Financials)
2026-05-16 02:44:11,512 INFO [JKHY] Starting pipeline...
2026-05-16 02:44:22,673 WARNING [JKHY] Porter failed — skipping
2026-05-16 02:44:24,685 INFO Progress: 66/503 | [J] Jacobs Solutions (Industrials)
2026-05-16 02:44:24,686 INFO [J] Starting pipeline...
2026-05-16 02:44:34,494 WARNING [J] Porter failed — skipping
2026-05-16 02:44:36,501 INFO Progress: 66/503 | [JNJ] Johnson & Johnson (Health Care)
2026-05-16 02:44:36,502 INFO [JNJ] Starting pipeline...
2026-05-16 02:44:45,840 WARNING [JNJ] Porter failed — skipping
2026-05-16 02:44:47,851 INFO Progress: 66/503 | [JCI] Johnson Controls (Industrials)
2026-05-16 02:44:47,851 INFO [JCI] Starting pipeline...
2026-05-16 02:44:58,560 WARNING [JCI] Porter failed — skipping
2026-05-16 02:45:00,573 INFO Progress: 66/503 | [JPM] JPMorgan Chase (Financials)
2026-05-16 02:45:00,573 INFO [JPM] Starting pipeline...
2026-05-16 02:45:10,969 WARNING [JPM] Porter failed — skipping
2026-05-16 02:45:12,977 INFO Progress: 66/503 | [KVUE] Kenvue (Consumer Staples)
2026-05-16 02:45:12,978 INFO [KVUE] Starting pipeline...
2026-05-16 02:45:22,393 WARNING [KVUE] Porter failed — skipping
2026-05-16 02:45:24,400 INFO Progress: 66/503 | [KDP] Keurig Dr Pepper (Consumer Staples)
2026-05-16 02:45:24,400 INFO [KDP] Starting pipeline...
2026-05-16 02:45:34,456 WARNING [KDP] Porter failed — skipping
2026-05-16 02:45:36,461 INFO Progress: 66/503 | [KEY] KeyCorp (Financials)
2026-05-16 02:45:36,462 INFO [KEY] Starting pipeline...
2026-05-16 02:45:46,256 WARNING [KEY] Porter failed — skipping
2026-05-16 02:45:48,266 INFO Progress: 66/503 | [KEYS] Keysight Technologies (Information Technology)
2026-05-16 02:45:48,266 INFO [KEYS] Starting pipeline...
2026-05-16 02:45:57,528 WARNING [KEYS] Porter failed — skipping
2026-05-16 02:45:59,537 INFO Progress: 66/503 | [KMB] Kimberly-Clark (Consumer Staples)
2026-05-16 02:45:59,537 INFO [KMB] Starting pipeline...
2026-05-16 02:46:09,091 WARNING [KMB] Porter failed — skipping
2026-05-16 02:46:11,096 INFO Progress: 66/503 | [KIM] Kimco Realty (Real Estate)
2026-05-16 02:46:11,096 INFO [KIM] Starting pipeline...
2026-05-16 02:46:21,707 WARNING [KIM] Porter failed — skipping
2026-05-16 02:46:23,715 INFO Progress: 66/503 | [KMI] Kinder Morgan (Energy)
2026-05-16 02:46:23,715 INFO [KMI] Starting pipeline...
2026-05-16 02:46:33,246 WARNING [KMI] Porter failed — skipping
2026-05-16 02:46:35,252 INFO Progress: 66/503 | [KKR] KKR & Co. (Financials)
2026-05-16 02:46:35,252 INFO [KKR] Starting pipeline...
2026-05-16 02:46:45,671 WARNING [KKR] Porter failed — skipping
2026-05-16 02:46:47,679 INFO Progress: 66/503 | [KLAC] KLA Corporation (Information Technology)
2026-05-16 02:46:47,679 INFO [KLAC] Starting pipeline...
