2026-05-16 00:43:34,194 INFO Pipeline starting: 50 companies | dry_run=False | resume=True
2026-05-16 00:43:34,194 INFO [MMM] Already completed, skipping
2026-05-16 00:43:34,194 INFO Progress: 10/50 | [AOS] A. O. Smith (Industrials)
2026-05-16 00:43:34,311 INFO [AOS] Starting pipeline...
2026-05-16 00:44:42,362 INFO [AOS] ✓ Pipeline complete
2026-05-16 00:44:44,370 INFO [ABT] Already completed, skipping
2026-05-16 00:44:44,370 INFO Progress: 11/50 | [ABBV] AbbVie (Health Care)
2026-05-16 00:44:44,371 INFO [ABBV] Starting pipeline...
2026-05-16 00:46:01,443 INFO [ABBV] ✓ Pipeline complete
2026-05-16 00:46:03,447 INFO [ACN] Already completed, skipping
2026-05-16 00:46:03,447 INFO Progress: 12/50 | [ADBE] Adobe Inc. (Information Technology)
2026-05-16 00:46:03,447 INFO [ADBE] Starting pipeline...
2026-05-16 00:47:28,918 WARNING [ADBE] Investment analysis failed — continuing anyway
2026-05-16 00:47:29,920 INFO [ADBE] ✓ Pipeline complete
2026-05-16 00:47:31,928 INFO Progress: 13/50 | [AMD] Advanced Micro Devices (Information Technology)
2026-05-16 00:47:31,928 INFO [AMD] Starting pipeline...
2026-05-16 00:49:05,816 INFO [AMD] ✓ Pipeline complete
2026-05-16 00:49:07,821 INFO [AES] Already completed, skipping
2026-05-16 00:49:07,821 INFO [AFL] Already completed, skipping
2026-05-16 00:49:07,822 INFO Progress: 14/50 | [A] Agilent Technologies (Health Care)
2026-05-16 00:49:07,822 INFO [A] Starting pipeline...
2026-05-16 00:50:27,749 INFO [A] ✓ Pipeline complete
2026-05-16 00:50:29,755 INFO [APD] Already completed, skipping
2026-05-16 00:50:29,756 INFO [ABNB] Already completed, skipping
2026-05-16 00:50:29,756 INFO Progress: 15/50 | [AKAM] Akamai Technologies (Information Technology)
2026-05-16 00:50:29,756 INFO [AKAM] Starting pipeline...
2026-05-16 00:52:00,478 INFO [AKAM] ✓ Pipeline complete
2026-05-16 00:52:02,485 INFO Progress: 16/50 | [ALB] Albemarle Corporation (Materials)
2026-05-16 00:52:02,485 INFO [ALB] Starting pipeline...
2026-05-16 00:53:24,848 INFO [ALB] ✓ Pipeline complete
2026-05-16 00:53:26,856 INFO [ARE] Already completed, skipping
2026-05-16 00:53:26,856 INFO Progress: 17/50 | [ALGN] Align Technology (Health Care)
2026-05-16 00:53:26,856 INFO [ALGN] Starting pipeline...
2026-05-16 00:54:47,077 INFO [ALGN] ✓ Pipeline complete
2026-05-16 00:54:49,080 INFO Progress: 18/50 | [ALLE] Allegion (Industrials)
2026-05-16 00:54:49,080 INFO [ALLE] Starting pipeline...
2026-05-16 00:56:05,794 INFO [ALLE] ✓ Pipeline complete
2026-05-16 00:56:07,801 INFO Progress: 19/50 | [LNT] Alliant Energy (Utilities)
2026-05-16 00:56:07,801 INFO [LNT] Starting pipeline...
2026-05-16 00:57:28,087 INFO [LNT] ✓ Pipeline complete
2026-05-16 00:57:30,091 INFO Progress: 20/50 | [ALL] Allstate (Financials)
2026-05-16 00:57:30,091 INFO [ALL] Starting pipeline...
2026-05-16 00:58:56,423 INFO [ALL] ✓ Pipeline complete
2026-05-16 00:58:58,429 INFO Progress: 21/50 | [GOOGL] Alphabet Inc. (Class A) (Communication Services)
2026-05-16 00:58:58,429 INFO [GOOGL] Starting pipeline...
2026-05-16 00:58:58,429 INFO [GOOGL] 10-K already downloaded
2026-05-16 00:58:58,429 INFO [GOOGL] Extraction already done
2026-05-16 00:58:58,429 INFO [GOOGL] Porter already done
2026-05-16 00:58:58,429 INFO [GOOGL] Financials already done
2026-05-16 00:58:58,429 INFO [GOOGL] Investment already done
2026-05-16 00:58:58,429 INFO [GOOGL] ✓ Pipeline complete
2026-05-16 00:59:00,435 INFO Progress: 22/50 | [GOOG] Alphabet Inc. (Class C) (Communication Services)
2026-05-16 00:59:00,435 INFO [GOOG] Starting pipeline...
2026-05-16 01:00:19,932 INFO [GOOG] ✓ Pipeline complete
2026-05-16 01:00:21,935 INFO [MO] Already completed, skipping
2026-05-16 01:00:21,936 INFO Progress: 23/50 | [AMZN] Amazon (Consumer Discretionary)
2026-05-16 01:00:21,936 INFO [AMZN] Starting pipeline...
2026-05-16 01:01:47,538 INFO [AMZN] ✓ Pipeline complete
2026-05-16 01:01:49,544 INFO Progress: 24/50 | [AMCR] Amcor (Materials)
2026-05-16 01:01:49,544 INFO [AMCR] Starting pipeline...
2026-05-16 01:03:11,282 INFO [AMCR] ✓ Pipeline complete
2026-05-16 01:03:13,289 INFO Progress: 25/50 | [AEE] Ameren (Utilities)
2026-05-16 01:03:13,290 INFO [AEE] Starting pipeline...
2026-05-16 01:04:36,586 INFO [AEE] ✓ Pipeline complete
2026-05-16 01:04:38,595 INFO Progress: 26/50 | [AEP] American Electric Power (Utilities)
2026-05-16 01:04:38,595 INFO [AEP] Starting pipeline...
2026-05-16 01:06:02,971 INFO [AEP] ✓ Pipeline complete
2026-05-16 01:06:04,974 INFO Progress: 27/50 | [AXP] American Express (Financials)
2026-05-16 01:06:04,974 INFO [AXP] Starting pipeline...
2026-05-16 01:07:27,263 INFO [AXP] ✓ Pipeline complete
2026-05-16 01:07:29,269 INFO Progress: 28/50 | [AIG] American International Group (Financials)
2026-05-16 01:07:29,270 INFO [AIG] Starting pipeline...
2026-05-16 01:08:48,903 INFO [AIG] ✓ Pipeline complete
2026-05-16 01:08:50,907 INFO Progress: 29/50 | [AMT] American Tower (Real Estate)
2026-05-16 01:08:50,907 INFO [AMT] Starting pipeline...
2026-05-16 01:10:13,133 INFO [AMT] ✓ Pipeline complete
2026-05-16 01:10:15,140 INFO Progress: 30/50 | [AWK] American Water Works (Utilities)
2026-05-16 01:10:15,141 INFO [AWK] Starting pipeline...
2026-05-16 01:11:34,289 INFO [AWK] ✓ Pipeline complete
2026-05-16 01:11:36,297 INFO Progress: 31/50 | [AMP] Ameriprise Financial (Financials)
2026-05-16 01:11:36,297 INFO [AMP] Starting pipeline...
2026-05-16 01:12:58,076 INFO [AMP] ✓ Pipeline complete
2026-05-16 01:13:00,083 INFO Progress: 32/50 | [AME] Ametek (Industrials)
2026-05-16 01:13:00,084 INFO [AME] Starting pipeline...
2026-05-16 01:14:21,787 INFO [AME] ✓ Pipeline complete
2026-05-16 01:14:23,796 INFO Progress: 33/50 | [AMGN] Amgen (Health Care)
2026-05-16 01:14:23,797 INFO [AMGN] Starting pipeline...
2026-05-16 01:15:50,384 INFO [AMGN] ✓ Pipeline complete
2026-05-16 01:15:52,387 INFO Progress: 34/50 | [APH] Amphenol (Information Technology)
2026-05-16 01:15:52,387 INFO [APH] Starting pipeline...
2026-05-16 01:17:21,087 INFO [APH] ✓ Pipeline complete
2026-05-16 01:17:23,091 INFO Progress: 35/50 | [ADI] Analog Devices (Information Technology)
2026-05-16 01:17:23,092 INFO [ADI] Starting pipeline...
2026-05-16 01:18:45,424 INFO [ADI] ✓ Pipeline complete
2026-05-16 01:18:47,429 INFO Progress: 36/50 | [AON] Aon plc (Financials)
2026-05-16 01:18:47,429 INFO [AON] Starting pipeline...
2026-05-16 01:20:04,125 INFO [AON] ✓ Pipeline complete
2026-05-16 01:20:06,133 INFO [APA] Already completed, skipping
2026-05-16 01:20:06,134 INFO Progress: 37/50 | [APO] Apollo Global Management (Financials)
2026-05-16 01:20:06,134 INFO [APO] Starting pipeline...
2026-05-16 01:21:35,606 INFO [APO] ✓ Pipeline complete
2026-05-16 01:21:37,609 INFO Progress: 38/50 | [AAPL] Apple Inc. (Information Technology)
2026-05-16 01:21:37,609 INFO [AAPL] Starting pipeline...
2026-05-16 01:21:37,611 INFO [AAPL] 10-K already downloaded
2026-05-16 01:21:37,611 INFO [AAPL] Extraction already done
2026-05-16 01:21:37,611 INFO [AAPL] Porter already done
2026-05-16 01:21:37,611 INFO [AAPL] Financials already done
2026-05-16 01:21:37,611 INFO [AAPL] Investment already done
2026-05-16 01:21:37,611 INFO [AAPL] ✓ Pipeline complete
2026-05-16 01:21:39,618 INFO Progress: 39/50 | [AMAT] Applied Materials (Information Technology)
2026-05-16 01:21:39,619 INFO [AMAT] Starting pipeline...
2026-05-16 01:22:57,644 INFO [AMAT] ✓ Pipeline complete
2026-05-16 01:22:59,654 INFO Progress: 40/50 | [APP] AppLovin (Information Technology)
2026-05-16 01:22:59,655 INFO [APP] Starting pipeline...
2026-05-16 01:24:26,409 INFO [APP] ✓ Pipeline complete
2026-05-16 01:24:28,416 INFO Progress: 41/50 | [APTV] Aptiv (Consumer Discretionary)
2026-05-16 01:24:28,416 INFO [APTV] Starting pipeline...
2026-05-16 01:25:56,506 INFO [APTV] ✓ Pipeline complete
2026-05-16 01:25:58,512 INFO Progress: 42/50 | [ACGL] Arch Capital Group (Financials)
2026-05-16 01:25:58,512 INFO [ACGL] Starting pipeline...
2026-05-16 01:27:12,127 INFO [ACGL] ✓ Pipeline complete
2026-05-16 01:27:14,133 INFO Progress: 43/50 | [ADM] Archer Daniels Midland (Consumer Staples)
2026-05-16 01:27:14,134 INFO [ADM] Starting pipeline...
2026-05-16 01:28:29,034 INFO [ADM] ✓ Pipeline complete
2026-05-16 01:28:31,044 INFO Progress: 44/50 | [ARES] Ares Management (Financials)
2026-05-16 01:28:31,044 INFO [ARES] Starting pipeline...
2026-05-16 01:30:02,066 INFO [ARES] ✓ Pipeline complete
2026-05-16 01:30:04,073 INFO Progress: 45/50 | [ANET] Arista Networks (Information Technology)
2026-05-16 01:30:04,074 INFO [ANET] Starting pipeline...
2026-05-16 01:31:31,258 INFO [ANET] ✓ Pipeline complete
2026-05-16 01:31:33,267 INFO Progress: 46/50 | [AJG] Arthur J. Gallagher & Co. (Financials)
2026-05-16 01:31:33,267 INFO [AJG] Starting pipeline...
2026-05-16 01:32:56,181 INFO [AJG] ✓ Pipeline complete
2026-05-16 01:32:58,194 INFO Progress: 47/50 | [AIZ] Assurant (Financials)
2026-05-16 01:32:58,195 INFO [AIZ] Starting pipeline...
2026-05-16 01:34:15,033 INFO [AIZ] ✓ Pipeline complete
2026-05-16 01:34:17,043 INFO Progress: 48/50 | [T] AT&T (Communication Services)
2026-05-16 01:34:17,043 INFO [T] Starting pipeline...
2026-05-16 01:35:36,767 INFO [T] ✓ Pipeline complete
2026-05-16 01:35:38,775 INFO Progress: 49/50 | [ATO] Atmos Energy (Utilities)
2026-05-16 01:35:38,775 INFO [ATO] Starting pipeline...
2026-05-16 01:37:03,654 INFO [ATO] ✓ Pipeline complete
2026-05-16 01:37:05,659 INFO 
==================================================
2026-05-16 01:37:05,660 INFO Pipeline complete!
2026-05-16 01:37:05,660 INFO   Completed: 50
2026-05-16 01:37:05,660 INFO   Failed:    0
2026-05-16 01:37:05,660 INFO   Skipped:   0
2026-05-16 01:37:05,677 WARNING Dashboard generation failed: Expecting property name enclosed in double quotes: line 27 column 37 (char 1199)
