2026-05-15 20:19:03,649 INFO Pipeline starting: 11 companies | dry_run=True | resume=False
2026-05-15 20:19:03,649 INFO Progress: 0/11 | [GOOGL] Alphabet Inc. (Communication Services)
2026-05-15 20:19:03,746 INFO [GOOGL] Starting pipeline...
2026-05-15 20:19:03,746 INFO [GOOGL] 10-K already downloaded
2026-05-15 20:19:03,746 INFO [GOOGL] Extraction already done
2026-05-15 20:19:03,746 INFO [GOOGL] Porter analysis already done
2026-05-15 20:19:03,746 INFO [GOOGL] Financials already done
2026-05-15 20:19:03,746 INFO [GOOGL] Investment analysis already done
2026-05-15 20:19:03,746 INFO [GOOGL] ✓ Pipeline complete
2026-05-15 20:19:03,746 INFO Progress: 1/11 | [ABNB] Airbnb (Consumer Discretionary)
2026-05-15 20:19:03,746 INFO [ABNB] Starting pipeline...
2026-05-15 20:19:03,746 INFO [ABNB] DRY RUN: would download 10-K
2026-05-15 20:19:03,746 INFO [ABNB] DRY RUN: would extract sections
2026-05-15 20:19:03,746 INFO [ABNB] DRY RUN: would run Porter analysis
2026-05-15 20:19:03,746 INFO [ABNB] DRY RUN: would fetch financials
2026-05-15 20:19:03,746 INFO [ABNB] DRY RUN: would run investment analysis
2026-05-15 20:19:03,746 INFO [ABNB] ✓ Pipeline complete
2026-05-15 20:19:03,747 INFO Progress: 2/11 | [MO] Altria Group (Consumer Staples)
2026-05-15 20:19:03,747 INFO [MO] Starting pipeline...
2026-05-15 20:19:03,747 INFO [MO] DRY RUN: would download 10-K
2026-05-15 20:19:03,747 INFO [MO] DRY RUN: would extract sections
2026-05-15 20:19:03,747 INFO [MO] DRY RUN: would run Porter analysis
2026-05-15 20:19:03,747 INFO [MO] DRY RUN: would fetch financials
2026-05-15 20:19:03,747 INFO [MO] DRY RUN: would run investment analysis
2026-05-15 20:19:03,747 INFO [MO] ✓ Pipeline complete
2026-05-15 20:19:03,747 INFO Progress: 3/11 | [APA] APA Corporation (Energy)
2026-05-15 20:19:03,747 INFO [APA] Starting pipeline...
2026-05-15 20:19:03,747 INFO [APA] DRY RUN: would download 10-K
2026-05-15 20:19:03,747 INFO [APA] DRY RUN: would extract sections
2026-05-15 20:19:03,747 INFO [APA] DRY RUN: would run Porter analysis
2026-05-15 20:19:03,747 INFO [APA] DRY RUN: would fetch financials
2026-05-15 20:19:03,747 INFO [APA] DRY RUN: would run investment analysis
2026-05-15 20:19:03,747 INFO [APA] ✓ Pipeline complete
2026-05-15 20:19:03,747 INFO Progress: 4/11 | [AFL] Aflac (Financials)
2026-05-15 20:19:03,747 INFO [AFL] Starting pipeline...
2026-05-15 20:19:03,747 INFO [AFL] DRY RUN: would download 10-K
2026-05-15 20:19:03,747 INFO [AFL] DRY RUN: would extract sections
2026-05-15 20:19:03,747 INFO [AFL] DRY RUN: would run Porter analysis
2026-05-15 20:19:03,747 INFO [AFL] DRY RUN: would fetch financials
2026-05-15 20:19:03,747 INFO [AFL] DRY RUN: would run investment analysis
2026-05-15 20:19:03,747 INFO [AFL] ✓ Pipeline complete
2026-05-15 20:19:03,747 INFO Progress: 5/11 | [ABT] Abbott Laboratories (Health Care)
2026-05-15 20:19:03,747 INFO [ABT] Starting pipeline...
2026-05-15 20:19:03,747 INFO [ABT] DRY RUN: would download 10-K
2026-05-15 20:19:03,747 INFO [ABT] DRY RUN: would extract sections
2026-05-15 20:19:03,747 INFO [ABT] DRY RUN: would run Porter analysis
2026-05-15 20:19:03,747 INFO [ABT] DRY RUN: would fetch financials
2026-05-15 20:19:03,747 INFO [ABT] DRY RUN: would run investment analysis
2026-05-15 20:19:03,747 INFO [ABT] ✓ Pipeline complete
2026-05-15 20:19:03,747 INFO Progress: 6/11 | [MMM] 3M (Industrials)
2026-05-15 20:19:03,747 INFO [MMM] Starting pipeline...
2026-05-15 20:19:03,747 INFO [MMM] DRY RUN: would download 10-K
2026-05-15 20:19:03,747 INFO [MMM] DRY RUN: would extract sections
2026-05-15 20:19:03,747 INFO [MMM] DRY RUN: would run Porter analysis
2026-05-15 20:19:03,747 INFO [MMM] DRY RUN: would fetch financials
2026-05-15 20:19:03,747 INFO [MMM] DRY RUN: would run investment analysis
2026-05-15 20:19:03,747 INFO [MMM] ✓ Pipeline complete
2026-05-15 20:19:03,748 INFO Progress: 7/11 | [ACN] Accenture (Information Technology)
2026-05-15 20:19:03,748 INFO [ACN] Starting pipeline...
2026-05-15 20:19:03,748 INFO [ACN] DRY RUN: would download 10-K
2026-05-15 20:19:03,748 INFO [ACN] DRY RUN: would extract sections
2026-05-15 20:19:03,748 INFO [ACN] DRY RUN: would run Porter analysis
2026-05-15 20:19:03,748 INFO [ACN] DRY RUN: would fetch financials
2026-05-15 20:19:03,748 INFO [ACN] DRY RUN: would run investment analysis
2026-05-15 20:19:03,748 INFO [ACN] ✓ Pipeline complete
2026-05-15 20:19:03,748 INFO Progress: 8/11 | [APD] Air Products (Materials)
2026-05-15 20:19:03,748 INFO [APD] Starting pipeline...
2026-05-15 20:19:03,748 INFO [APD] DRY RUN: would download 10-K
2026-05-15 20:19:03,748 INFO [APD] DRY RUN: would extract sections
2026-05-15 20:19:03,748 INFO [APD] DRY RUN: would run Porter analysis
2026-05-15 20:19:03,748 INFO [APD] DRY RUN: would fetch financials
2026-05-15 20:19:03,748 INFO [APD] DRY RUN: would run investment analysis
2026-05-15 20:19:03,748 INFO [APD] ✓ Pipeline complete
2026-05-15 20:19:03,748 INFO Progress: 9/11 | [ARE] Alexandria Real Estate (Real Estate)
2026-05-15 20:19:03,748 INFO [ARE] Starting pipeline...
2026-05-15 20:19:03,748 INFO [ARE] DRY RUN: would download 10-K
2026-05-15 20:19:03,748 INFO [ARE] DRY RUN: would extract sections
2026-05-15 20:19:03,748 INFO [ARE] DRY RUN: would run Porter analysis
2026-05-15 20:19:03,748 INFO [ARE] DRY RUN: would fetch financials
2026-05-15 20:19:03,748 INFO [ARE] DRY RUN: would run investment analysis
2026-05-15 20:19:03,748 INFO [ARE] ✓ Pipeline complete
2026-05-15 20:19:03,748 INFO Progress: 10/11 | [AES] AES Corporation (Utilities)
2026-05-15 20:19:03,748 INFO [AES] Starting pipeline...
2026-05-15 20:19:03,748 INFO [AES] DRY RUN: would download 10-K
2026-05-15 20:19:03,748 INFO [AES] DRY RUN: would extract sections
2026-05-15 20:19:03,748 INFO [AES] DRY RUN: would run Porter analysis
2026-05-15 20:19:03,748 INFO [AES] DRY RUN: would fetch financials
2026-05-15 20:19:03,748 INFO [AES] DRY RUN: would run investment analysis
2026-05-15 20:19:03,748 INFO [AES] ✓ Pipeline complete
2026-05-15 20:19:03,748 INFO 
==================================================
2026-05-15 20:19:03,748 INFO Pipeline complete!
2026-05-15 20:19:03,748 INFO   Completed: 11
2026-05-15 20:19:03,748 INFO   Failed:    0
2026-05-15 20:19:03,748 INFO   Skipped:   0
