2026-05-16 10:54:47,428 INFO Pipeline starting: 503 companies | dry_run=False | resume=True
2026-05-16 10:54:47,428 INFO [MMM] Already completed, skipping
2026-05-16 10:54:47,429 INFO [AOS] Already completed, skipping
2026-05-16 10:54:47,429 INFO [ABT] Already completed, skipping
2026-05-16 10:54:47,429 INFO [ABBV] Already completed, skipping
2026-05-16 10:54:47,429 INFO [ACN] Already completed, skipping
2026-05-16 10:54:47,429 INFO [ADBE] Already completed, skipping
2026-05-16 10:54:47,429 INFO [AMD] Already completed, skipping
2026-05-16 10:54:47,429 INFO [AES] Already completed, skipping
2026-05-16 10:54:47,429 INFO [AFL] Already completed, skipping
2026-05-16 10:54:47,429 INFO [A] Already completed, skipping
2026-05-16 10:54:47,429 INFO [APD] Already completed, skipping
2026-05-16 10:54:47,429 INFO [ABNB] Already completed, skipping
2026-05-16 10:54:47,429 INFO [AKAM] Already completed, skipping
2026-05-16 10:54:47,429 INFO [ALB] Already completed, skipping
2026-05-16 10:54:47,429 INFO [ARE] Already completed, skipping
2026-05-16 10:54:47,429 INFO [ALGN] Already completed, skipping
2026-05-16 10:54:47,429 INFO [ALLE] Already completed, skipping
2026-05-16 10:54:47,429 INFO [LNT] Already completed, skipping
2026-05-16 10:54:47,429 INFO [ALL] Already completed, skipping
2026-05-16 10:54:47,429 INFO [GOOGL] Already completed, skipping
2026-05-16 10:54:47,429 INFO [GOOG] Already completed, skipping
2026-05-16 10:54:47,429 INFO [MO] Already completed, skipping
2026-05-16 10:54:47,429 INFO [AMZN] Already completed, skipping
2026-05-16 10:54:47,429 INFO [AMCR] Already completed, skipping
2026-05-16 10:54:47,429 INFO [AEE] Already completed, skipping
2026-05-16 10:54:47,429 INFO [AEP] Already completed, skipping
2026-05-16 10:54:47,429 INFO [AXP] Already completed, skipping
2026-05-16 10:54:47,429 INFO [AIG] Already completed, skipping
2026-05-16 10:54:47,429 INFO [AMT] Already completed, skipping
2026-05-16 10:54:47,429 INFO [AWK] Already completed, skipping
2026-05-16 10:54:47,429 INFO [AMP] Already completed, skipping
2026-05-16 10:54:47,429 INFO [AME] Already completed, skipping
2026-05-16 10:54:47,429 INFO [AMGN] Already completed, skipping
2026-05-16 10:54:47,430 INFO [APH] Already completed, skipping
2026-05-16 10:54:47,430 INFO [ADI] Already completed, skipping
2026-05-16 10:54:47,430 INFO [AON] Already completed, skipping
2026-05-16 10:54:47,430 INFO [APA] Already completed, skipping
2026-05-16 10:54:47,430 INFO [APO] Already completed, skipping
2026-05-16 10:54:47,430 INFO [AAPL] Already completed, skipping
2026-05-16 10:54:47,430 INFO [AMAT] Already completed, skipping
2026-05-16 10:54:47,430 INFO [APP] Already completed, skipping
2026-05-16 10:54:47,430 INFO [APTV] Already completed, skipping
2026-05-16 10:54:47,430 INFO [ACGL] Already completed, skipping
2026-05-16 10:54:47,430 INFO [ADM] Already completed, skipping
2026-05-16 10:54:47,430 INFO [ARES] Already completed, skipping
2026-05-16 10:54:47,430 INFO [ANET] Already completed, skipping
2026-05-16 10:54:47,430 INFO [AJG] Already completed, skipping
2026-05-16 10:54:47,430 INFO [AIZ] Already completed, skipping
2026-05-16 10:54:47,430 INFO [T] Already completed, skipping
2026-05-16 10:54:47,430 INFO [ATO] Already completed, skipping
2026-05-16 10:54:47,430 INFO [ADSK] Already completed, skipping
2026-05-16 10:54:47,430 INFO [ADP] Already completed, skipping
2026-05-16 10:54:47,430 INFO [AZO] Already completed, skipping
2026-05-16 10:54:47,430 INFO [AVB] Already completed, skipping
2026-05-16 10:54:47,430 INFO [AVY] Already completed, skipping
2026-05-16 10:54:47,430 INFO [AXON] Already completed, skipping
2026-05-16 10:54:47,430 INFO [BKR] Already completed, skipping
2026-05-16 10:54:47,430 INFO [BALL] Already completed, skipping
2026-05-16 10:54:47,430 INFO [BAC] Already completed, skipping
2026-05-16 10:54:47,430 INFO [BAX] Already completed, skipping
2026-05-16 10:54:47,430 INFO [BDX] Already completed, skipping
2026-05-16 10:54:47,430 INFO [BRK-B] Already completed, skipping
2026-05-16 10:54:47,430 INFO [BBY] Already completed, skipping
2026-05-16 10:54:47,430 INFO [TECH] Already completed, skipping
2026-05-16 10:54:47,430 INFO [BIIB] Already completed, skipping
2026-05-16 10:54:47,430 INFO [BLK] Already completed, skipping
2026-05-16 10:54:47,430 INFO [BX] Already completed, skipping
2026-05-16 10:54:47,431 INFO [XYZ] Already completed, skipping
2026-05-16 10:54:47,431 INFO [BK] Already completed, skipping
2026-05-16 10:54:47,431 INFO [BA] Already completed, skipping
2026-05-16 10:54:47,431 INFO [BKNG] Already completed, skipping
2026-05-16 10:54:47,431 INFO [BSX] Already completed, skipping
2026-05-16 10:54:47,431 INFO [BMY] Already completed, skipping
2026-05-16 10:54:47,431 INFO [AVGO] Already completed, skipping
2026-05-16 10:54:47,431 INFO [BR] Already completed, skipping
2026-05-16 10:54:47,431 INFO [BRO] Already completed, skipping
2026-05-16 10:54:47,431 INFO [BF-B] Already completed, skipping
2026-05-16 10:54:47,431 INFO [BLDR] Already completed, skipping
2026-05-16 10:54:47,431 INFO [BG] Already completed, skipping
2026-05-16 10:54:47,431 INFO [BXP] Already completed, skipping
2026-05-16 10:54:47,431 INFO [CHRW] Already completed, skipping
2026-05-16 10:54:47,431 INFO [CDNS] Already completed, skipping
2026-05-16 10:54:47,431 INFO [CPT] Already completed, skipping
2026-05-16 10:54:47,431 INFO [CPB] Already completed, skipping
2026-05-16 10:54:47,431 INFO [COF] Already completed, skipping
2026-05-16 10:54:47,431 INFO [CAH] Already completed, skipping
2026-05-16 10:54:47,431 INFO [CCL] Already completed, skipping
2026-05-16 10:54:47,431 INFO [CARR] Already completed, skipping
2026-05-16 10:54:47,431 INFO [CVNA] Already completed, skipping
2026-05-16 10:54:47,431 INFO [CASY] Already completed, skipping
2026-05-16 10:54:47,431 INFO [CAT] Already completed, skipping
2026-05-16 10:54:47,431 INFO [CBOE] Already completed, skipping
2026-05-16 10:54:47,431 INFO [CBRE] Already completed, skipping
2026-05-16 10:54:47,431 INFO [CDW] Already completed, skipping
2026-05-16 10:54:47,431 INFO [COR] Already completed, skipping
2026-05-16 10:54:47,431 INFO [CNC] Already completed, skipping
2026-05-16 10:54:47,431 INFO [CNP] Already completed, skipping
2026-05-16 10:54:47,431 INFO [CF] Already completed, skipping
2026-05-16 10:54:47,431 INFO [CRL] Already completed, skipping
2026-05-16 10:54:47,431 INFO [SCHW] Already completed, skipping
2026-05-16 10:54:47,431 INFO [CHTR] Already completed, skipping
2026-05-16 10:54:47,431 INFO [CVX] Already completed, skipping
2026-05-16 10:54:47,431 INFO [CMG] Already completed, skipping
2026-05-16 10:54:47,432 INFO [CB] Already completed, skipping
2026-05-16 10:54:47,432 INFO [CHD] Already completed, skipping
2026-05-16 10:54:47,432 INFO [CIEN] Already completed, skipping
2026-05-16 10:54:47,432 INFO [CI] Already completed, skipping
2026-05-16 10:54:47,432 INFO [CINF] Already completed, skipping
2026-05-16 10:54:47,432 INFO [CTAS] Already completed, skipping
2026-05-16 10:54:47,432 INFO [CSCO] Already completed, skipping
2026-05-16 10:54:47,432 INFO [C] Already completed, skipping
2026-05-16 10:54:47,432 INFO [CFG] Already completed, skipping
2026-05-16 10:54:47,432 INFO [CLX] Already completed, skipping
2026-05-16 10:54:47,432 INFO [CME] Already completed, skipping
2026-05-16 10:54:47,432 INFO [CMS] Already completed, skipping
2026-05-16 10:54:47,432 INFO [KO] Already completed, skipping
2026-05-16 10:54:47,432 INFO [CTSH] Already completed, skipping
2026-05-16 10:54:47,432 INFO [COHR] Already completed, skipping
2026-05-16 10:54:47,432 INFO [COIN] Already completed, skipping
2026-05-16 10:54:47,432 INFO [CL] Already completed, skipping
2026-05-16 10:54:47,432 INFO [CMCSA] Already completed, skipping
2026-05-16 10:54:47,432 INFO [FIX] Already completed, skipping
2026-05-16 10:54:47,432 INFO [CAG] Already completed, skipping
2026-05-16 10:54:47,432 INFO [COP] Already completed, skipping
2026-05-16 10:54:47,432 INFO [ED] Already completed, skipping
2026-05-16 10:54:47,432 INFO [STZ] Already completed, skipping
2026-05-16 10:54:47,432 INFO [CEG] Already completed, skipping
2026-05-16 10:54:47,432 INFO [COO] Already completed, skipping
2026-05-16 10:54:47,432 INFO [CPRT] Already completed, skipping
2026-05-16 10:54:47,432 INFO [GLW] Already completed, skipping
2026-05-16 10:54:47,432 INFO [CPAY] Already completed, skipping
2026-05-16 10:54:47,432 INFO [CTVA] Already completed, skipping
2026-05-16 10:54:47,432 INFO [CSGP] Already completed, skipping
2026-05-16 10:54:47,432 INFO [COST] Already completed, skipping
2026-05-16 10:54:47,432 INFO [CRH] Already completed, skipping
2026-05-16 10:54:47,432 INFO [CRWD] Already completed, skipping
2026-05-16 10:54:47,432 INFO [CCI] Already completed, skipping
2026-05-16 10:54:47,432 INFO [CSX] Already completed, skipping
2026-05-16 10:54:47,433 INFO [CMI] Already completed, skipping
2026-05-16 10:54:47,433 INFO [CVS] Already completed, skipping
2026-05-16 10:54:47,433 INFO [DHR] Already completed, skipping
2026-05-16 10:54:47,433 INFO [DRI] Already completed, skipping
2026-05-16 10:54:47,433 INFO [DDOG] Already completed, skipping
2026-05-16 10:54:47,433 INFO [DVA] Already completed, skipping
2026-05-16 10:54:47,433 INFO [DECK] Already completed, skipping
2026-05-16 10:54:47,433 INFO [DE] Already completed, skipping
2026-05-16 10:54:47,433 INFO [DELL] Already completed, skipping
2026-05-16 10:54:47,433 INFO [DAL] Already completed, skipping
2026-05-16 10:54:47,433 INFO [DVN] Already completed, skipping
2026-05-16 10:54:47,433 INFO [DXCM] Already completed, skipping
2026-05-16 10:54:47,433 INFO [FANG] Already completed, skipping
2026-05-16 10:54:47,433 INFO [DLR] Already completed, skipping
2026-05-16 10:54:47,433 INFO [DG] Already completed, skipping
2026-05-16 10:54:47,433 INFO [DLTR] Already completed, skipping
2026-05-16 10:54:47,433 INFO [D] Already completed, skipping
2026-05-16 10:54:47,433 INFO [DPZ] Already completed, skipping
2026-05-16 10:54:47,433 INFO [DASH] Already completed, skipping
2026-05-16 10:54:47,433 INFO [DOV] Already completed, skipping
2026-05-16 10:54:47,433 INFO [DOW] Already completed, skipping
2026-05-16 10:54:47,433 INFO [DHI] Already completed, skipping
2026-05-16 10:54:47,433 INFO [DTE] Already completed, skipping
2026-05-16 10:54:47,433 INFO [DUK] Already completed, skipping
2026-05-16 10:54:47,433 INFO [DD] Already completed, skipping
2026-05-16 10:54:47,433 INFO [ETN] Already completed, skipping
2026-05-16 10:54:47,433 INFO [EBAY] Already completed, skipping
2026-05-16 10:54:47,433 INFO [SATS] Already completed, skipping
2026-05-16 10:54:47,433 INFO [ECL] Already completed, skipping
2026-05-16 10:54:47,433 INFO [EIX] Already completed, skipping
2026-05-16 10:54:47,433 INFO [EW] Already completed, skipping
2026-05-16 10:54:47,433 INFO [EA] Already completed, skipping
2026-05-16 10:54:47,433 INFO [ELV] Already completed, skipping
2026-05-16 10:54:47,433 INFO [EME] Already completed, skipping
2026-05-16 10:54:47,433 INFO [EMR] Already completed, skipping
2026-05-16 10:54:47,433 INFO [ETR] Already completed, skipping
2026-05-16 10:54:47,434 INFO [EOG] Already completed, skipping
2026-05-16 10:54:47,434 INFO [EPAM] Already completed, skipping
2026-05-16 10:54:47,434 INFO [EQT] Already completed, skipping
2026-05-16 10:54:47,434 INFO [EFX] Already completed, skipping
2026-05-16 10:54:47,434 INFO [EQIX] Already completed, skipping
2026-05-16 10:54:47,434 INFO [EQR] Already completed, skipping
2026-05-16 10:54:47,434 INFO [ERIE] Already completed, skipping
2026-05-16 10:54:47,434 INFO [ESS] Already completed, skipping
2026-05-16 10:54:47,434 INFO [EL] Already completed, skipping
2026-05-16 10:54:47,434 INFO [EG] Already completed, skipping
2026-05-16 10:54:47,434 INFO [EVRG] Already completed, skipping
2026-05-16 10:54:47,434 INFO [ES] Already completed, skipping
2026-05-16 10:54:47,434 INFO [EXC] Already completed, skipping
2026-05-16 10:54:47,434 INFO [EXE] Already completed, skipping
2026-05-16 10:54:47,434 INFO [EXPE] Already completed, skipping
2026-05-16 10:54:47,434 INFO [EXPD] Already completed, skipping
2026-05-16 10:54:47,435 INFO [EXR] Already completed, skipping
2026-05-16 10:54:47,435 INFO [XOM] Already completed, skipping
2026-05-16 10:54:47,435 INFO [FFIV] Already completed, skipping
2026-05-16 10:54:47,435 INFO [FDS] Already completed, skipping
2026-05-16 10:54:47,435 INFO [FICO] Already completed, skipping
2026-05-16 10:54:47,435 INFO [FAST] Already completed, skipping
2026-05-16 10:54:47,435 INFO [FRT] Already completed, skipping
2026-05-16 10:54:47,435 INFO [FDX] Already completed, skipping
2026-05-16 10:54:47,435 INFO [FIS] Already completed, skipping
2026-05-16 10:54:47,435 INFO [FITB] Already completed, skipping
2026-05-16 10:54:47,435 INFO [FSLR] Already completed, skipping
2026-05-16 10:54:47,435 INFO [FE] Already completed, skipping
2026-05-16 10:54:47,435 INFO [FISV] Already completed, skipping
2026-05-16 10:54:47,435 INFO Progress: 203/503 | [F] Ford Motor Company (Consumer Discretionary)
2026-05-16 10:54:47,528 INFO [F] Starting pipeline...
2026-05-16 10:54:47,529 INFO [F] 10-K already downloaded
2026-05-16 10:54:47,529 INFO [F] Extraction already done
2026-05-16 10:56:16,086 INFO [F] ✓ Pipeline complete
2026-05-16 10:56:18,094 INFO Progress: 204/503 | [FTNT] Fortinet (Information Technology)
2026-05-16 10:56:18,094 INFO [FTNT] Starting pipeline...
2026-05-16 10:56:18,094 INFO [FTNT] 10-K already downloaded
2026-05-16 10:56:18,094 INFO [FTNT] Extraction already done
2026-05-16 10:57:41,189 WARNING [FTNT] Investment analysis failed — continuing anyway
2026-05-16 10:57:42,192 INFO [FTNT] ✓ Pipeline complete
2026-05-16 10:57:44,199 INFO Progress: 205/503 | [FTV] Fortive (Industrials)
2026-05-16 10:57:44,200 INFO [FTV] Starting pipeline...
2026-05-16 10:57:44,200 INFO [FTV] 10-K already downloaded
2026-05-16 10:57:44,200 INFO [FTV] Extraction already done
2026-05-16 10:59:04,954 INFO [FTV] ✓ Pipeline complete
2026-05-16 10:59:06,959 INFO Progress: 206/503 | [FOXA] Fox Corporation (Class A) (Communication Services)
2026-05-16 10:59:06,959 INFO [FOXA] Starting pipeline...
2026-05-16 10:59:06,959 INFO [FOXA] 10-K already downloaded
2026-05-16 10:59:06,959 INFO [FOXA] Extraction already done
2026-05-16 11:00:32,063 INFO [FOXA] ✓ Pipeline complete
2026-05-16 11:00:34,070 INFO Progress: 207/503 | [FOX] Fox Corporation (Class B) (Communication Services)
2026-05-16 11:00:34,070 INFO [FOX] Starting pipeline...
2026-05-16 11:00:34,070 INFO [FOX] 10-K already downloaded
2026-05-16 11:00:34,071 INFO [FOX] Extraction already done
2026-05-16 11:02:02,989 INFO [FOX] ✓ Pipeline complete
2026-05-16 11:02:04,999 INFO Progress: 208/503 | [BEN] Franklin Resources (Financials)
2026-05-16 11:02:04,999 INFO [BEN] Starting pipeline...
2026-05-16 11:02:04,999 INFO [BEN] 10-K already downloaded
2026-05-16 11:02:05,000 INFO [BEN] Extraction already done
2026-05-16 11:03:21,266 INFO [BEN] ✓ Pipeline complete
2026-05-16 11:03:23,277 INFO Progress: 209/503 | [FCX] Freeport-McMoRan (Materials)
2026-05-16 11:03:23,278 INFO [FCX] Starting pipeline...
2026-05-16 11:03:23,279 INFO [FCX] 10-K already downloaded
2026-05-16 11:03:23,280 INFO [FCX] Extraction already done
2026-05-16 11:04:44,719 INFO [FCX] ✓ Pipeline complete
2026-05-16 11:04:46,732 INFO Progress: 210/503 | [GRMN] Garmin (Consumer Discretionary)
2026-05-16 11:04:46,733 INFO [GRMN] Starting pipeline...
2026-05-16 11:04:46,734 INFO [GRMN] 10-K already downloaded
2026-05-16 11:04:46,735 INFO [GRMN] Extraction already done
2026-05-16 11:06:08,256 INFO [GRMN] ✓ Pipeline complete
2026-05-16 11:06:10,268 INFO Progress: 211/503 | [IT] Gartner (Information Technology)
2026-05-16 11:06:10,268 INFO [IT] Starting pipeline...
2026-05-16 11:06:10,268 INFO [IT] 10-K already downloaded
2026-05-16 11:06:10,268 INFO [IT] Extraction already done
2026-05-16 11:07:26,737 INFO [IT] ✓ Pipeline complete
2026-05-16 11:07:28,750 INFO Progress: 212/503 | [GE] GE Aerospace (Industrials)
2026-05-16 11:07:28,750 INFO [GE] Starting pipeline...
2026-05-16 11:07:28,751 INFO [GE] 10-K already downloaded
2026-05-16 11:07:28,751 INFO [GE] Extraction already done
2026-05-16 11:08:46,844 INFO [GE] ✓ Pipeline complete
2026-05-16 11:08:48,856 INFO Progress: 213/503 | [GEHC] GE HealthCare (Health Care)
2026-05-16 11:08:48,856 INFO [GEHC] Starting pipeline...
2026-05-16 11:08:48,857 INFO [GEHC] 10-K already downloaded
2026-05-16 11:08:48,857 INFO [GEHC] Extraction already done
2026-05-16 11:10:08,200 INFO [GEHC] ✓ Pipeline complete
2026-05-16 11:10:10,206 INFO Progress: 214/503 | [GEV] GE Vernova (Industrials)
2026-05-16 11:10:10,206 INFO [GEV] Starting pipeline...
2026-05-16 11:10:10,207 INFO [GEV] 10-K already downloaded
2026-05-16 11:10:10,207 INFO [GEV] Extraction already done
2026-05-16 11:11:36,570 WARNING [GEV] Investment analysis failed — continuing anyway
2026-05-16 11:11:37,573 INFO [GEV] ✓ Pipeline complete
2026-05-16 11:11:39,582 INFO Progress: 215/503 | [GEN] Gen Digital (Information Technology)
2026-05-16 11:11:39,582 INFO [GEN] Starting pipeline...
2026-05-16 11:11:39,584 INFO [GEN] 10-K already downloaded
2026-05-16 11:11:39,584 INFO [GEN] Extraction already done
2026-05-16 11:13:01,965 INFO [GEN] ✓ Pipeline complete
2026-05-16 11:13:03,969 INFO Progress: 216/503 | [GNRC] Generac (Industrials)
2026-05-16 11:13:03,969 INFO [GNRC] Starting pipeline...
2026-05-16 11:13:03,970 INFO [GNRC] 10-K already downloaded
2026-05-16 11:13:03,971 INFO [GNRC] Extraction already done
2026-05-16 11:14:27,686 INFO [GNRC] ✓ Pipeline complete
2026-05-16 11:14:29,697 INFO Progress: 217/503 | [GD] General Dynamics (Industrials)
2026-05-16 11:14:29,698 INFO [GD] Starting pipeline...
2026-05-16 11:14:29,698 INFO [GD] 10-K already downloaded
2026-05-16 11:14:29,698 INFO [GD] Extraction already done
2026-05-16 11:15:55,764 WARNING [GD] Investment analysis failed — continuing anyway
2026-05-16 11:15:56,773 INFO [GD] ✓ Pipeline complete
2026-05-16 11:15:58,781 INFO Progress: 218/503 | [GIS] General Mills (Consumer Staples)
2026-05-16 11:15:58,781 INFO [GIS] Starting pipeline...
2026-05-16 11:15:58,781 INFO [GIS] 10-K already downloaded
2026-05-16 11:15:58,782 INFO [GIS] Extraction already done
2026-05-16 11:17:09,507 INFO [GIS] ✓ Pipeline complete
2026-05-16 11:17:11,520 INFO Progress: 219/503 | [GM] General Motors (Consumer Discretionary)
2026-05-16 11:17:11,520 INFO [GM] Starting pipeline...
2026-05-16 11:17:11,520 INFO [GM] 10-K already downloaded
2026-05-16 11:17:11,520 INFO [GM] Extraction already done
2026-05-16 11:18:39,863 INFO [GM] ✓ Pipeline complete
2026-05-16 11:18:41,873 INFO Progress: 220/503 | [GPC] Genuine Parts Company (Consumer Discretionary)
2026-05-16 11:18:41,873 INFO [GPC] Starting pipeline...
2026-05-16 11:18:41,873 INFO [GPC] 10-K already downloaded
2026-05-16 11:18:41,874 INFO [GPC] Extraction already done
2026-05-16 11:20:01,614 INFO [GPC] ✓ Pipeline complete
2026-05-16 11:20:03,619 INFO Progress: 221/503 | [GILD] Gilead Sciences (Health Care)
2026-05-16 11:20:03,620 INFO [GILD] Starting pipeline...
2026-05-16 11:20:03,620 INFO [GILD] 10-K already downloaded
2026-05-16 11:20:03,621 INFO [GILD] Extraction already done
2026-05-16 11:21:15,586 INFO [GILD] ✓ Pipeline complete
2026-05-16 11:21:17,596 INFO Progress: 222/503 | [GPN] Global Payments (Financials)
2026-05-16 11:21:17,596 INFO [GPN] Starting pipeline...
2026-05-16 11:21:17,597 INFO [GPN] 10-K already downloaded
2026-05-16 11:21:17,597 INFO [GPN] Extraction already done
2026-05-16 11:22:41,509 INFO [GPN] ✓ Pipeline complete
2026-05-16 11:22:43,513 INFO Progress: 223/503 | [GL] Globe Life (Financials)
2026-05-16 11:22:43,513 INFO [GL] Starting pipeline...
2026-05-16 11:22:43,514 INFO [GL] 10-K already downloaded
2026-05-16 11:22:43,514 INFO [GL] Extraction already done
2026-05-16 11:24:00,518 INFO [GL] ✓ Pipeline complete
2026-05-16 11:24:02,522 INFO Progress: 224/503 | [GDDY] GoDaddy (Information Technology)
2026-05-16 11:24:02,523 INFO [GDDY] Starting pipeline...
2026-05-16 11:24:02,523 INFO [GDDY] 10-K already downloaded
2026-05-16 11:24:02,523 INFO [GDDY] Extraction already done
2026-05-16 11:25:15,981 INFO [GDDY] ✓ Pipeline complete
2026-05-16 11:25:17,988 INFO Progress: 225/503 | [GS] Goldman Sachs (Financials)
2026-05-16 11:25:17,988 INFO [GS] Starting pipeline...
2026-05-16 11:25:17,988 INFO [GS] 10-K already downloaded
2026-05-16 11:25:17,988 INFO [GS] Extraction already done
2026-05-16 11:26:38,789 INFO [GS] ✓ Pipeline complete
2026-05-16 11:26:40,794 INFO Progress: 226/503 | [HAL] Halliburton (Energy)
2026-05-16 11:26:40,794 INFO [HAL] Starting pipeline...
2026-05-16 11:26:40,794 INFO [HAL] 10-K already downloaded
2026-05-16 11:26:40,794 INFO [HAL] Extraction already done
2026-05-16 11:27:48,804 INFO [HAL] ✓ Pipeline complete
2026-05-16 11:27:50,813 INFO Progress: 227/503 | [HIG] Hartford (The) (Financials)
2026-05-16 11:27:50,813 INFO [HIG] Starting pipeline...
2026-05-16 11:27:50,814 INFO [HIG] 10-K already downloaded
2026-05-16 11:27:50,814 INFO [HIG] Extraction already done
2026-05-16 11:29:06,893 INFO [HIG] ✓ Pipeline complete
2026-05-16 11:29:08,898 INFO Progress: 228/503 | [HAS] Hasbro (Consumer Discretionary)
2026-05-16 11:29:08,898 INFO [HAS] Starting pipeline...
2026-05-16 11:29:08,898 INFO [HAS] 10-K already downloaded
2026-05-16 11:29:08,899 INFO [HAS] Extraction already done
2026-05-16 11:30:33,357 INFO [HAS] ✓ Pipeline complete
2026-05-16 11:30:35,363 INFO Progress: 229/503 | [HCA] HCA Healthcare (Health Care)
2026-05-16 11:30:35,363 INFO [HCA] Starting pipeline...
2026-05-16 11:30:35,363 INFO [HCA] 10-K already downloaded
2026-05-16 11:30:35,364 INFO [HCA] Extraction already done
2026-05-16 11:31:54,717 INFO [HCA] ✓ Pipeline complete
2026-05-16 11:31:56,725 INFO Progress: 230/503 | [DOC] Healthpeak Properties (Real Estate)
2026-05-16 11:31:56,726 INFO [DOC] Starting pipeline...
2026-05-16 11:31:56,726 INFO [DOC] 10-K already downloaded
2026-05-16 11:31:56,726 INFO [DOC] Extraction already done
2026-05-16 11:33:11,738 INFO [DOC] ✓ Pipeline complete
2026-05-16 11:33:13,746 INFO Progress: 231/503 | [HSIC] Henry Schein (Health Care)
2026-05-16 11:33:13,747 INFO [HSIC] Starting pipeline...
2026-05-16 11:33:13,747 INFO [HSIC] 10-K already downloaded
2026-05-16 11:33:13,747 INFO [HSIC] Extraction already done
2026-05-16 11:34:25,813 INFO [HSIC] ✓ Pipeline complete
2026-05-16 11:34:27,819 INFO Progress: 232/503 | [HSY] Hershey Company (The) (Consumer Staples)
2026-05-16 11:34:27,819 INFO [HSY] Starting pipeline...
2026-05-16 11:34:27,820 INFO [HSY] 10-K already downloaded
2026-05-16 11:34:27,820 INFO [HSY] Extraction already done
2026-05-16 11:35:45,640 INFO [HSY] ✓ Pipeline complete
2026-05-16 11:35:47,649 INFO Progress: 233/503 | [HPE] Hewlett Packard Enterprise (Information Technology)
2026-05-16 11:35:47,649 INFO [HPE] Starting pipeline...
2026-05-16 11:35:47,649 INFO [HPE] 10-K already downloaded
2026-05-16 11:35:47,650 INFO [HPE] Extraction already done
2026-05-16 11:37:07,363 INFO [HPE] ✓ Pipeline complete
2026-05-16 11:37:09,372 INFO Progress: 234/503 | [HLT] Hilton Worldwide (Consumer Discretionary)
2026-05-16 11:37:09,372 INFO [HLT] Starting pipeline...
2026-05-16 11:37:09,372 INFO [HLT] 10-K already downloaded
2026-05-16 11:37:09,373 INFO [HLT] Extraction already done
2026-05-16 11:38:29,011 INFO [HLT] ✓ Pipeline complete
2026-05-16 11:38:31,020 INFO Progress: 235/503 | [HD] Home Depot (The) (Consumer Discretionary)
2026-05-16 11:38:31,020 INFO [HD] Starting pipeline...
2026-05-16 11:38:31,020 INFO [HD] 10-K already downloaded
2026-05-16 11:38:31,021 INFO [HD] Extraction already done
2026-05-16 11:39:46,393 INFO [HD] ✓ Pipeline complete
2026-05-16 11:39:48,402 INFO Progress: 236/503 | [HON] Honeywell (Industrials)
2026-05-16 11:39:48,402 INFO [HON] Starting pipeline...
2026-05-16 11:39:48,403 INFO [HON] 10-K already downloaded
2026-05-16 11:39:48,404 INFO [HON] Extraction already done
2026-05-16 11:41:07,640 INFO [HON] ✓ Pipeline complete
2026-05-16 11:41:09,649 INFO Progress: 237/503 | [HRL] Hormel Foods (Consumer Staples)
2026-05-16 11:41:09,649 INFO [HRL] Starting pipeline...
2026-05-16 11:41:09,650 INFO [HRL] 10-K already downloaded
2026-05-16 11:41:09,651 INFO [HRL] Extraction already done
2026-05-16 11:42:26,177 INFO [HRL] ✓ Pipeline complete
2026-05-16 11:42:28,184 INFO Progress: 238/503 | [HST] Host Hotels & Resorts (Real Estate)
2026-05-16 11:42:28,185 INFO [HST] Starting pipeline...
2026-05-16 11:42:28,185 INFO [HST] 10-K already downloaded
2026-05-16 11:42:28,186 INFO [HST] Extraction already done
2026-05-16 11:43:42,352 INFO [HST] ✓ Pipeline complete
2026-05-16 11:43:44,356 INFO Progress: 239/503 | [HWM] Howmet Aerospace (Industrials)
2026-05-16 11:43:44,356 INFO [HWM] Starting pipeline...
2026-05-16 11:43:44,357 INFO [HWM] 10-K already downloaded
2026-05-16 11:43:44,358 INFO [HWM] Extraction already done
2026-05-16 11:45:09,478 INFO [HWM] ✓ Pipeline complete
2026-05-16 11:45:11,491 INFO Progress: 240/503 | [HPQ] HP Inc. (Information Technology)
2026-05-16 11:45:11,491 INFO [HPQ] Starting pipeline...
2026-05-16 11:45:11,492 INFO [HPQ] 10-K already downloaded
2026-05-16 11:45:11,492 INFO [HPQ] Extraction already done
2026-05-16 11:46:28,502 INFO [HPQ] ✓ Pipeline complete
2026-05-16 11:46:30,508 INFO Progress: 241/503 | [HUBB] Hubbell Incorporated (Industrials)
2026-05-16 11:46:30,509 INFO [HUBB] Starting pipeline...
2026-05-16 11:46:30,509 INFO [HUBB] 10-K already downloaded
2026-05-16 11:46:30,509 INFO [HUBB] Extraction already done
2026-05-16 11:47:52,471 INFO [HUBB] ✓ Pipeline complete
2026-05-16 11:47:54,477 INFO Progress: 242/503 | [HUM] Humana (Health Care)
2026-05-16 11:47:54,478 INFO [HUM] Starting pipeline...
2026-05-16 11:47:54,478 INFO [HUM] 10-K already downloaded
2026-05-16 11:47:54,478 INFO [HUM] Extraction already done
2026-05-16 11:49:14,245 INFO [HUM] ✓ Pipeline complete
2026-05-16 11:49:16,253 INFO Progress: 243/503 | [HBAN] Huntington Bancshares (Financials)
2026-05-16 11:49:16,253 INFO [HBAN] Starting pipeline...
2026-05-16 11:49:16,254 INFO [HBAN] 10-K already downloaded
2026-05-16 11:49:16,254 INFO [HBAN] Extraction already done
2026-05-16 11:50:28,207 INFO [HBAN] ✓ Pipeline complete
2026-05-16 11:50:30,211 INFO Progress: 244/503 | [HII] Huntington Ingalls Industries (Industrials)
2026-05-16 11:50:30,212 INFO [HII] Starting pipeline...
2026-05-16 11:50:30,212 INFO [HII] 10-K already downloaded
2026-05-16 11:50:30,213 INFO [HII] Extraction already done
2026-05-16 11:51:51,319 INFO [HII] ✓ Pipeline complete
2026-05-16 11:51:53,323 INFO Progress: 245/503 | [IBM] IBM (Information Technology)
2026-05-16 11:51:53,323 INFO [IBM] Starting pipeline...
2026-05-16 11:51:53,323 INFO [IBM] 10-K already downloaded
2026-05-16 11:51:53,324 INFO [IBM] Extraction already done
2026-05-16 11:53:13,497 INFO [IBM] ✓ Pipeline complete
2026-05-16 11:53:15,507 INFO Progress: 246/503 | [IEX] IDEX Corporation (Industrials)
2026-05-16 11:53:15,508 INFO [IEX] Starting pipeline...
2026-05-16 11:53:15,508 INFO [IEX] 10-K already downloaded
2026-05-16 11:53:15,508 INFO [IEX] Extraction already done
2026-05-16 11:54:27,759 INFO [IEX] ✓ Pipeline complete
2026-05-16 11:54:29,767 INFO Progress: 247/503 | [IDXX] Idexx Laboratories (Health Care)
2026-05-16 11:54:29,767 INFO [IDXX] Starting pipeline...
2026-05-16 11:54:29,768 INFO [IDXX] 10-K already downloaded
2026-05-16 11:54:29,768 INFO [IDXX] Extraction already done
2026-05-16 11:55:49,132 INFO [IDXX] ✓ Pipeline complete
2026-05-16 11:55:51,137 INFO Progress: 248/503 | [ITW] Illinois Tool Works (Industrials)
2026-05-16 11:55:51,137 INFO [ITW] Starting pipeline...
2026-05-16 11:55:51,137 INFO [ITW] 10-K already downloaded
2026-05-16 11:55:51,138 INFO [ITW] Extraction already done
2026-05-16 11:57:01,337 INFO [ITW] ✓ Pipeline complete
2026-05-16 11:57:03,347 INFO Progress: 249/503 | [INCY] Incyte (Health Care)
2026-05-16 11:57:03,347 INFO [INCY] Starting pipeline...
2026-05-16 11:57:03,347 INFO [INCY] 10-K already downloaded
2026-05-16 11:57:03,347 INFO [INCY] Extraction already done
2026-05-16 11:58:25,804 INFO [INCY] ✓ Pipeline complete
2026-05-16 11:58:27,807 INFO Progress: 250/503 | [IR] Ingersoll Rand (Industrials)
2026-05-16 11:58:27,807 INFO [IR] Starting pipeline...
2026-05-16 11:58:27,808 INFO [IR] 10-K already downloaded
2026-05-16 11:58:27,809 INFO [IR] Extraction already done
2026-05-16 11:59:43,890 INFO [IR] ✓ Pipeline complete
2026-05-16 11:59:45,894 INFO Progress: 251/503 | [PODD] Insulet Corporation (Health Care)
2026-05-16 11:59:45,895 INFO [PODD] Starting pipeline...
2026-05-16 11:59:45,896 INFO [PODD] 10-K already downloaded
2026-05-16 11:59:45,896 INFO [PODD] Extraction already done
2026-05-16 12:01:09,898 INFO [PODD] ✓ Pipeline complete
2026-05-16 12:01:11,907 INFO Progress: 252/503 | [INTC] Intel (Information Technology)
2026-05-16 12:01:11,907 INFO [INTC] Starting pipeline...
2026-05-16 12:01:11,909 INFO [INTC] 10-K already downloaded
2026-05-16 12:01:11,909 INFO [INTC] Extraction already done
2026-05-16 12:02:40,744 WARNING [INTC] Investment analysis failed — continuing anyway
2026-05-16 12:02:41,745 INFO [INTC] ✓ Pipeline complete
2026-05-16 12:02:43,749 INFO Progress: 253/503 | [IBKR] Interactive Brokers (Financials)
2026-05-16 12:02:43,750 INFO [IBKR] Starting pipeline...
2026-05-16 12:02:43,751 INFO [IBKR] 10-K already downloaded
2026-05-16 12:02:43,752 INFO [IBKR] Extraction already done
2026-05-16 12:04:05,800 INFO [IBKR] ✓ Pipeline complete
2026-05-16 12:04:07,805 INFO Progress: 254/503 | [ICE] Intercontinental Exchange (Financials)
2026-05-16 12:04:07,805 INFO [ICE] Starting pipeline...
2026-05-16 12:04:07,805 INFO [ICE] 10-K already downloaded
2026-05-16 12:04:07,805 INFO [ICE] Extraction already done
2026-05-16 12:05:21,030 INFO [ICE] ✓ Pipeline complete
2026-05-16 12:05:23,036 INFO Progress: 255/503 | [IFF] International Flavors & Fragrances (Materials)
2026-05-16 12:05:23,036 INFO [IFF] Starting pipeline...
2026-05-16 12:05:23,037 INFO [IFF] 10-K already downloaded
2026-05-16 12:05:23,037 INFO [IFF] Extraction already done
2026-05-16 12:06:44,766 INFO [IFF] ✓ Pipeline complete
2026-05-16 12:06:46,774 INFO Progress: 256/503 | [IP] International Paper (Materials)
2026-05-16 12:06:46,774 INFO [IP] Starting pipeline...
2026-05-16 12:06:46,775 INFO [IP] 10-K already downloaded
2026-05-16 12:06:46,775 INFO [IP] Extraction already done
2026-05-16 12:07:56,514 INFO [IP] ✓ Pipeline complete
2026-05-16 12:07:58,518 INFO Progress: 257/503 | [INTU] Intuit (Information Technology)
2026-05-16 12:07:58,518 INFO [INTU] Starting pipeline...
2026-05-16 12:07:58,518 INFO [INTU] 10-K already downloaded
2026-05-16 12:07:58,518 INFO [INTU] Extraction already done
2026-05-16 12:09:14,841 INFO [INTU] ✓ Pipeline complete
2026-05-16 12:09:16,851 INFO Progress: 258/503 | [ISRG] Intuitive Surgical (Health Care)
2026-05-16 12:09:16,852 INFO [ISRG] Starting pipeline...
2026-05-16 12:09:16,852 INFO [ISRG] 10-K already downloaded
2026-05-16 12:09:16,852 INFO [ISRG] Extraction already done
2026-05-16 12:10:38,376 INFO [ISRG] ✓ Pipeline complete
2026-05-16 12:10:40,385 INFO Progress: 259/503 | [IVZ] Invesco (Financials)
2026-05-16 12:10:40,385 INFO [IVZ] Starting pipeline...
2026-05-16 12:10:40,386 INFO [IVZ] 10-K already downloaded
2026-05-16 12:10:40,386 INFO [IVZ] Extraction already done
2026-05-16 12:12:08,404 INFO [IVZ] ✓ Pipeline complete
2026-05-16 12:12:10,409 INFO Progress: 260/503 | [INVH] Invitation Homes (Real Estate)
2026-05-16 12:12:10,410 INFO [INVH] Starting pipeline...
2026-05-16 12:12:10,410 INFO [INVH] 10-K already downloaded
2026-05-16 12:12:10,410 INFO [INVH] Extraction already done
2026-05-16 12:13:27,547 INFO [INVH] ✓ Pipeline complete
2026-05-16 12:13:29,554 INFO Progress: 261/503 | [IQV] IQVIA (Health Care)
2026-05-16 12:13:29,554 INFO [IQV] Starting pipeline...
2026-05-16 12:13:29,554 INFO [IQV] 10-K already downloaded
2026-05-16 12:13:29,555 INFO [IQV] Extraction already done
2026-05-16 12:14:49,984 INFO [IQV] ✓ Pipeline complete
2026-05-16 12:14:51,991 INFO Progress: 262/503 | [IRM] Iron Mountain (Real Estate)
2026-05-16 12:14:51,991 INFO [IRM] Starting pipeline...
2026-05-16 12:14:51,992 INFO [IRM] 10-K already downloaded
2026-05-16 12:14:51,992 INFO [IRM] Extraction already done
2026-05-16 12:16:14,438 INFO [IRM] ✓ Pipeline complete
2026-05-16 12:16:16,442 INFO Progress: 263/503 | [JBHT] J.B. Hunt (Industrials)
2026-05-16 12:16:16,443 INFO [JBHT] Starting pipeline...
2026-05-16 12:16:16,443 INFO [JBHT] 10-K already downloaded
2026-05-16 12:16:16,443 INFO [JBHT] Extraction already done
2026-05-16 12:17:28,268 INFO [JBHT] ✓ Pipeline complete
2026-05-16 12:17:30,275 INFO Progress: 264/503 | [JBL] Jabil (Information Technology)
2026-05-16 12:17:30,275 INFO [JBL] Starting pipeline...
2026-05-16 12:17:30,276 INFO [JBL] 10-K already downloaded
2026-05-16 12:17:30,276 INFO [JBL] Extraction already done
2026-05-16 12:18:43,321 INFO [JBL] ✓ Pipeline complete
2026-05-16 12:18:45,328 INFO Progress: 265/503 | [JKHY] Jack Henry & Associates (Financials)
2026-05-16 12:18:45,329 INFO [JKHY] Starting pipeline...
2026-05-16 12:18:45,329 INFO [JKHY] 10-K already downloaded
2026-05-16 12:18:45,330 INFO [JKHY] Extraction already done
2026-05-16 12:19:59,193 INFO [JKHY] ✓ Pipeline complete
2026-05-16 12:20:01,202 INFO Progress: 266/503 | [J] Jacobs Solutions (Industrials)
2026-05-16 12:20:01,202 INFO [J] Starting pipeline...
2026-05-16 12:20:01,202 INFO [J] 10-K already downloaded
2026-05-16 12:20:01,203 INFO [J] Extraction already done
2026-05-16 12:21:18,879 INFO [J] ✓ Pipeline complete
2026-05-16 12:21:20,885 INFO Progress: 267/503 | [JNJ] Johnson & Johnson (Health Care)
2026-05-16 12:21:20,886 INFO [JNJ] Starting pipeline...
2026-05-16 12:21:20,886 INFO [JNJ] 10-K already downloaded
2026-05-16 12:21:20,887 INFO [JNJ] Extraction already done
2026-05-16 12:22:47,489 INFO [JNJ] ✓ Pipeline complete
2026-05-16 12:22:49,496 INFO Progress: 268/503 | [JCI] Johnson Controls (Industrials)
2026-05-16 12:22:49,497 INFO [JCI] Starting pipeline...
2026-05-16 12:22:49,497 INFO [JCI] 10-K already downloaded
2026-05-16 12:22:49,497 INFO [JCI] Extraction already done
2026-05-16 12:24:09,344 INFO [JCI] ✓ Pipeline complete
2026-05-16 12:24:11,349 INFO Progress: 269/503 | [JPM] JPMorgan Chase (Financials)
2026-05-16 12:24:11,349 INFO [JPM] Starting pipeline...
2026-05-16 12:24:11,351 INFO [JPM] 10-K already downloaded
2026-05-16 12:24:11,352 INFO [JPM] Extraction already done
2026-05-16 12:25:27,982 INFO [JPM] ✓ Pipeline complete
2026-05-16 12:25:29,986 INFO Progress: 270/503 | [KVUE] Kenvue (Consumer Staples)
2026-05-16 12:25:29,987 INFO [KVUE] Starting pipeline...
2026-05-16 12:25:29,987 INFO [KVUE] 10-K already downloaded
2026-05-16 12:25:29,987 INFO [KVUE] Extraction already done
2026-05-16 12:26:47,441 INFO [KVUE] ✓ Pipeline complete
2026-05-16 12:26:49,449 INFO Progress: 271/503 | [KDP] Keurig Dr Pepper (Consumer Staples)
2026-05-16 12:26:49,449 INFO [KDP] Starting pipeline...
2026-05-16 12:26:49,450 INFO [KDP] 10-K already downloaded
2026-05-16 12:26:49,450 INFO [KDP] Extraction already done
2026-05-16 12:28:09,538 INFO [KDP] ✓ Pipeline complete
2026-05-16 12:28:11,547 INFO Progress: 272/503 | [KEY] KeyCorp (Financials)
2026-05-16 12:28:11,547 INFO [KEY] Starting pipeline...
2026-05-16 12:28:11,547 INFO [KEY] 10-K already downloaded
2026-05-16 12:28:11,547 INFO [KEY] Extraction already done
2026-05-16 12:29:17,545 INFO [KEY] ✓ Pipeline complete
2026-05-16 12:29:19,552 INFO Progress: 273/503 | [KEYS] Keysight Technologies (Information Technology)
2026-05-16 12:29:19,553 INFO [KEYS] Starting pipeline...
2026-05-16 12:29:19,554 INFO [KEYS] 10-K already downloaded
2026-05-16 12:29:19,554 INFO [KEYS] Extraction already done
2026-05-16 12:30:41,127 INFO [KEYS] ✓ Pipeline complete
2026-05-16 12:30:43,134 INFO Progress: 274/503 | [KMB] Kimberly-Clark (Consumer Staples)
2026-05-16 12:30:43,134 INFO [KMB] Starting pipeline...
2026-05-16 12:30:43,134 INFO [KMB] 10-K already downloaded
2026-05-16 12:30:43,135 INFO [KMB] Extraction already done
2026-05-16 12:32:01,007 INFO [KMB] ✓ Pipeline complete
2026-05-16 12:32:03,013 INFO Progress: 275/503 | [KIM] Kimco Realty (Real Estate)
2026-05-16 12:32:03,013 INFO [KIM] Starting pipeline...
2026-05-16 12:32:03,014 INFO [KIM] 10-K already downloaded
2026-05-16 12:32:03,014 INFO [KIM] Extraction already done
2026-05-16 12:33:17,139 INFO [KIM] ✓ Pipeline complete
2026-05-16 12:33:19,146 INFO Progress: 276/503 | [KMI] Kinder Morgan (Energy)
2026-05-16 12:33:19,146 INFO [KMI] Starting pipeline...
2026-05-16 12:33:19,147 INFO [KMI] 10-K already downloaded
2026-05-16 12:33:19,147 INFO [KMI] Extraction already done
2026-05-16 12:34:28,637 INFO [KMI] ✓ Pipeline complete
2026-05-16 12:34:30,645 INFO Progress: 277/503 | [KKR] KKR & Co. (Financials)
2026-05-16 12:34:30,646 INFO [KKR] Starting pipeline...
2026-05-16 12:34:30,646 INFO [KKR] 10-K already downloaded
2026-05-16 12:34:30,646 INFO [KKR] Extraction already done
2026-05-16 12:35:53,362 INFO [KKR] ✓ Pipeline complete
2026-05-16 12:35:55,371 INFO Progress: 278/503 | [KLAC] KLA Corporation (Information Technology)
2026-05-16 12:35:55,372 INFO [KLAC] Starting pipeline...
2026-05-16 12:35:55,374 INFO [KLAC] 10-K already downloaded
2026-05-16 12:35:55,374 INFO [KLAC] Extraction already done
2026-05-16 12:37:23,874 INFO [KLAC] ✓ Pipeline complete
2026-05-16 12:37:25,882 INFO Progress: 279/503 | [KHC] Kraft Heinz (Consumer Staples)
2026-05-16 12:37:25,883 INFO [KHC] Starting pipeline...
2026-05-16 12:38:48,843 INFO [KHC] ✓ Pipeline complete
2026-05-16 12:38:50,852 INFO Progress: 280/503 | [KR] Kroger (Consumer Staples)
2026-05-16 12:38:50,853 INFO [KR] Starting pipeline...
2026-05-16 12:40:08,999 INFO [KR] ✓ Pipeline complete
2026-05-16 12:40:11,005 INFO Progress: 281/503 | [LHX] L3Harris (Industrials)
2026-05-16 12:40:11,005 INFO [LHX] Starting pipeline...
2026-05-16 12:41:35,042 INFO [LHX] ✓ Pipeline complete
2026-05-16 12:41:37,051 INFO Progress: 282/503 | [LH] Labcorp (Health Care)
2026-05-16 12:41:37,052 INFO [LH] Starting pipeline...
2026-05-16 12:42:56,662 INFO [LH] ✓ Pipeline complete
2026-05-16 12:42:58,670 INFO Progress: 283/503 | [LRCX] Lam Research (Information Technology)
2026-05-16 12:42:58,670 INFO [LRCX] Starting pipeline...
2026-05-16 12:44:26,373 INFO [LRCX] ✓ Pipeline complete
2026-05-16 12:44:28,377 INFO Progress: 284/503 | [LVS] Las Vegas Sands (Consumer Discretionary)
2026-05-16 12:44:28,377 INFO [LVS] Starting pipeline...
2026-05-16 12:45:52,471 INFO [LVS] ✓ Pipeline complete
2026-05-16 12:45:54,480 INFO Progress: 285/503 | [LDOS] Leidos (Industrials)
2026-05-16 12:45:54,480 INFO [LDOS] Starting pipeline...
2026-05-16 12:47:13,886 INFO [LDOS] ✓ Pipeline complete
2026-05-16 12:47:15,894 INFO Progress: 286/503 | [LEN] Lennar (Consumer Discretionary)
2026-05-16 12:47:15,895 INFO [LEN] Starting pipeline...
2026-05-16 12:48:36,430 INFO [LEN] ✓ Pipeline complete
2026-05-16 12:48:38,433 INFO Progress: 287/503 | [LII] Lennox International (Industrials)
2026-05-16 12:48:38,434 INFO [LII] Starting pipeline...
2026-05-16 12:49:49,426 INFO [LII] ✓ Pipeline complete
2026-05-16 12:49:51,431 INFO Progress: 288/503 | [LLY] Lilly (Eli) (Health Care)
2026-05-16 12:49:51,432 INFO [LLY] Starting pipeline...
2026-05-16 12:51:15,461 INFO [LLY] ✓ Pipeline complete
2026-05-16 12:51:17,472 INFO Progress: 289/503 | [LIN] Linde plc (Materials)
2026-05-16 12:51:17,472 INFO [LIN] Starting pipeline...
2026-05-16 12:52:31,429 INFO [LIN] ✓ Pipeline complete
2026-05-16 12:52:33,438 INFO Progress: 290/503 | [LYV] Live Nation Entertainment (Communication Services)
2026-05-16 12:52:33,438 INFO [LYV] Starting pipeline...
2026-05-16 12:53:47,744 INFO [LYV] ✓ Pipeline complete
2026-05-16 12:53:49,751 INFO Progress: 291/503 | [LMT] Lockheed Martin (Industrials)
2026-05-16 12:53:49,751 INFO [LMT] Starting pipeline...
2026-05-16 12:55:08,540 INFO [LMT] ✓ Pipeline complete
2026-05-16 12:55:10,546 INFO Progress: 292/503 | [L] Loews Corporation (Financials)
2026-05-16 12:55:10,547 INFO [L] Starting pipeline...
2026-05-16 12:56:25,080 INFO [L] ✓ Pipeline complete
2026-05-16 12:56:27,089 INFO Progress: 293/503 | [LOW] Lowe's (Consumer Discretionary)
2026-05-16 12:56:27,089 INFO [LOW] Starting pipeline...
2026-05-16 12:57:39,059 INFO [LOW] ✓ Pipeline complete
2026-05-16 12:57:41,067 INFO Progress: 294/503 | [LULU] Lululemon Athletica (Consumer Discretionary)
2026-05-16 12:57:41,068 INFO [LULU] Starting pipeline...
2026-05-16 12:59:00,930 INFO [LULU] ✓ Pipeline complete
2026-05-16 12:59:02,935 INFO Progress: 295/503 | [LITE] Lumentum (Information Technology)
2026-05-16 12:59:02,935 INFO [LITE] Starting pipeline...
2026-05-16 13:00:27,624 INFO [LITE] ✓ Pipeline complete
2026-05-16 13:00:29,632 INFO Progress: 296/503 | [LYB] LyondellBasell (Materials)
2026-05-16 13:00:29,632 INFO [LYB] Starting pipeline...
2026-05-16 13:01:44,957 INFO [LYB] ✓ Pipeline complete
2026-05-16 13:01:46,965 INFO Progress: 297/503 | [MTB] M&T Bank (Financials)
2026-05-16 13:01:46,965 INFO [MTB] Starting pipeline...
2026-05-16 13:03:03,545 INFO [MTB] ✓ Pipeline complete
2026-05-16 13:03:05,552 INFO Progress: 298/503 | [MPC] Marathon Petroleum (Energy)
2026-05-16 13:03:05,552 INFO [MPC] Starting pipeline...
2026-05-16 13:04:23,433 INFO [MPC] ✓ Pipeline complete
2026-05-16 13:04:25,442 INFO Progress: 299/503 | [MAR] Marriott International (Consumer Discretionary)
2026-05-16 13:04:25,443 INFO [MAR] Starting pipeline...
2026-05-16 13:05:46,221 INFO [MAR] ✓ Pipeline complete
2026-05-16 13:05:48,230 INFO Progress: 300/503 | [MRSH] Marsh McLennan (Financials)
2026-05-16 13:05:48,230 INFO [MRSH] Starting pipeline...
2026-05-16 13:07:06,142 INFO [MRSH] ✓ Pipeline complete
2026-05-16 13:07:08,147 INFO Progress: 301/503 | [MLM] Martin Marietta Materials (Materials)
2026-05-16 13:07:08,147 INFO [MLM] Starting pipeline...
2026-05-16 13:08:23,012 INFO [MLM] ✓ Pipeline complete
2026-05-16 13:08:25,019 INFO Progress: 302/503 | [MAS] Masco (Industrials)
2026-05-16 13:08:25,019 INFO [MAS] Starting pipeline...
2026-05-16 13:09:46,237 INFO [MAS] ✓ Pipeline complete
2026-05-16 13:09:48,243 INFO Progress: 303/503 | [MA] Mastercard (Financials)
2026-05-16 13:09:48,243 INFO [MA] Starting pipeline...
2026-05-16 13:11:15,692 INFO [MA] ✓ Pipeline complete
2026-05-16 13:11:17,700 INFO Progress: 304/503 | [MKC] McCormick & Company (Consumer Staples)
2026-05-16 13:11:17,700 INFO [MKC] Starting pipeline...
2026-05-16 13:12:40,725 INFO [MKC] ✓ Pipeline complete
2026-05-16 13:12:42,732 INFO Progress: 305/503 | [MCD] McDonald's (Consumer Discretionary)
2026-05-16 13:12:42,732 INFO [MCD] Starting pipeline...
2026-05-16 13:14:00,252 INFO [MCD] ✓ Pipeline complete
2026-05-16 13:14:02,259 INFO Progress: 306/503 | [MCK] McKesson Corporation (Health Care)
2026-05-16 13:14:02,260 INFO [MCK] Starting pipeline...
