2026-05-16 13:55:00,350 INFO Pipeline starting: 503 companies | dry_run=False | resume=True
2026-05-16 13:55:00,351 INFO [MMM] Already completed, skipping
2026-05-16 13:55:00,351 INFO [AOS] Already completed, skipping
2026-05-16 13:55:00,351 INFO [ABT] Already completed, skipping
2026-05-16 13:55:00,351 INFO [ABBV] Already completed, skipping
2026-05-16 13:55:00,351 INFO [ACN] Already completed, skipping
2026-05-16 13:55:00,351 INFO [ADBE] Already completed, skipping
2026-05-16 13:55:00,351 INFO [AMD] Already completed, skipping
2026-05-16 13:55:00,351 INFO [AES] Already completed, skipping
2026-05-16 13:55:00,351 INFO [AFL] Already completed, skipping
2026-05-16 13:55:00,351 INFO [A] Already completed, skipping
2026-05-16 13:55:00,351 INFO [APD] Already completed, skipping
2026-05-16 13:55:00,351 INFO [ABNB] Already completed, skipping
2026-05-16 13:55:00,351 INFO [AKAM] Already completed, skipping
2026-05-16 13:55:00,351 INFO [ALB] Already completed, skipping
2026-05-16 13:55:00,351 INFO [ARE] Already completed, skipping
2026-05-16 13:55:00,351 INFO [ALGN] Already completed, skipping
2026-05-16 13:55:00,351 INFO [ALLE] Already completed, skipping
2026-05-16 13:55:00,351 INFO [LNT] Already completed, skipping
2026-05-16 13:55:00,351 INFO [ALL] Already completed, skipping
2026-05-16 13:55:00,351 INFO [GOOGL] Already completed, skipping
2026-05-16 13:55:00,351 INFO [GOOG] Already completed, skipping
2026-05-16 13:55:00,351 INFO [MO] Already completed, skipping
2026-05-16 13:55:00,351 INFO [AMZN] Already completed, skipping
2026-05-16 13:55:00,351 INFO [AMCR] Already completed, skipping
2026-05-16 13:55:00,351 INFO [AEE] Already completed, skipping
2026-05-16 13:55:00,352 INFO [AEP] Already completed, skipping
2026-05-16 13:55:00,352 INFO [AXP] Already completed, skipping
2026-05-16 13:55:00,352 INFO [AIG] Already completed, skipping
2026-05-16 13:55:00,352 INFO [AMT] Already completed, skipping
2026-05-16 13:55:00,352 INFO [AWK] Already completed, skipping
2026-05-16 13:55:00,352 INFO [AMP] Already completed, skipping
2026-05-16 13:55:00,352 INFO [AME] Already completed, skipping
2026-05-16 13:55:00,352 INFO [AMGN] Already completed, skipping
2026-05-16 13:55:00,352 INFO [APH] Already completed, skipping
2026-05-16 13:55:00,352 INFO [ADI] Already completed, skipping
2026-05-16 13:55:00,352 INFO [AON] Already completed, skipping
2026-05-16 13:55:00,352 INFO [APA] Already completed, skipping
2026-05-16 13:55:00,352 INFO [APO] Already completed, skipping
2026-05-16 13:55:00,352 INFO [AAPL] Already completed, skipping
2026-05-16 13:55:00,352 INFO [AMAT] Already completed, skipping
2026-05-16 13:55:00,352 INFO [APP] Already completed, skipping
2026-05-16 13:55:00,352 INFO [APTV] Already completed, skipping
2026-05-16 13:55:00,352 INFO [ACGL] Already completed, skipping
2026-05-16 13:55:00,352 INFO [ADM] Already completed, skipping
2026-05-16 13:55:00,352 INFO [ARES] Already completed, skipping
2026-05-16 13:55:00,352 INFO [ANET] Already completed, skipping
2026-05-16 13:55:00,352 INFO [AJG] Already completed, skipping
2026-05-16 13:55:00,352 INFO [AIZ] Already completed, skipping
2026-05-16 13:55:00,352 INFO [T] Already completed, skipping
2026-05-16 13:55:00,352 INFO [ATO] Already completed, skipping
2026-05-16 13:55:00,352 INFO [ADSK] Already completed, skipping
2026-05-16 13:55:00,352 INFO [ADP] Already completed, skipping
2026-05-16 13:55:00,352 INFO [AZO] Already completed, skipping
2026-05-16 13:55:00,352 INFO [AVB] Already completed, skipping
2026-05-16 13:55:00,352 INFO [AVY] Already completed, skipping
2026-05-16 13:55:00,352 INFO [AXON] Already completed, skipping
2026-05-16 13:55:00,352 INFO [BKR] Already completed, skipping
2026-05-16 13:55:00,352 INFO [BALL] Already completed, skipping
2026-05-16 13:55:00,352 INFO [BAC] Already completed, skipping
2026-05-16 13:55:00,353 INFO [BAX] Already completed, skipping
2026-05-16 13:55:00,353 INFO [BDX] Already completed, skipping
2026-05-16 13:55:00,353 INFO [BRK-B] Already completed, skipping
2026-05-16 13:55:00,353 INFO [BBY] Already completed, skipping
2026-05-16 13:55:00,353 INFO [TECH] Already completed, skipping
2026-05-16 13:55:00,353 INFO [BIIB] Already completed, skipping
2026-05-16 13:55:00,353 INFO [BLK] Already completed, skipping
2026-05-16 13:55:00,353 INFO [BX] Already completed, skipping
2026-05-16 13:55:00,353 INFO [XYZ] Already completed, skipping
2026-05-16 13:55:00,353 INFO [BK] Already completed, skipping
2026-05-16 13:55:00,353 INFO [BA] Already completed, skipping
2026-05-16 13:55:00,353 INFO [BKNG] Already completed, skipping
2026-05-16 13:55:00,353 INFO [BSX] Already completed, skipping
2026-05-16 13:55:00,353 INFO [BMY] Already completed, skipping
2026-05-16 13:55:00,353 INFO [AVGO] Already completed, skipping
2026-05-16 13:55:00,353 INFO [BR] Already completed, skipping
2026-05-16 13:55:00,353 INFO [BRO] Already completed, skipping
2026-05-16 13:55:00,353 INFO [BF-B] Already completed, skipping
2026-05-16 13:55:00,353 INFO [BLDR] Already completed, skipping
2026-05-16 13:55:00,353 INFO [BG] Already completed, skipping
2026-05-16 13:55:00,353 INFO [BXP] Already completed, skipping
2026-05-16 13:55:00,353 INFO [CHRW] Already completed, skipping
2026-05-16 13:55:00,353 INFO [CDNS] Already completed, skipping
2026-05-16 13:55:00,353 INFO [CPT] Already completed, skipping
2026-05-16 13:55:00,353 INFO [CPB] Already completed, skipping
2026-05-16 13:55:00,353 INFO [COF] Already completed, skipping
2026-05-16 13:55:00,353 INFO [CAH] Already completed, skipping
2026-05-16 13:55:00,353 INFO [CCL] Already completed, skipping
2026-05-16 13:55:00,353 INFO [CARR] Already completed, skipping
2026-05-16 13:55:00,353 INFO [CVNA] Already completed, skipping
2026-05-16 13:55:00,353 INFO [CASY] Already completed, skipping
2026-05-16 13:55:00,353 INFO [CAT] Already completed, skipping
2026-05-16 13:55:00,353 INFO [CBOE] Already completed, skipping
2026-05-16 13:55:00,353 INFO [CBRE] Already completed, skipping
2026-05-16 13:55:00,353 INFO [CDW] Already completed, skipping
2026-05-16 13:55:00,354 INFO [COR] Already completed, skipping
2026-05-16 13:55:00,354 INFO [CNC] Already completed, skipping
2026-05-16 13:55:00,354 INFO [CNP] Already completed, skipping
2026-05-16 13:55:00,354 INFO [CF] Already completed, skipping
2026-05-16 13:55:00,354 INFO [CRL] Already completed, skipping
2026-05-16 13:55:00,354 INFO [SCHW] Already completed, skipping
2026-05-16 13:55:00,354 INFO [CHTR] Already completed, skipping
2026-05-16 13:55:00,354 INFO [CVX] Already completed, skipping
2026-05-16 13:55:00,354 INFO [CMG] Already completed, skipping
2026-05-16 13:55:00,354 INFO [CB] Already completed, skipping
2026-05-16 13:55:00,354 INFO [CHD] Already completed, skipping
2026-05-16 13:55:00,354 INFO [CIEN] Already completed, skipping
2026-05-16 13:55:00,354 INFO [CI] Already completed, skipping
2026-05-16 13:55:00,354 INFO [CINF] Already completed, skipping
2026-05-16 13:55:00,354 INFO [CTAS] Already completed, skipping
2026-05-16 13:55:00,354 INFO [CSCO] Already completed, skipping
2026-05-16 13:55:00,354 INFO [C] Already completed, skipping
2026-05-16 13:55:00,354 INFO [CFG] Already completed, skipping
2026-05-16 13:55:00,354 INFO [CLX] Already completed, skipping
2026-05-16 13:55:00,354 INFO [CME] Already completed, skipping
2026-05-16 13:55:00,354 INFO [CMS] Already completed, skipping
2026-05-16 13:55:00,354 INFO [KO] Already completed, skipping
2026-05-16 13:55:00,354 INFO [CTSH] Already completed, skipping
2026-05-16 13:55:00,354 INFO [COHR] Already completed, skipping
2026-05-16 13:55:00,354 INFO [COIN] Already completed, skipping
2026-05-16 13:55:00,354 INFO [CL] Already completed, skipping
2026-05-16 13:55:00,354 INFO [CMCSA] Already completed, skipping
2026-05-16 13:55:00,354 INFO [FIX] Already completed, skipping
2026-05-16 13:55:00,354 INFO [CAG] Already completed, skipping
2026-05-16 13:55:00,354 INFO [COP] Already completed, skipping
2026-05-16 13:55:00,354 INFO [ED] Already completed, skipping
2026-05-16 13:55:00,354 INFO [STZ] Already completed, skipping
2026-05-16 13:55:00,354 INFO [CEG] Already completed, skipping
2026-05-16 13:55:00,354 INFO [COO] Already completed, skipping
2026-05-16 13:55:00,355 INFO [CPRT] Already completed, skipping
2026-05-16 13:55:00,355 INFO [GLW] Already completed, skipping
2026-05-16 13:55:00,355 INFO [CPAY] Already completed, skipping
2026-05-16 13:55:00,355 INFO [CTVA] Already completed, skipping
2026-05-16 13:55:00,355 INFO [CSGP] Already completed, skipping
2026-05-16 13:55:00,355 INFO [COST] Already completed, skipping
2026-05-16 13:55:00,355 INFO [CRH] Already completed, skipping
2026-05-16 13:55:00,355 INFO [CRWD] Already completed, skipping
2026-05-16 13:55:00,355 INFO [CCI] Already completed, skipping
2026-05-16 13:55:00,355 INFO [CSX] Already completed, skipping
2026-05-16 13:55:00,355 INFO [CMI] Already completed, skipping
2026-05-16 13:55:00,355 INFO [CVS] Already completed, skipping
2026-05-16 13:55:00,355 INFO [DHR] Already completed, skipping
2026-05-16 13:55:00,355 INFO [DRI] Already completed, skipping
2026-05-16 13:55:00,355 INFO [DDOG] Already completed, skipping
2026-05-16 13:55:00,355 INFO [DVA] Already completed, skipping
2026-05-16 13:55:00,355 INFO [DECK] Already completed, skipping
2026-05-16 13:55:00,355 INFO [DE] Already completed, skipping
2026-05-16 13:55:00,355 INFO [DELL] Already completed, skipping
2026-05-16 13:55:00,355 INFO [DAL] Already completed, skipping
2026-05-16 13:55:00,355 INFO [DVN] Already completed, skipping
2026-05-16 13:55:00,355 INFO [DXCM] Already completed, skipping
2026-05-16 13:55:00,356 INFO [FANG] Already completed, skipping
2026-05-16 13:55:00,356 INFO [DLR] Already completed, skipping
2026-05-16 13:55:00,356 INFO [DG] Already completed, skipping
2026-05-16 13:55:00,356 INFO [DLTR] Already completed, skipping
2026-05-16 13:55:00,356 INFO [D] Already completed, skipping
2026-05-16 13:55:00,356 INFO [DPZ] Already completed, skipping
2026-05-16 13:55:00,356 INFO [DASH] Already completed, skipping
2026-05-16 13:55:00,356 INFO [DOV] Already completed, skipping
2026-05-16 13:55:00,356 INFO [DOW] Already completed, skipping
2026-05-16 13:55:00,356 INFO [DHI] Already completed, skipping
2026-05-16 13:55:00,356 INFO [DTE] Already completed, skipping
2026-05-16 13:55:00,356 INFO [DUK] Already completed, skipping
2026-05-16 13:55:00,356 INFO [DD] Already completed, skipping
2026-05-16 13:55:00,356 INFO [ETN] Already completed, skipping
2026-05-16 13:55:00,356 INFO [EBAY] Already completed, skipping
2026-05-16 13:55:00,356 INFO [SATS] Already completed, skipping
2026-05-16 13:55:00,356 INFO [ECL] Already completed, skipping
2026-05-16 13:55:00,356 INFO [EIX] Already completed, skipping
2026-05-16 13:55:00,356 INFO [EW] Already completed, skipping
2026-05-16 13:55:00,356 INFO [EA] Already completed, skipping
2026-05-16 13:55:00,356 INFO [ELV] Already completed, skipping
2026-05-16 13:55:00,356 INFO [EME] Already completed, skipping
2026-05-16 13:55:00,356 INFO [EMR] Already completed, skipping
2026-05-16 13:55:00,356 INFO [ETR] Already completed, skipping
2026-05-16 13:55:00,356 INFO [EOG] Already completed, skipping
2026-05-16 13:55:00,356 INFO [EPAM] Already completed, skipping
2026-05-16 13:55:00,356 INFO [EQT] Already completed, skipping
2026-05-16 13:55:00,356 INFO [EFX] Already completed, skipping
2026-05-16 13:55:00,356 INFO [EQIX] Already completed, skipping
2026-05-16 13:55:00,356 INFO [EQR] Already completed, skipping
2026-05-16 13:55:00,356 INFO [ERIE] Already completed, skipping
2026-05-16 13:55:00,357 INFO [ESS] Already completed, skipping
2026-05-16 13:55:00,357 INFO [EL] Already completed, skipping
2026-05-16 13:55:00,357 INFO [EG] Already completed, skipping
2026-05-16 13:55:00,357 INFO [EVRG] Already completed, skipping
2026-05-16 13:55:00,357 INFO [ES] Already completed, skipping
2026-05-16 13:55:00,357 INFO [EXC] Already completed, skipping
2026-05-16 13:55:00,357 INFO [EXE] Already completed, skipping
2026-05-16 13:55:00,357 INFO [EXPE] Already completed, skipping
2026-05-16 13:55:00,357 INFO [EXPD] Already completed, skipping
2026-05-16 13:55:00,357 INFO [EXR] Already completed, skipping
2026-05-16 13:55:00,357 INFO [XOM] Already completed, skipping
2026-05-16 13:55:00,357 INFO [FFIV] Already completed, skipping
2026-05-16 13:55:00,357 INFO [FDS] Already completed, skipping
2026-05-16 13:55:00,357 INFO [FICO] Already completed, skipping
2026-05-16 13:55:00,357 INFO [FAST] Already completed, skipping
2026-05-16 13:55:00,357 INFO [FRT] Already completed, skipping
2026-05-16 13:55:00,357 INFO [FDX] Already completed, skipping
2026-05-16 13:55:00,357 INFO [FIS] Already completed, skipping
2026-05-16 13:55:00,357 INFO [FITB] Already completed, skipping
2026-05-16 13:55:00,357 INFO [FSLR] Already completed, skipping
2026-05-16 13:55:00,357 INFO [FE] Already completed, skipping
2026-05-16 13:55:00,357 INFO [FISV] Already completed, skipping
2026-05-16 13:55:00,357 INFO [F] Already completed, skipping
2026-05-16 13:55:00,357 INFO [FTNT] Already completed, skipping
2026-05-16 13:55:00,357 INFO [FTV] Already completed, skipping
2026-05-16 13:55:00,357 INFO [FOXA] Already completed, skipping
2026-05-16 13:55:00,357 INFO [FOX] Already completed, skipping
2026-05-16 13:55:00,357 INFO [BEN] Already completed, skipping
2026-05-16 13:55:00,357 INFO [FCX] Already completed, skipping
2026-05-16 13:55:00,357 INFO [GRMN] Already completed, skipping
2026-05-16 13:55:00,358 INFO [IT] Already completed, skipping
2026-05-16 13:55:00,358 INFO [GE] Already completed, skipping
2026-05-16 13:55:00,358 INFO [GEHC] Already completed, skipping
2026-05-16 13:55:00,358 INFO [GEV] Already completed, skipping
2026-05-16 13:55:00,358 INFO [GEN] Already completed, skipping
2026-05-16 13:55:00,358 INFO [GNRC] Already completed, skipping
2026-05-16 13:55:00,358 INFO [GD] Already completed, skipping
2026-05-16 13:55:00,358 INFO [GIS] Already completed, skipping
2026-05-16 13:55:00,358 INFO [GM] Already completed, skipping
2026-05-16 13:55:00,358 INFO [GPC] Already completed, skipping
2026-05-16 13:55:00,358 INFO [GILD] Already completed, skipping
2026-05-16 13:55:00,358 INFO [GPN] Already completed, skipping
2026-05-16 13:55:00,358 INFO [GL] Already completed, skipping
2026-05-16 13:55:00,358 INFO [GDDY] Already completed, skipping
2026-05-16 13:55:00,358 INFO [GS] Already completed, skipping
2026-05-16 13:55:00,358 INFO [HAL] Already completed, skipping
2026-05-16 13:55:00,358 INFO [HIG] Already completed, skipping
2026-05-16 13:55:00,358 INFO [HAS] Already completed, skipping
2026-05-16 13:55:00,358 INFO [HCA] Already completed, skipping
2026-05-16 13:55:00,358 INFO [DOC] Already completed, skipping
2026-05-16 13:55:00,358 INFO [HSIC] Already completed, skipping
2026-05-16 13:55:00,358 INFO [HSY] Already completed, skipping
2026-05-16 13:55:00,358 INFO [HPE] Already completed, skipping
2026-05-16 13:55:00,358 INFO [HLT] Already completed, skipping
2026-05-16 13:55:00,358 INFO [HD] Already completed, skipping
2026-05-16 13:55:00,358 INFO [HON] Already completed, skipping
2026-05-16 13:55:00,358 INFO [HRL] Already completed, skipping
2026-05-16 13:55:00,358 INFO [HST] Already completed, skipping
2026-05-16 13:55:00,358 INFO [HWM] Already completed, skipping
2026-05-16 13:55:00,358 INFO [HPQ] Already completed, skipping
2026-05-16 13:55:00,359 INFO [HUBB] Already completed, skipping
2026-05-16 13:55:00,359 INFO [HUM] Already completed, skipping
2026-05-16 13:55:00,359 INFO [HBAN] Already completed, skipping
2026-05-16 13:55:00,359 INFO [HII] Already completed, skipping
2026-05-16 13:55:00,359 INFO [IBM] Already completed, skipping
2026-05-16 13:55:00,359 INFO [IEX] Already completed, skipping
2026-05-16 13:55:00,359 INFO [IDXX] Already completed, skipping
2026-05-16 13:55:00,359 INFO [ITW] Already completed, skipping
2026-05-16 13:55:00,359 INFO [INCY] Already completed, skipping
2026-05-16 13:55:00,359 INFO [IR] Already completed, skipping
2026-05-16 13:55:00,359 INFO [PODD] Already completed, skipping
2026-05-16 13:55:00,359 INFO [INTC] Already completed, skipping
2026-05-16 13:55:00,359 INFO [IBKR] Already completed, skipping
2026-05-16 13:55:00,359 INFO [ICE] Already completed, skipping
2026-05-16 13:55:00,359 INFO [IFF] Already completed, skipping
2026-05-16 13:55:00,359 INFO [IP] Already completed, skipping
2026-05-16 13:55:00,359 INFO [INTU] Already completed, skipping
2026-05-16 13:55:00,359 INFO [ISRG] Already completed, skipping
2026-05-16 13:55:00,359 INFO [IVZ] Already completed, skipping
2026-05-16 13:55:00,359 INFO [INVH] Already completed, skipping
2026-05-16 13:55:00,359 INFO [IQV] Already completed, skipping
2026-05-16 13:55:00,359 INFO [IRM] Already completed, skipping
2026-05-16 13:55:00,359 INFO [JBHT] Already completed, skipping
2026-05-16 13:55:00,359 INFO [JBL] Already completed, skipping
2026-05-16 13:55:00,359 INFO [JKHY] Already completed, skipping
2026-05-16 13:55:00,359 INFO [J] Already completed, skipping
2026-05-16 13:55:00,359 INFO [JNJ] Already completed, skipping
2026-05-16 13:55:00,359 INFO [JCI] Already completed, skipping
2026-05-16 13:55:00,359 INFO [JPM] Already completed, skipping
2026-05-16 13:55:00,359 INFO [KVUE] Already completed, skipping
2026-05-16 13:55:00,359 INFO [KDP] Already completed, skipping
2026-05-16 13:55:00,359 INFO [KEY] Already completed, skipping
2026-05-16 13:55:00,360 INFO [KEYS] Already completed, skipping
2026-05-16 13:55:00,360 INFO [KMB] Already completed, skipping
2026-05-16 13:55:00,360 INFO [KIM] Already completed, skipping
2026-05-16 13:55:00,360 INFO [KMI] Already completed, skipping
2026-05-16 13:55:00,360 INFO [KKR] Already completed, skipping
2026-05-16 13:55:00,360 INFO [KLAC] Already completed, skipping
2026-05-16 13:55:00,360 INFO [KHC] Already completed, skipping
2026-05-16 13:55:00,360 INFO [KR] Already completed, skipping
2026-05-16 13:55:00,360 INFO [LHX] Already completed, skipping
2026-05-16 13:55:00,360 INFO [LH] Already completed, skipping
2026-05-16 13:55:00,360 INFO [LRCX] Already completed, skipping
2026-05-16 13:55:00,360 INFO [LVS] Already completed, skipping
2026-05-16 13:55:00,360 INFO [LDOS] Already completed, skipping
2026-05-16 13:55:00,360 INFO [LEN] Already completed, skipping
2026-05-16 13:55:00,360 INFO [LII] Already completed, skipping
2026-05-16 13:55:00,360 INFO [LLY] Already completed, skipping
2026-05-16 13:55:00,360 INFO [LIN] Already completed, skipping
2026-05-16 13:55:00,360 INFO [LYV] Already completed, skipping
2026-05-16 13:55:00,360 INFO [LMT] Already completed, skipping
2026-05-16 13:55:00,360 INFO [L] Already completed, skipping
2026-05-16 13:55:00,360 INFO [LOW] Already completed, skipping
2026-05-16 13:55:00,360 INFO [LULU] Already completed, skipping
2026-05-16 13:55:00,360 INFO [LITE] Already completed, skipping
2026-05-16 13:55:00,360 INFO [LYB] Already completed, skipping
2026-05-16 13:55:00,360 INFO [MTB] Already completed, skipping
2026-05-16 13:55:00,360 INFO [MPC] Already completed, skipping
2026-05-16 13:55:00,360 INFO [MAR] Already completed, skipping
2026-05-16 13:55:00,360 INFO [MRSH] Already completed, skipping
2026-05-16 13:55:00,360 INFO [MLM] Already completed, skipping
2026-05-16 13:55:00,360 INFO [MAS] Already completed, skipping
2026-05-16 13:55:00,360 INFO [MA] Already completed, skipping
2026-05-16 13:55:00,361 INFO [MKC] Already completed, skipping
2026-05-16 13:55:00,361 INFO [MCD] Already completed, skipping
2026-05-16 13:55:00,361 INFO Progress: 306/503 | [MCK] McKesson Corporation (Health Care)
2026-05-16 13:55:00,460 INFO [MCK] Starting pipeline...
2026-05-16 13:55:00,460 INFO [MCK] 10-K already downloaded
2026-05-16 13:55:00,460 INFO [MCK] Extraction already done
2026-05-16 13:55:00,460 INFO [MCK] Porter already done
2026-05-16 13:55:00,460 INFO [MCK] Financials already done
2026-05-16 13:55:59,505 INFO [MCK] ✓ Pipeline complete
2026-05-16 13:56:01,513 INFO Progress: 307/503 | [MDT] Medtronic (Health Care)
2026-05-16 13:56:01,514 INFO [MDT] Starting pipeline...
2026-05-16 13:57:25,962 INFO [MDT] ✓ Pipeline complete
2026-05-16 13:57:27,966 INFO Progress: 308/503 | [MRK] Merck & Co. (Health Care)
2026-05-16 13:57:27,967 INFO [MRK] Starting pipeline...
2026-05-16 13:58:53,743 INFO [MRK] ✓ Pipeline complete
2026-05-16 13:58:55,751 INFO Progress: 309/503 | [META] Meta Platforms (Communication Services)
2026-05-16 13:58:55,751 INFO [META] Starting pipeline...
2026-05-16 14:00:19,794 INFO [META] ✓ Pipeline complete
2026-05-16 14:00:21,801 INFO Progress: 310/503 | [MET] MetLife (Financials)
2026-05-16 14:00:21,801 INFO [MET] Starting pipeline...
2026-05-16 14:01:32,325 INFO [MET] ✓ Pipeline complete
2026-05-16 14:01:34,339 INFO Progress: 311/503 | [MTD] Mettler Toledo (Health Care)
2026-05-16 14:01:34,339 INFO [MTD] Starting pipeline...
2026-05-16 14:02:57,387 INFO [MTD] ✓ Pipeline complete
2026-05-16 14:02:59,393 INFO Progress: 312/503 | [MGM] MGM Resorts (Consumer Discretionary)
2026-05-16 14:02:59,393 INFO [MGM] Starting pipeline...
2026-05-16 14:04:21,369 INFO [MGM] ✓ Pipeline complete
2026-05-16 14:04:23,382 INFO Progress: 313/503 | [MCHP] Microchip Technology (Information Technology)
2026-05-16 14:04:23,382 INFO [MCHP] Starting pipeline...
2026-05-16 14:05:46,803 INFO [MCHP] ✓ Pipeline complete
2026-05-16 14:05:48,813 INFO Progress: 314/503 | [MU] Micron Technology (Information Technology)
2026-05-16 14:05:48,813 INFO [MU] Starting pipeline...
2026-05-16 14:07:12,061 INFO [MU] ✓ Pipeline complete
2026-05-16 14:07:14,073 INFO Progress: 315/503 | [MSFT] Microsoft (Information Technology)
2026-05-16 14:07:14,073 INFO [MSFT] Starting pipeline...
2026-05-16 14:07:14,075 INFO [MSFT] 10-K already downloaded
2026-05-16 14:07:14,075 INFO [MSFT] Extraction already done
2026-05-16 14:07:14,076 INFO [MSFT] Porter already done
2026-05-16 14:07:14,076 INFO [MSFT] Financials already done
2026-05-16 14:07:14,076 INFO [MSFT] Investment already done
2026-05-16 14:07:14,076 INFO [MSFT] ✓ Pipeline complete
2026-05-16 14:07:16,086 INFO Progress: 316/503 | [MAA] Mid-America Apartment Communities (Real Estate)
2026-05-16 14:07:16,086 INFO [MAA] Starting pipeline...
2026-05-16 14:08:34,703 INFO [MAA] ✓ Pipeline complete
2026-05-16 14:08:36,717 INFO Progress: 317/503 | [MRNA] Moderna (Health Care)
2026-05-16 14:08:36,718 INFO [MRNA] Starting pipeline...
2026-05-16 14:09:58,382 INFO [MRNA] ✓ Pipeline complete
2026-05-16 14:10:00,391 INFO Progress: 318/503 | [TAP] Molson Coors Beverage Company (Consumer Staples)
2026-05-16 14:10:00,392 INFO [TAP] Starting pipeline...
2026-05-16 14:11:26,365 INFO [TAP] ✓ Pipeline complete
2026-05-16 14:11:28,376 INFO Progress: 319/503 | [MDLZ] Mondelez International (Consumer Staples)
2026-05-16 14:11:28,377 INFO [MDLZ] Starting pipeline...
2026-05-16 14:12:42,338 INFO [MDLZ] ✓ Pipeline complete
2026-05-16 14:12:44,345 INFO Progress: 320/503 | [MPWR] Monolithic Power Systems (Information Technology)
2026-05-16 14:12:44,345 INFO [MPWR] Starting pipeline...
2026-05-16 14:14:07,012 INFO [MPWR] ✓ Pipeline complete
2026-05-16 14:14:09,022 INFO Progress: 321/503 | [MNST] Monster Beverage (Consumer Staples)
2026-05-16 14:14:09,022 INFO [MNST] Starting pipeline...
2026-05-16 14:15:36,429 INFO [MNST] ✓ Pipeline complete
2026-05-16 14:15:38,443 INFO Progress: 322/503 | [MCO] Moody's Corporation (Financials)
2026-05-16 14:15:38,444 INFO [MCO] Starting pipeline...
2026-05-16 14:16:58,942 INFO [MCO] ✓ Pipeline complete
2026-05-16 14:17:00,951 INFO Progress: 323/503 | [MS] Morgan Stanley (Financials)
2026-05-16 14:17:00,952 INFO [MS] Starting pipeline...
2026-05-16 14:18:14,756 INFO [MS] ✓ Pipeline complete
2026-05-16 14:18:16,766 INFO Progress: 324/503 | [MOS] Mosaic Company (The) (Materials)
2026-05-16 14:18:16,766 INFO [MOS] Starting pipeline...
2026-05-16 14:19:35,621 INFO [MOS] ✓ Pipeline complete
2026-05-16 14:19:37,634 INFO Progress: 325/503 | [MSI] Motorola Solutions (Information Technology)
2026-05-16 14:19:37,635 INFO [MSI] Starting pipeline...
2026-05-16 14:21:00,186 INFO [MSI] ✓ Pipeline complete
2026-05-16 14:21:02,194 INFO Progress: 326/503 | [MSCI] MSCI Inc. (Financials)
2026-05-16 14:21:02,195 INFO [MSCI] Starting pipeline...
2026-05-16 14:22:29,905 INFO [MSCI] ✓ Pipeline complete
2026-05-16 14:22:31,915 INFO Progress: 327/503 | [NDAQ] Nasdaq, Inc. (Financials)
2026-05-16 14:22:31,916 INFO [NDAQ] Starting pipeline...
2026-05-16 14:23:59,522 INFO [NDAQ] ✓ Pipeline complete
2026-05-16 14:24:01,532 INFO Progress: 328/503 | [NTAP] NetApp (Information Technology)
2026-05-16 14:24:01,532 INFO [NTAP] Starting pipeline...
2026-05-16 14:25:25,434 INFO [NTAP] ✓ Pipeline complete
2026-05-16 14:25:27,443 INFO Progress: 329/503 | [NFLX] Netflix (Communication Services)
2026-05-16 14:25:27,444 INFO [NFLX] Starting pipeline...
2026-05-16 14:26:58,745 INFO [NFLX] ✓ Pipeline complete
2026-05-16 14:27:00,753 INFO Progress: 330/503 | [NEM] Newmont (Materials)
2026-05-16 14:27:00,753 INFO [NEM] Starting pipeline...
2026-05-16 14:28:25,344 INFO [NEM] ✓ Pipeline complete
2026-05-16 14:28:27,353 INFO Progress: 331/503 | [NWSA] News Corp (Class A) (Communication Services)
2026-05-16 14:28:27,354 INFO [NWSA] Starting pipeline...
2026-05-16 14:29:45,229 INFO [NWSA] ✓ Pipeline complete
2026-05-16 14:29:47,239 INFO Progress: 332/503 | [NWS] News Corp (Class B) (Communication Services)
2026-05-16 14:29:47,240 INFO [NWS] Starting pipeline...
2026-05-16 14:31:15,617 INFO [NWS] ✓ Pipeline complete
2026-05-16 14:31:17,626 INFO Progress: 333/503 | [NEE] NextEra Energy (Utilities)
2026-05-16 14:31:17,627 INFO [NEE] Starting pipeline...
2026-05-16 14:32:32,067 INFO [NEE] ✓ Pipeline complete
2026-05-16 14:32:34,075 INFO Progress: 334/503 | [NKE] Nike, Inc. (Consumer Discretionary)
2026-05-16 14:32:34,075 INFO [NKE] Starting pipeline...
2026-05-16 14:33:52,748 INFO [NKE] ✓ Pipeline complete
2026-05-16 14:33:54,756 INFO Progress: 335/503 | [NI] NiSource (Utilities)
2026-05-16 14:33:54,756 INFO [NI] Starting pipeline...
2026-05-16 14:35:16,504 INFO [NI] ✓ Pipeline complete
2026-05-16 14:35:18,519 INFO Progress: 336/503 | [NDSN] Nordson Corporation (Industrials)
2026-05-16 14:35:18,520 INFO [NDSN] Starting pipeline...
2026-05-16 14:36:44,979 INFO [NDSN] ✓ Pipeline complete
2026-05-16 14:36:46,990 INFO Progress: 337/503 | [NSC] Norfolk Southern (Industrials)
2026-05-16 14:36:46,990 INFO [NSC] Starting pipeline...
2026-05-16 14:38:12,125 INFO [NSC] ✓ Pipeline complete
2026-05-16 14:38:14,138 INFO Progress: 338/503 | [NTRS] Northern Trust (Financials)
2026-05-16 14:38:14,139 INFO [NTRS] Starting pipeline...
2026-05-16 14:39:28,683 INFO [NTRS] ✓ Pipeline complete
2026-05-16 14:39:30,694 INFO Progress: 339/503 | [NOC] Northrop Grumman (Industrials)
2026-05-16 14:39:30,695 INFO [NOC] Starting pipeline...
2026-05-16 14:40:56,281 WARNING [NOC] Investment analysis failed — continuing anyway
2026-05-16 14:40:57,292 INFO [NOC] ✓ Pipeline complete
2026-05-16 14:40:59,294 INFO Progress: 340/503 | [NCLH] Norwegian Cruise Line Holdings (Consumer Discretionary)
2026-05-16 14:40:59,295 INFO [NCLH] Starting pipeline...
2026-05-16 14:42:19,381 INFO [NCLH] ✓ Pipeline complete
2026-05-16 14:42:21,394 INFO Progress: 341/503 | [NRG] NRG Energy (Utilities)
2026-05-16 14:42:21,394 INFO [NRG] Starting pipeline...
2026-05-16 14:43:36,676 INFO [NRG] ✓ Pipeline complete
2026-05-16 14:43:38,691 INFO Progress: 342/503 | [NUE] Nucor (Materials)
2026-05-16 14:43:38,692 INFO [NUE] Starting pipeline...
2026-05-16 14:45:04,333 INFO [NUE] ✓ Pipeline complete
2026-05-16 14:45:06,345 INFO Progress: 343/503 | [NVDA] Nvidia (Information Technology)
2026-05-16 14:45:06,346 INFO [NVDA] Starting pipeline...
2026-05-16 14:46:34,313 WARNING [NVDA] Investment analysis failed — continuing anyway
2026-05-16 14:46:35,317 INFO [NVDA] ✓ Pipeline complete
2026-05-16 14:46:37,331 INFO Progress: 344/503 | [NVR] NVR, Inc. (Consumer Discretionary)
2026-05-16 14:46:37,331 INFO [NVR] Starting pipeline...
2026-05-16 14:47:54,373 INFO [NVR] ✓ Pipeline complete
2026-05-16 14:47:56,383 INFO Progress: 345/503 | [NXPI] NXP Semiconductors (Information Technology)
2026-05-16 14:47:56,383 INFO [NXPI] Starting pipeline...
2026-05-16 14:49:27,461 INFO [NXPI] ✓ Pipeline complete
2026-05-16 14:49:29,470 INFO Progress: 346/503 | [ORLY] O’Reilly Automotive (Consumer Discretionary)
2026-05-16 14:49:29,470 INFO [ORLY] Starting pipeline...
2026-05-16 14:50:46,584 INFO [ORLY] ✓ Pipeline complete
2026-05-16 14:50:48,592 INFO Progress: 347/503 | [OXY] Occidental Petroleum (Energy)
2026-05-16 14:50:48,593 INFO [OXY] Starting pipeline...
2026-05-16 14:52:16,372 INFO [OXY] ✓ Pipeline complete
2026-05-16 14:52:18,384 INFO Progress: 348/503 | [ODFL] Old Dominion (Industrials)
2026-05-16 14:52:18,384 INFO [ODFL] Starting pipeline...
2026-05-16 14:53:34,922 INFO [ODFL] ✓ Pipeline complete
2026-05-16 14:53:36,932 INFO Progress: 349/503 | [OMC] Omnicom Group (Communication Services)
2026-05-16 14:53:36,933 INFO [OMC] Starting pipeline...
2026-05-16 14:54:56,679 INFO [OMC] ✓ Pipeline complete
2026-05-16 14:54:58,683 INFO Progress: 350/503 | [ON] ON Semiconductor (Information Technology)
2026-05-16 14:54:58,683 INFO [ON] Starting pipeline...
2026-05-16 14:56:21,226 INFO [ON] ✓ Pipeline complete
2026-05-16 14:56:23,236 INFO Progress: 351/503 | [OKE] Oneok (Energy)
2026-05-16 14:56:23,236 INFO [OKE] Starting pipeline...
2026-05-16 14:57:48,115 INFO [OKE] ✓ Pipeline complete
2026-05-16 14:57:50,120 INFO Progress: 352/503 | [ORCL] Oracle Corporation (Information Technology)
2026-05-16 14:57:50,120 INFO [ORCL] Starting pipeline...
2026-05-16 14:59:10,471 INFO [ORCL] ✓ Pipeline complete
2026-05-16 14:59:12,480 INFO Progress: 353/503 | [OTIS] Otis Worldwide (Industrials)
2026-05-16 14:59:12,481 INFO [OTIS] Starting pipeline...
2026-05-16 15:00:32,748 INFO [OTIS] ✓ Pipeline complete
2026-05-16 15:00:34,758 INFO Progress: 354/503 | [PCAR] Paccar (Industrials)
2026-05-16 15:00:34,758 INFO [PCAR] Starting pipeline...
2026-05-16 15:01:59,591 INFO [PCAR] ✓ Pipeline complete
2026-05-16 15:02:01,600 INFO Progress: 355/503 | [PKG] Packaging Corporation of America (Materials)
2026-05-16 15:02:01,600 INFO [PKG] Starting pipeline...
2026-05-16 15:03:18,483 INFO [PKG] ✓ Pipeline complete
2026-05-16 15:03:20,493 INFO Progress: 356/503 | [PLTR] Palantir Technologies (Information Technology)
2026-05-16 15:03:20,493 INFO [PLTR] Starting pipeline...
2026-05-16 15:04:44,405 INFO [PLTR] ✓ Pipeline complete
2026-05-16 15:04:46,412 INFO Progress: 357/503 | [PANW] Palo Alto Networks (Information Technology)
2026-05-16 15:04:46,413 INFO [PANW] Starting pipeline...
2026-05-16 15:06:14,301 INFO [PANW] ✓ Pipeline complete
2026-05-16 15:06:16,307 INFO Progress: 358/503 | [PSKY] Paramount Skydance Corporation (Communication Services)
2026-05-16 15:06:16,307 INFO [PSKY] Starting pipeline...
2026-05-16 15:07:42,777 INFO [PSKY] ✓ Pipeline complete
2026-05-16 15:07:44,779 INFO Progress: 359/503 | [PH] Parker Hannifin (Industrials)
2026-05-16 15:07:44,779 INFO [PH] Starting pipeline...
2026-05-16 15:09:10,611 INFO [PH] ✓ Pipeline complete
2026-05-16 15:09:12,621 INFO Progress: 360/503 | [PAYX] Paychex (Industrials)
2026-05-16 15:09:12,621 INFO [PAYX] Starting pipeline...
2026-05-16 15:10:34,710 INFO [PAYX] ✓ Pipeline complete
2026-05-16 15:10:36,720 INFO Progress: 361/503 | [PYPL] PayPal (Financials)
2026-05-16 15:10:36,721 INFO [PYPL] Starting pipeline...
2026-05-16 15:12:04,339 INFO [PYPL] ✓ Pipeline complete
2026-05-16 15:12:06,347 INFO Progress: 362/503 | [PNR] Pentair (Industrials)
2026-05-16 15:12:06,347 INFO [PNR] Starting pipeline...
2026-05-16 15:13:16,711 INFO [PNR] ✓ Pipeline complete
2026-05-16 15:13:18,719 INFO Progress: 363/503 | [PEP] PepsiCo (Consumer Staples)
2026-05-16 15:13:18,719 INFO [PEP] Starting pipeline...
2026-05-16 15:14:43,779 INFO [PEP] ✓ Pipeline complete
2026-05-16 15:14:45,788 INFO Progress: 364/503 | [PFE] Pfizer (Health Care)
2026-05-16 15:14:45,788 INFO [PFE] Starting pipeline...
2026-05-16 15:16:14,420 INFO [PFE] ✓ Pipeline complete
2026-05-16 15:16:16,424 INFO Progress: 365/503 | [PCG] PG&E Corporation (Utilities)
2026-05-16 15:16:16,424 INFO [PCG] Starting pipeline...
2026-05-16 15:17:31,117 INFO [PCG] ✓ Pipeline complete
2026-05-16 15:17:33,128 INFO Progress: 366/503 | [PM] Philip Morris International (Consumer Staples)
2026-05-16 15:17:33,128 INFO [PM] Starting pipeline...
2026-05-16 15:18:57,140 INFO [PM] ✓ Pipeline complete
2026-05-16 15:18:59,150 INFO Progress: 367/503 | [PSX] Phillips 66 (Energy)
2026-05-16 15:18:59,150 INFO [PSX] Starting pipeline...
2026-05-16 15:20:18,820 INFO [PSX] ✓ Pipeline complete
2026-05-16 15:20:20,831 INFO Progress: 368/503 | [PNW] Pinnacle West Capital (Utilities)
2026-05-16 15:20:20,831 INFO [PNW] Starting pipeline...
2026-05-16 15:21:36,439 INFO [PNW] ✓ Pipeline complete
2026-05-16 15:21:38,449 INFO Progress: 369/503 | [PNC] PNC Financial Services (Financials)
2026-05-16 15:21:38,450 INFO [PNC] Starting pipeline...
2026-05-16 15:23:03,369 INFO [PNC] ✓ Pipeline complete
2026-05-16 15:23:05,379 INFO Progress: 370/503 | [POOL] Pool Corporation (Consumer Discretionary)
2026-05-16 15:23:05,379 INFO [POOL] Starting pipeline...
2026-05-16 15:24:20,618 INFO [POOL] ✓ Pipeline complete
2026-05-16 15:24:22,621 INFO Progress: 371/503 | [PPG] PPG Industries (Materials)
2026-05-16 15:24:22,621 INFO [PPG] Starting pipeline...
2026-05-16 15:25:39,109 INFO [PPG] ✓ Pipeline complete
2026-05-16 15:25:41,118 INFO Progress: 372/503 | [PPL] PPL Corporation (Utilities)
2026-05-16 15:25:41,119 INFO [PPL] Starting pipeline...
2026-05-16 15:27:11,090 INFO [PPL] ✓ Pipeline complete
2026-05-16 15:27:13,097 INFO Progress: 373/503 | [PFG] Principal Financial Group (Financials)
2026-05-16 15:27:13,097 INFO [PFG] Starting pipeline...
2026-05-16 15:28:23,362 INFO [PFG] ✓ Pipeline complete
2026-05-16 15:28:25,371 INFO Progress: 374/503 | [PG] Procter & Gamble (Consumer Staples)
2026-05-16 15:28:25,371 INFO [PG] Starting pipeline...
2026-05-16 15:29:42,440 INFO [PG] ✓ Pipeline complete
2026-05-16 15:29:44,444 INFO Progress: 375/503 | [PGR] Progressive Corporation (Financials)
2026-05-16 15:29:44,444 INFO [PGR] Starting pipeline...
2026-05-16 15:31:07,591 INFO [PGR] ✓ Pipeline complete
2026-05-16 15:31:09,599 INFO Progress: 376/503 | [PLD] Prologis (Real Estate)
2026-05-16 15:31:09,599 INFO [PLD] Starting pipeline...
2026-05-16 15:32:36,002 INFO [PLD] ✓ Pipeline complete
2026-05-16 15:32:38,011 INFO Progress: 377/503 | [PRU] Prudential Financial (Financials)
2026-05-16 15:32:38,011 INFO [PRU] Starting pipeline...
2026-05-16 15:34:01,929 INFO [PRU] ✓ Pipeline complete
2026-05-16 15:34:03,936 INFO Progress: 378/503 | [PEG] Public Service Enterprise Group (Utilities)
2026-05-16 15:34:03,936 INFO [PEG] Starting pipeline...
2026-05-16 15:35:30,645 INFO [PEG] ✓ Pipeline complete
2026-05-16 15:35:32,655 INFO Progress: 379/503 | [PTC] PTC Inc. (Information Technology)
2026-05-16 15:35:32,655 INFO [PTC] Starting pipeline...
2026-05-16 15:36:44,677 INFO [PTC] ✓ Pipeline complete
2026-05-16 15:36:46,684 INFO Progress: 380/503 | [PSA] Public Storage (Real Estate)
2026-05-16 15:36:46,685 INFO [PSA] Starting pipeline...
2026-05-16 15:38:11,643 INFO [PSA] ✓ Pipeline complete
2026-05-16 15:38:13,649 INFO Progress: 381/503 | [PHM] PulteGroup (Consumer Discretionary)
2026-05-16 15:38:13,649 INFO [PHM] Starting pipeline...
2026-05-16 15:39:33,194 INFO [PHM] ✓ Pipeline complete
2026-05-16 15:39:35,199 INFO Progress: 382/503 | [PWR] Quanta Services (Industrials)
2026-05-16 15:39:35,199 INFO [PWR] Starting pipeline...
2026-05-16 15:41:00,364 INFO [PWR] ✓ Pipeline complete
2026-05-16 15:41:02,371 INFO Progress: 383/503 | [QCOM] Qualcomm (Information Technology)
2026-05-16 15:41:02,371 INFO [QCOM] Starting pipeline...
2026-05-16 15:42:29,425 INFO [QCOM] ✓ Pipeline complete
2026-05-16 15:42:31,430 INFO Progress: 384/503 | [DGX] Quest Diagnostics (Health Care)
2026-05-16 15:42:31,431 INFO [DGX] Starting pipeline...
2026-05-16 15:43:56,531 INFO [DGX] ✓ Pipeline complete
2026-05-16 15:43:58,537 INFO Progress: 385/503 | [Q] Qnity Electronics (Information Technology)
2026-05-16 15:43:58,537 INFO [Q] Starting pipeline...
2026-05-16 15:45:21,195 INFO [Q] ✓ Pipeline complete
2026-05-16 15:45:23,209 INFO Progress: 386/503 | [RL] Ralph Lauren Corporation (Consumer Discretionary)
2026-05-16 15:45:23,210 INFO [RL] Starting pipeline...
2026-05-16 15:46:51,505 INFO [RL] ✓ Pipeline complete
2026-05-16 15:46:53,515 INFO Progress: 387/503 | [RJF] Raymond James Financial (Financials)
2026-05-16 15:46:53,515 INFO [RJF] Starting pipeline...
2026-05-16 15:48:15,305 INFO [RJF] ✓ Pipeline complete
2026-05-16 15:48:17,311 INFO Progress: 388/503 | [RTX] RTX Corporation (Industrials)
2026-05-16 15:48:17,312 INFO [RTX] Starting pipeline...
2026-05-16 15:49:40,198 INFO [RTX] ✓ Pipeline complete
2026-05-16 15:49:42,206 INFO Progress: 389/503 | [O] Realty Income (Real Estate)
2026-05-16 15:49:42,206 INFO [O] Starting pipeline...
2026-05-16 15:51:08,151 INFO [O] ✓ Pipeline complete
2026-05-16 15:51:10,162 INFO Progress: 390/503 | [REG] Regency Centers (Real Estate)
2026-05-16 15:51:10,163 INFO [REG] Starting pipeline...
2026-05-16 15:52:35,704 INFO [REG] ✓ Pipeline complete
2026-05-16 15:52:37,713 INFO Progress: 391/503 | [REGN] Regeneron Pharmaceuticals (Health Care)
2026-05-16 15:52:37,714 INFO [REGN] Starting pipeline...
2026-05-16 15:54:06,407 INFO [REGN] ✓ Pipeline complete
2026-05-16 15:54:08,416 INFO Progress: 392/503 | [RF] Regions Financial Corporation (Financials)
2026-05-16 15:54:08,416 INFO [RF] Starting pipeline...
2026-05-16 15:55:33,746 INFO [RF] ✓ Pipeline complete
2026-05-16 15:55:35,760 INFO Progress: 393/503 | [RSG] Republic Services (Industrials)
2026-05-16 15:55:35,760 INFO [RSG] Starting pipeline...
2026-05-16 15:56:54,013 INFO [RSG] ✓ Pipeline complete
2026-05-16 15:56:56,028 INFO Progress: 394/503 | [RMD] ResMed (Health Care)
2026-05-16 15:56:56,028 INFO [RMD] Starting pipeline...
2026-05-16 15:58:17,775 INFO [RMD] ✓ Pipeline complete
2026-05-16 15:58:19,788 INFO Progress: 395/503 | [RVTY] Revvity (Health Care)
2026-05-16 15:58:19,788 INFO [RVTY] Starting pipeline...
2026-05-16 15:59:46,182 WARNING [RVTY] Investment analysis failed — continuing anyway
2026-05-16 15:59:47,186 INFO [RVTY] ✓ Pipeline complete
2026-05-16 15:59:49,201 INFO Progress: 396/503 | [HOOD] Robinhood Markets (Financials)
2026-05-16 15:59:49,201 INFO [HOOD] Starting pipeline...
2026-05-16 16:01:14,946 INFO [HOOD] ✓ Pipeline complete
2026-05-16 16:01:16,957 INFO Progress: 397/503 | [ROK] Rockwell Automation (Industrials)
2026-05-16 16:01:16,958 INFO [ROK] Starting pipeline...
2026-05-16 16:02:37,420 INFO [ROK] ✓ Pipeline complete
2026-05-16 16:02:39,431 INFO Progress: 398/503 | [ROL] Rollins, Inc. (Industrials)
2026-05-16 16:02:39,431 INFO [ROL] Starting pipeline...
2026-05-16 16:03:53,216 INFO [ROL] ✓ Pipeline complete
2026-05-16 16:03:55,222 INFO Progress: 399/503 | [ROP] Roper Technologies (Information Technology)
2026-05-16 16:03:55,222 INFO [ROP] Starting pipeline...
2026-05-16 16:05:14,106 INFO [ROP] ✓ Pipeline complete
2026-05-16 16:05:16,114 INFO Progress: 400/503 | [ROST] Ross Stores (Consumer Discretionary)
2026-05-16 16:05:16,115 INFO [ROST] Starting pipeline...
2026-05-16 16:06:37,208 INFO [ROST] ✓ Pipeline complete
2026-05-16 16:06:39,216 INFO Progress: 401/503 | [RCL] Royal Caribbean Group (Consumer Discretionary)
2026-05-16 16:06:39,216 INFO [RCL] Starting pipeline...
2026-05-16 16:07:59,287 INFO [RCL] ✓ Pipeline complete
2026-05-16 16:08:01,295 INFO Progress: 402/503 | [SPGI] S&P Global (Financials)
2026-05-16 16:08:01,296 INFO [SPGI] Starting pipeline...
2026-05-16 16:09:21,864 INFO [SPGI] ✓ Pipeline complete
2026-05-16 16:09:23,872 INFO Progress: 403/503 | [CRM] Salesforce (Information Technology)
2026-05-16 16:09:23,872 INFO [CRM] Starting pipeline...
2026-05-16 16:10:46,307 INFO [CRM] ✓ Pipeline complete
2026-05-16 16:10:48,315 INFO Progress: 404/503 | [SNDK] Sandisk (Information Technology)
2026-05-16 16:10:48,316 INFO [SNDK] Starting pipeline...
2026-05-16 16:12:15,158 INFO [SNDK] ✓ Pipeline complete
2026-05-16 16:12:17,164 INFO Progress: 405/503 | [SBAC] SBA Communications (Real Estate)
2026-05-16 16:12:17,164 INFO [SBAC] Starting pipeline...
2026-05-16 16:13:42,403 INFO [SBAC] ✓ Pipeline complete
2026-05-16 16:13:44,407 INFO Progress: 406/503 | [SLB] Schlumberger (Energy)
2026-05-16 16:13:44,408 INFO [SLB] Starting pipeline...
2026-05-16 16:15:13,579 INFO [SLB] ✓ Pipeline complete
2026-05-16 16:15:15,586 INFO Progress: 407/503 | [STX] Seagate Technology (Information Technology)
2026-05-16 16:15:15,587 INFO [STX] Starting pipeline...
2026-05-16 16:16:36,869 INFO [STX] ✓ Pipeline complete
2026-05-16 16:16:38,877 INFO Progress: 408/503 | [SRE] Sempra (Utilities)
2026-05-16 16:16:38,877 INFO [SRE] Starting pipeline...
2026-05-16 16:17:57,295 INFO [SRE] ✓ Pipeline complete
2026-05-16 16:17:59,305 INFO Progress: 409/503 | [NOW] ServiceNow (Information Technology)
2026-05-16 16:17:59,306 INFO [NOW] Starting pipeline...
2026-05-16 16:19:21,351 INFO [NOW] ✓ Pipeline complete
2026-05-16 16:19:23,361 INFO Progress: 410/503 | [SHW] Sherwin-Williams (Materials)
2026-05-16 16:19:23,362 INFO [SHW] Starting pipeline...
2026-05-16 16:20:43,167 INFO [SHW] ✓ Pipeline complete
2026-05-16 16:20:45,178 INFO Progress: 411/503 | [SPG] Simon Property Group (Real Estate)
2026-05-16 16:20:45,179 INFO [SPG] Starting pipeline...
2026-05-16 16:22:03,760 INFO [SPG] ✓ Pipeline complete
2026-05-16 16:22:05,768 INFO Progress: 412/503 | [SWKS] Skyworks Solutions (Information Technology)
2026-05-16 16:22:05,768 INFO [SWKS] Starting pipeline...
2026-05-16 16:23:24,209 INFO [SWKS] ✓ Pipeline complete
2026-05-16 16:23:26,215 INFO Progress: 413/503 | [SJM] J.M. Smucker Company (The) (Consumer Staples)
2026-05-16 16:23:26,215 INFO [SJM] Starting pipeline...
2026-05-16 16:24:49,155 INFO [SJM] ✓ Pipeline complete
2026-05-16 16:24:51,159 INFO Progress: 414/503 | [SW] Smurfit Westrock (Materials)
2026-05-16 16:24:51,159 INFO [SW] Starting pipeline...
2026-05-16 16:26:09,951 INFO [SW] ✓ Pipeline complete
2026-05-16 16:26:12,040 INFO Progress: 415/503 | [SNA] Snap-on (Industrials)
2026-05-16 16:26:12,041 INFO [SNA] Starting pipeline...
2026-05-16 16:27:25,156 INFO [SNA] ✓ Pipeline complete
2026-05-16 16:27:27,165 INFO Progress: 416/503 | [SOLV] Solventum (Health Care)
2026-05-16 16:27:27,165 INFO [SOLV] Starting pipeline...
2026-05-16 16:28:54,328 INFO [SOLV] ✓ Pipeline complete
2026-05-16 16:28:56,334 INFO Progress: 417/503 | [SO] Southern Company (Utilities)
2026-05-16 16:28:56,335 INFO [SO] Starting pipeline...
2026-05-16 16:30:20,157 INFO [SO] ✓ Pipeline complete
2026-05-16 16:30:22,166 INFO Progress: 418/503 | [LUV] Southwest Airlines (Industrials)
2026-05-16 16:30:22,166 INFO [LUV] Starting pipeline...
2026-05-16 16:31:48,823 INFO [LUV] ✓ Pipeline complete
2026-05-16 16:31:50,828 INFO Progress: 419/503 | [SWK] Stanley Black & Decker (Industrials)
2026-05-16 16:31:50,829 INFO [SWK] Starting pipeline...
2026-05-16 16:33:12,331 INFO [SWK] ✓ Pipeline complete
2026-05-16 16:33:14,338 INFO Progress: 420/503 | [SBUX] Starbucks (Consumer Discretionary)
2026-05-16 16:33:14,338 INFO [SBUX] Starting pipeline...
2026-05-16 16:34:35,601 INFO [SBUX] ✓ Pipeline complete
2026-05-16 16:34:37,607 INFO Progress: 421/503 | [STT] State Street Corporation (Financials)
2026-05-16 16:34:37,607 INFO [STT] Starting pipeline...
2026-05-16 16:35:50,793 INFO [STT] ✓ Pipeline complete
2026-05-16 16:35:52,802 INFO Progress: 422/503 | [STLD] Steel Dynamics (Materials)
2026-05-16 16:35:52,802 INFO [STLD] Starting pipeline...
2026-05-16 16:37:21,304 INFO [STLD] ✓ Pipeline complete
2026-05-16 16:37:23,310 INFO Progress: 423/503 | [STE] Steris (Health Care)
2026-05-16 16:37:23,311 INFO [STE] Starting pipeline...
2026-05-16 16:38:41,883 INFO [STE] ✓ Pipeline complete
2026-05-16 16:38:43,890 INFO Progress: 424/503 | [SYK] Stryker Corporation (Health Care)
2026-05-16 16:38:43,891 INFO [SYK] Starting pipeline...
2026-05-16 16:40:16,974 WARNING [SYK] Investment analysis failed — continuing anyway
2026-05-16 16:40:17,978 INFO [SYK] ✓ Pipeline complete
2026-05-16 16:40:19,987 INFO Progress: 425/503 | [SMCI] Supermicro (Information Technology)
2026-05-16 16:40:19,987 INFO [SMCI] Starting pipeline...
2026-05-16 16:41:40,700 INFO [SMCI] ✓ Pipeline complete
2026-05-16 16:41:42,708 INFO Progress: 426/503 | [SYF] Synchrony Financial (Financials)
2026-05-16 16:41:42,709 INFO [SYF] Starting pipeline...
2026-05-16 16:43:06,721 INFO [SYF] ✓ Pipeline complete
2026-05-16 16:43:08,730 INFO Progress: 427/503 | [SNPS] Synopsys (Information Technology)
2026-05-16 16:43:08,730 INFO [SNPS] Starting pipeline...
2026-05-16 16:44:32,641 INFO [SNPS] ✓ Pipeline complete
2026-05-16 16:44:34,651 INFO Progress: 428/503 | [SYY] Sysco (Consumer Staples)
2026-05-16 16:44:34,651 INFO [SYY] Starting pipeline...
2026-05-16 16:45:49,714 INFO [SYY] ✓ Pipeline complete
2026-05-16 16:45:51,723 INFO Progress: 429/503 | [TMUS] T-Mobile US (Communication Services)
2026-05-16 16:45:51,723 INFO [TMUS] Starting pipeline...
2026-05-16 16:47:04,226 INFO [TMUS] ✓ Pipeline complete
2026-05-16 16:47:06,234 INFO Progress: 430/503 | [TROW] T. Rowe Price (Financials)
2026-05-16 16:47:06,234 INFO [TROW] Starting pipeline...
2026-05-16 16:48:31,630 INFO [TROW] ✓ Pipeline complete
2026-05-16 16:48:33,637 INFO Progress: 431/503 | [TTWO] Take-Two Interactive (Communication Services)
2026-05-16 16:48:33,637 INFO [TTWO] Starting pipeline...
2026-05-16 16:50:03,648 INFO [TTWO] ✓ Pipeline complete
2026-05-16 16:50:05,658 INFO Progress: 432/503 | [TPR] Tapestry, Inc. (Consumer Discretionary)
2026-05-16 16:50:05,658 INFO [TPR] Starting pipeline...
2026-05-16 16:51:28,290 INFO [TPR] ✓ Pipeline complete
2026-05-16 16:51:30,296 INFO Progress: 433/503 | [TRGP] Targa Resources (Energy)
2026-05-16 16:51:30,296 INFO [TRGP] Starting pipeline...
2026-05-16 16:52:55,108 INFO [TRGP] ✓ Pipeline complete
2026-05-16 16:52:57,119 INFO Progress: 434/503 | [TGT] Target Corporation (Consumer Staples)
2026-05-16 16:52:57,119 INFO [TGT] Starting pipeline...
2026-05-16 16:54:20,369 INFO [TGT] ✓ Pipeline complete
2026-05-16 16:54:22,376 INFO Progress: 435/503 | [TEL] TE Connectivity (Information Technology)
2026-05-16 16:54:22,377 INFO [TEL] Starting pipeline...
2026-05-16 16:55:43,187 INFO [TEL] ✓ Pipeline complete
2026-05-16 16:55:45,193 INFO Progress: 436/503 | [TDY] Teledyne Technologies (Information Technology)
2026-05-16 16:55:45,194 INFO [TDY] Starting pipeline...
2026-05-16 16:57:08,124 INFO [TDY] ✓ Pipeline complete
2026-05-16 16:57:10,129 INFO Progress: 437/503 | [TER] Teradyne (Information Technology)
2026-05-16 16:57:10,130 INFO [TER] Starting pipeline...
2026-05-16 16:58:27,720 INFO [TER] ✓ Pipeline complete
2026-05-16 16:58:29,730 INFO Progress: 438/503 | [TSLA] Tesla, Inc. (Consumer Discretionary)
2026-05-16 16:58:29,730 INFO [TSLA] Starting pipeline...
2026-05-16 17:00:03,666 INFO [TSLA] ✓ Pipeline complete
2026-05-16 17:00:05,674 INFO Progress: 439/503 | [TXN] Texas Instruments (Information Technology)
2026-05-16 17:00:05,674 INFO [TXN] Starting pipeline...
2026-05-16 17:01:29,411 INFO [TXN] ✓ Pipeline complete
2026-05-16 17:01:31,418 INFO Progress: 440/503 | [TPL] Texas Pacific Land Corporation (Energy)
2026-05-16 17:01:31,419 INFO [TPL] Starting pipeline...
2026-05-16 17:02:57,757 INFO [TPL] ✓ Pipeline complete
2026-05-16 17:02:59,761 INFO Progress: 441/503 | [TXT] Textron (Industrials)
2026-05-16 17:02:59,761 INFO [TXT] Starting pipeline...
2026-05-16 17:04:24,833 INFO [TXT] ✓ Pipeline complete
2026-05-16 17:04:26,845 INFO Progress: 442/503 | [TMO] Thermo Fisher Scientific (Health Care)
2026-05-16 17:04:26,845 INFO [TMO] Starting pipeline...
2026-05-16 17:05:46,125 INFO [TMO] ✓ Pipeline complete
2026-05-16 17:05:48,134 INFO Progress: 443/503 | [TJX] TJX Companies (Consumer Discretionary)
2026-05-16 17:05:48,134 INFO [TJX] Starting pipeline...
2026-05-16 17:07:16,500 INFO [TJX] ✓ Pipeline complete
2026-05-16 17:07:18,506 INFO Progress: 444/503 | [TKO] TKO Group Holdings (Communication Services)
2026-05-16 17:07:18,506 INFO [TKO] Starting pipeline...
2026-05-16 17:08:40,177 INFO [TKO] ✓ Pipeline complete
2026-05-16 17:08:42,191 INFO Progress: 445/503 | [TTD] Trade Desk (The) (Communication Services)
2026-05-16 17:08:42,191 INFO [TTD] Starting pipeline...
2026-05-16 17:10:06,948 INFO [TTD] ✓ Pipeline complete
2026-05-16 17:10:08,958 INFO Progress: 446/503 | [TSCO] Tractor Supply (Consumer Discretionary)
2026-05-16 17:10:08,958 INFO [TSCO] Starting pipeline...
2026-05-16 17:11:36,826 INFO [TSCO] ✓ Pipeline complete
2026-05-16 17:11:38,833 INFO Progress: 447/503 | [TT] Trane Technologies (Industrials)
2026-05-16 17:11:38,834 INFO [TT] Starting pipeline...
2026-05-16 17:12:58,137 INFO [TT] ✓ Pipeline complete
2026-05-16 17:13:00,147 INFO Progress: 448/503 | [TDG] TransDigm Group (Industrials)
2026-05-16 17:13:00,148 INFO [TDG] Starting pipeline...
2026-05-16 17:14:22,215 INFO [TDG] ✓ Pipeline complete
2026-05-16 17:14:24,223 INFO Progress: 449/503 | [TRV] Travelers Companies (The) (Financials)
2026-05-16 17:14:24,223 INFO [TRV] Starting pipeline...
2026-05-16 17:15:57,047 WARNING [TRV] Investment analysis failed — continuing anyway
2026-05-16 17:15:58,050 INFO [TRV] ✓ Pipeline complete
2026-05-16 17:16:00,058 INFO Progress: 450/503 | [TRMB] Trimble Inc. (Information Technology)
2026-05-16 17:16:00,058 INFO [TRMB] Starting pipeline...
2026-05-16 17:17:23,683 INFO [TRMB] ✓ Pipeline complete
2026-05-16 17:17:25,687 INFO Progress: 451/503 | [TFC] Truist Financial (Financials)
2026-05-16 17:17:25,687 INFO [TFC] Starting pipeline...
2026-05-16 17:18:38,326 INFO [TFC] ✓ Pipeline complete
2026-05-16 17:18:40,333 INFO Progress: 452/503 | [TYL] Tyler Technologies (Information Technology)
2026-05-16 17:18:40,334 INFO [TYL] Starting pipeline...
2026-05-16 17:19:53,491 INFO [TYL] ✓ Pipeline complete
2026-05-16 17:19:55,501 INFO Progress: 453/503 | [TSN] Tyson Foods (Consumer Staples)
2026-05-16 17:19:55,501 INFO [TSN] Starting pipeline...
2026-05-16 17:21:14,687 INFO [TSN] ✓ Pipeline complete
2026-05-16 17:21:16,698 INFO Progress: 454/503 | [USB] U.S. Bancorp (Financials)
2026-05-16 17:21:16,698 INFO [USB] Starting pipeline...
2026-05-16 17:22:36,730 INFO [USB] ✓ Pipeline complete
2026-05-16 17:22:38,734 INFO Progress: 455/503 | [UBER] Uber (Industrials)
2026-05-16 17:22:38,734 INFO [UBER] Starting pipeline...
2026-05-16 17:24:03,191 INFO [UBER] ✓ Pipeline complete
2026-05-16 17:24:05,199 INFO Progress: 456/503 | [UDR] UDR, Inc. (Real Estate)
2026-05-16 17:24:05,199 INFO [UDR] Starting pipeline...
2026-05-16 17:25:26,796 INFO [UDR] ✓ Pipeline complete
2026-05-16 17:25:28,807 INFO Progress: 457/503 | [ULTA] Ulta Beauty (Consumer Discretionary)
2026-05-16 17:25:28,808 INFO [ULTA] Starting pipeline...
2026-05-16 17:26:53,847 INFO [ULTA] ✓ Pipeline complete
2026-05-16 17:26:55,853 INFO Progress: 458/503 | [UNP] Union Pacific Corporation (Industrials)
2026-05-16 17:26:55,854 INFO [UNP] Starting pipeline...
2026-05-16 17:28:12,953 INFO [UNP] ✓ Pipeline complete
2026-05-16 17:28:14,957 INFO Progress: 459/503 | [UAL] United Airlines Holdings (Industrials)
2026-05-16 17:28:14,958 INFO [UAL] Starting pipeline...
2026-05-16 17:29:38,617 INFO [UAL] ✓ Pipeline complete
2026-05-16 17:29:40,624 INFO Progress: 460/503 | [UPS] United Parcel Service (Industrials)
2026-05-16 17:29:40,624 INFO [UPS] Starting pipeline...
2026-05-16 17:30:56,833 INFO [UPS] ✓ Pipeline complete
2026-05-16 17:30:58,841 INFO Progress: 461/503 | [URI] United Rentals (Industrials)
2026-05-16 17:30:58,842 INFO [URI] Starting pipeline...
2026-05-16 17:32:20,952 INFO [URI] ✓ Pipeline complete
2026-05-16 17:32:22,962 INFO Progress: 462/503 | [UNH] UnitedHealth Group (Health Care)
2026-05-16 17:32:22,962 INFO [UNH] Starting pipeline...
2026-05-16 17:32:41,807 WARNING [UNH] Investment analysis failed — continuing anyway
2026-05-16 17:32:42,811 INFO [UNH] ✓ Pipeline complete
2026-05-16 17:32:44,818 INFO Progress: 463/503 | [UHS] Universal Health Services (Health Care)
2026-05-16 17:32:44,819 INFO [UHS] Starting pipeline...
2026-05-16 17:32:54,721 WARNING [UHS] Porter failed — skipping
2026-05-16 17:32:56,728 INFO Progress: 463/503 | [VLO] Valero Energy (Energy)
2026-05-16 17:32:56,729 INFO [VLO] Starting pipeline...
2026-05-16 17:33:06,273 WARNING [VLO] Porter failed — skipping
2026-05-16 17:33:08,279 INFO Progress: 463/503 | [VEEV] Veeva Systems (Health Care)
2026-05-16 17:33:08,280 INFO [VEEV] Starting pipeline...
2026-05-16 17:33:17,609 WARNING [VEEV] Porter failed — skipping
2026-05-16 17:33:19,617 INFO Progress: 463/503 | [VTR] Ventas (Real Estate)
2026-05-16 17:33:19,617 INFO [VTR] Starting pipeline...
2026-05-16 17:33:29,625 WARNING [VTR] Porter failed — skipping
2026-05-16 17:33:31,633 INFO Progress: 463/503 | [VLTO] Veralto (Industrials)
2026-05-16 17:33:31,633 INFO [VLTO] Starting pipeline...
2026-05-16 17:33:41,280 WARNING [VLTO] Porter failed — skipping
2026-05-16 17:33:43,283 INFO Progress: 463/503 | [VRSN] Verisign (Information Technology)
2026-05-16 17:33:43,284 INFO [VRSN] Starting pipeline...
2026-05-16 17:33:52,706 WARNING [VRSN] Porter failed — skipping
2026-05-16 17:33:54,709 INFO Progress: 463/503 | [VRSK] Verisk Analytics (Industrials)
2026-05-16 17:33:54,709 INFO [VRSK] Starting pipeline...
2026-05-16 17:34:04,099 WARNING [VRSK] Porter failed — skipping
2026-05-16 17:34:06,106 INFO Progress: 463/503 | [VZ] Verizon (Communication Services)
2026-05-16 17:34:06,106 INFO [VZ] Starting pipeline...
2026-05-16 17:34:15,922 WARNING [VZ] Porter failed — skipping
2026-05-16 17:34:17,928 INFO Progress: 463/503 | [VRTX] Vertex Pharmaceuticals (Health Care)
2026-05-16 17:34:17,928 INFO [VRTX] Starting pipeline...
2026-05-16 17:34:27,686 WARNING [VRTX] Porter failed — skipping
2026-05-16 17:34:29,692 INFO Progress: 463/503 | [VRT] Vertiv (Industrials)
2026-05-16 17:34:29,692 INFO [VRT] Starting pipeline...
2026-05-16 17:34:38,876 WARNING [VRT] Porter failed — skipping
2026-05-16 17:34:40,880 INFO Progress: 463/503 | [VTRS] Viatris (Health Care)
2026-05-16 17:34:40,880 INFO [VTRS] Starting pipeline...
2026-05-16 17:34:50,429 WARNING [VTRS] Porter failed — skipping
2026-05-16 17:34:52,432 INFO Progress: 463/503 | [VICI] Vici Properties (Real Estate)
2026-05-16 17:34:52,432 INFO [VICI] Starting pipeline...
2026-05-16 17:35:02,071 WARNING [VICI] Porter failed — skipping
2026-05-16 17:35:04,079 INFO Progress: 463/503 | [V] Visa Inc. (Financials)
2026-05-16 17:35:04,079 INFO [V] Starting pipeline...
2026-05-16 17:35:15,001 WARNING [V] Porter failed — skipping
2026-05-16 17:35:17,008 INFO Progress: 463/503 | [VST] Vistra Corp. (Utilities)
2026-05-16 17:35:17,009 INFO [VST] Starting pipeline...
2026-05-16 17:35:26,606 WARNING [VST] Porter failed — skipping
2026-05-16 17:35:28,612 INFO Progress: 463/503 | [VMC] Vulcan Materials Company (Materials)
2026-05-16 17:35:28,613 INFO [VMC] Starting pipeline...
2026-05-16 17:35:38,124 WARNING [VMC] Porter failed — skipping
2026-05-16 17:35:40,132 INFO Progress: 463/503 | [WRB] W. R. Berkley Corporation (Financials)
2026-05-16 17:35:40,132 INFO [WRB] Starting pipeline...
2026-05-16 17:35:49,660 WARNING [WRB] Porter failed — skipping
2026-05-16 17:35:51,665 INFO Progress: 463/503 | [GWW] W. W. Grainger (Industrials)
2026-05-16 17:35:51,666 INFO [GWW] Starting pipeline...
2026-05-16 17:36:01,885 WARNING [GWW] Porter failed — skipping
2026-05-16 17:36:03,892 INFO Progress: 463/503 | [WAB] Wabtec (Industrials)
2026-05-16 17:36:03,893 INFO [WAB] Starting pipeline...
2026-05-16 17:36:13,320 WARNING [WAB] Porter failed — skipping
2026-05-16 17:36:15,327 INFO Progress: 463/503 | [WMT] Walmart (Consumer Staples)
2026-05-16 17:36:15,330 INFO [WMT] Starting pipeline...
2026-05-16 17:36:24,418 WARNING [WMT] Porter failed — skipping
2026-05-16 17:36:26,422 INFO Progress: 463/503 | [DIS] Walt Disney Company (The) (Communication Services)
2026-05-16 17:36:26,423 INFO [DIS] Starting pipeline...
2026-05-16 17:36:35,757 WARNING [DIS] Porter failed — skipping
2026-05-16 17:36:37,762 INFO Progress: 463/503 | [WBD] Warner Bros. Discovery (Communication Services)
2026-05-16 17:36:37,762 INFO [WBD] Starting pipeline...
2026-05-16 17:36:47,496 WARNING [WBD] Porter failed — skipping
2026-05-16 17:36:49,503 INFO Progress: 463/503 | [WM] Waste Management (Industrials)
2026-05-16 17:36:49,503 INFO [WM] Starting pipeline...
2026-05-16 17:36:59,409 WARNING [WM] Porter failed — skipping
2026-05-16 17:37:01,417 INFO Progress: 463/503 | [WAT] Waters Corporation (Health Care)
2026-05-16 17:37:01,418 INFO [WAT] Starting pipeline...
2026-05-16 17:37:10,935 WARNING [WAT] Porter failed — skipping
2026-05-16 17:37:12,941 INFO Progress: 463/503 | [WEC] WEC Energy Group (Utilities)
2026-05-16 17:37:12,941 INFO [WEC] Starting pipeline...
2026-05-16 17:37:22,717 WARNING [WEC] Porter failed — skipping
2026-05-16 17:37:24,722 INFO Progress: 463/503 | [WFC] Wells Fargo (Financials)
2026-05-16 17:37:24,724 INFO [WFC] Starting pipeline...
2026-05-16 17:37:33,551 WARNING [WFC] Porter failed — skipping
2026-05-16 17:37:35,561 INFO Progress: 463/503 | [WELL] Welltower (Real Estate)
2026-05-16 17:37:35,561 INFO [WELL] Starting pipeline...
2026-05-16 17:37:45,037 WARNING [WELL] Porter failed — skipping
2026-05-16 17:37:47,044 INFO Progress: 463/503 | [WST] West Pharmaceutical Services (Health Care)
2026-05-16 17:37:47,044 INFO [WST] Starting pipeline...
2026-05-16 17:37:56,141 WARNING [WST] Porter failed — skipping
2026-05-16 17:37:58,147 INFO Progress: 463/503 | [WDC] Western Digital (Information Technology)
2026-05-16 17:37:58,147 INFO [WDC] Starting pipeline...
2026-05-16 17:38:07,245 WARNING [WDC] Porter failed — skipping
2026-05-16 17:38:09,251 INFO Progress: 463/503 | [WY] Weyerhaeuser (Real Estate)
2026-05-16 17:38:09,251 INFO [WY] Starting pipeline...
2026-05-16 17:38:19,183 WARNING [WY] Porter failed — skipping
2026-05-16 17:38:21,187 INFO Progress: 463/503 | [WSM] Williams-Sonoma, Inc. (Consumer Discretionary)
2026-05-16 17:38:21,187 INFO [WSM] Starting pipeline...
2026-05-16 17:38:30,618 WARNING [WSM] Porter failed — skipping
2026-05-16 17:38:32,626 INFO Progress: 463/503 | [WMB] Williams Companies (Energy)
2026-05-16 17:38:32,626 INFO [WMB] Starting pipeline...
2026-05-16 17:38:42,666 WARNING [WMB] Porter failed — skipping
2026-05-16 17:38:44,672 INFO Progress: 463/503 | [WTW] Willis Towers Watson (Financials)
2026-05-16 17:38:44,672 INFO [WTW] Starting pipeline...
2026-05-16 17:38:55,162 WARNING [WTW] Porter failed — skipping
2026-05-16 17:38:57,168 INFO Progress: 463/503 | [WDAY] Workday, Inc. (Information Technology)
2026-05-16 17:38:57,168 INFO [WDAY] Starting pipeline...
2026-05-16 17:39:06,344 WARNING [WDAY] Porter failed — skipping
2026-05-16 17:39:08,351 INFO Progress: 463/503 | [WYNN] Wynn Resorts (Consumer Discretionary)
2026-05-16 17:39:08,352 INFO [WYNN] Starting pipeline...
2026-05-16 17:39:17,735 WARNING [WYNN] Porter failed — skipping
2026-05-16 17:39:19,741 INFO Progress: 463/503 | [XEL] Xcel Energy (Utilities)
2026-05-16 17:39:19,742 INFO [XEL] Starting pipeline...
2026-05-16 17:39:29,861 WARNING [XEL] Porter failed — skipping
2026-05-16 17:39:31,869 INFO Progress: 463/503 | [XYL] Xylem Inc. (Industrials)
2026-05-16 17:39:31,870 INFO [XYL] Starting pipeline...
2026-05-16 17:39:41,321 WARNING [XYL] Porter failed — skipping
2026-05-16 17:39:43,328 INFO Progress: 463/503 | [YUM] Yum! Brands (Consumer Discretionary)
2026-05-16 17:39:43,329 INFO [YUM] Starting pipeline...
2026-05-16 17:39:52,898 WARNING [YUM] Porter failed — skipping
2026-05-16 17:39:54,904 INFO Progress: 463/503 | [ZBRA] Zebra Technologies (Information Technology)
2026-05-16 17:39:54,904 INFO [ZBRA] Starting pipeline...
2026-05-16 17:40:04,193 WARNING [ZBRA] Porter failed — skipping
2026-05-16 17:40:06,199 INFO Progress: 463/503 | [ZBH] Zimmer Biomet (Health Care)
2026-05-16 17:40:06,199 INFO [ZBH] Starting pipeline...
2026-05-16 17:40:15,696 WARNING [ZBH] Porter failed — skipping
2026-05-16 17:40:17,705 INFO Progress: 463/503 | [ZTS] Zoetis (Health Care)
2026-05-16 17:40:17,705 INFO [ZTS] Starting pipeline...
2026-05-16 17:40:26,932 WARNING [ZTS] Porter failed — skipping
2026-05-16 17:40:28,934 INFO 
==================================================
2026-05-16 17:40:28,935 INFO Pipeline complete!
2026-05-16 17:40:28,935 INFO   Completed: 463
2026-05-16 17:40:28,935 INFO   Failed:    252
2026-05-16 17:40:28,936 INFO   Skipped:   0
2026-05-16 17:40:28,936 INFO   Failed tickers: ['BX', 'XYZ', 'BK', 'BA', 'BKNG', 'BSX', 'BMY', 'AVGO', 'BR', 'BRO', 'BF-B', 'BLDR', 'BG', 'BXP', 'CHRW', 'CDNS', 'CPT', 'CPB', 'COF', 'CAH', 'CCL', 'CARR', 'CVNA', 'CASY', 'CAT', 'CBOE', 'CBRE', 'CDW', 'COR', 'CNC', 'CNP', 'CF', 'CRL', 'SCHW', 'CHTR', 'CVX', 'CMG', 'CB', 'CHD', 'CIEN', 'CI', 'CINF', 'CTAS', 'CSCO', 'C', 'CFG', 'CLX', 'CME', 'CMS', 'KO', 'CTSH', 'COHR', 'COIN', 'CL', 'CMCSA', 'FIX', 'CAG', 'COP', 'ED', 'STZ', 'CEG', 'COO', 'CPRT', 'GLW', 'CPAY', 'CTVA', 'CSGP', 'COST', 'CRH', 'CRWD', 'CCI', 'CSX', 'CMI', 'CVS', 'DHR', 'DRI', 'DDOG', 'DVA', 'DECK', 'DE', 'DELL', 'DAL', 'DVN', 'DXCM', 'FANG', 'DLR', 'DG', 'DLTR', 'D', 'DPZ', 'DASH', 'DOV', 'DOW', 'DHI', 'DTE', 'DUK', 'DD', 'ETN', 'EBAY', 'SATS', 'ECL', 'EIX', 'EW', 'EA', 'ELV', 'EME', 'EMR', 'ETR', 'EOG', 'EPAM', 'EQT', 'EFX', 'EQIX', 'EQR', 'ERIE', 'ESS', 'EL', 'EG', 'EVRG', 'ES', 'EXC', 'EXE', 'EXPE', 'EXPD', 'EXR', 'XOM', 'FFIV', 'FDS', 'FICO', 'FAST', 'FRT', 'FDX', 'FIS', 'FITB', 'FSLR', 'FE', 'FISV', 'F', 'FTNT', 'FTV', 'FOXA', 'FOX', 'BEN', 'FCX', 'GRMN', 'IT', 'GE', 'GEHC', 'GEV', 'GEN', 'GNRC', 'GD', 'GIS', 'GM', 'GPC', 'GILD', 'GPN', 'GL', 'GDDY', 'GS', 'HAL', 'HIG', 'HAS', 'HCA', 'DOC', 'HSIC', 'HSY', 'HPE', 'HLT', 'HD', 'HON', 'HRL', 'HST', 'HWM', 'HPQ', 'HUBB', 'HUM', 'HBAN', 'HII', 'IBM', 'IEX', 'IDXX', 'ITW', 'INCY', 'IR', 'PODD', 'INTC', 'IBKR', 'ICE', 'IFF', 'IP', 'INTU', 'ISRG', 'IVZ', 'INVH', 'IQV', 'IRM', 'JBHT', 'JBL', 'JKHY', 'J', 'JNJ', 'JCI', 'JPM', 'KVUE', 'KDP', 'KEY', 'KEYS', 'KMB', 'KIM', 'KMI', 'KKR', 'UHS', 'VLO', 'VEEV', 'VTR', 'VLTO', 'VRSN', 'VRSK', 'VZ', 'VRTX', 'VRT', 'VTRS', 'VICI', 'V', 'VST', 'VMC', 'WRB', 'GWW', 'WAB', 'WMT', 'DIS', 'WBD', 'WM', 'WAT', 'WEC', 'WFC', 'WELL', 'WST', 'WDC', 'WY', 'WSM', 'WMB', 'WTW', 'WDAY', 'WYNN', 'XEL', 'XYL', 'YUM', 'ZBRA', 'ZBH', 'ZTS']
2026-05-16 17:40:29,063 WARNING Dashboard generation failed: Expecting property name enclosed in double quotes: line 27 column 37 (char 1199)
