2026-05-16 02:53:22,345 INFO Pipeline starting: 503 companies | dry_run=False | resume=True
2026-05-16 02:53:22,345 INFO [MMM] Already completed, skipping
2026-05-16 02:53:22,345 INFO [AOS] Already completed, skipping
2026-05-16 02:53:22,345 INFO [ABT] Already completed, skipping
2026-05-16 02:53:22,345 INFO [ABBV] Already completed, skipping
2026-05-16 02:53:22,345 INFO [ACN] Already completed, skipping
2026-05-16 02:53:22,345 INFO [ADBE] Already completed, skipping
2026-05-16 02:53:22,345 INFO [AMD] Already completed, skipping
2026-05-16 02:53:22,345 INFO [AES] Already completed, skipping
2026-05-16 02:53:22,345 INFO [AFL] Already completed, skipping
2026-05-16 02:53:22,345 INFO [A] Already completed, skipping
2026-05-16 02:53:22,345 INFO [APD] Already completed, skipping
2026-05-16 02:53:22,345 INFO [ABNB] Already completed, skipping
2026-05-16 02:53:22,345 INFO [AKAM] Already completed, skipping
2026-05-16 02:53:22,345 INFO [ALB] Already completed, skipping
2026-05-16 02:53:22,345 INFO [ARE] Already completed, skipping
2026-05-16 02:53:22,345 INFO [ALGN] Already completed, skipping
2026-05-16 02:53:22,345 INFO [ALLE] Already completed, skipping
2026-05-16 02:53:22,345 INFO [LNT] Already completed, skipping
2026-05-16 02:53:22,345 INFO [ALL] Already completed, skipping
2026-05-16 02:53:22,345 INFO [GOOGL] Already completed, skipping
2026-05-16 02:53:22,345 INFO [GOOG] Already completed, skipping
2026-05-16 02:53:22,345 INFO [MO] Already completed, skipping
2026-05-16 02:53:22,345 INFO [AMZN] Already completed, skipping
2026-05-16 02:53:22,346 INFO [AMCR] Already completed, skipping
2026-05-16 02:53:22,346 INFO [AEE] Already completed, skipping
2026-05-16 02:53:22,346 INFO [AEP] Already completed, skipping
2026-05-16 02:53:22,346 INFO [AXP] Already completed, skipping
2026-05-16 02:53:22,346 INFO [AIG] Already completed, skipping
2026-05-16 02:53:22,346 INFO [AMT] Already completed, skipping
2026-05-16 02:53:22,346 INFO [AWK] Already completed, skipping
2026-05-16 02:53:22,346 INFO [AMP] Already completed, skipping
2026-05-16 02:53:22,346 INFO [AME] Already completed, skipping
2026-05-16 02:53:22,346 INFO [AMGN] Already completed, skipping
2026-05-16 02:53:22,346 INFO [APH] Already completed, skipping
2026-05-16 02:53:22,346 INFO [ADI] Already completed, skipping
2026-05-16 02:53:22,346 INFO [AON] Already completed, skipping
2026-05-16 02:53:22,346 INFO [APA] Already completed, skipping
2026-05-16 02:53:22,346 INFO [APO] Already completed, skipping
2026-05-16 02:53:22,346 INFO [AAPL] Already completed, skipping
2026-05-16 02:53:22,346 INFO [AMAT] Already completed, skipping
2026-05-16 02:53:22,346 INFO [APP] Already completed, skipping
2026-05-16 02:53:22,346 INFO [APTV] Already completed, skipping
2026-05-16 02:53:22,346 INFO [ACGL] Already completed, skipping
2026-05-16 02:53:22,346 INFO [ADM] Already completed, skipping
2026-05-16 02:53:22,346 INFO [ARES] Already completed, skipping
2026-05-16 02:53:22,346 INFO [ANET] Already completed, skipping
2026-05-16 02:53:22,346 INFO [AJG] Already completed, skipping
2026-05-16 02:53:22,346 INFO [AIZ] Already completed, skipping
2026-05-16 02:53:22,346 INFO [T] Already completed, skipping
2026-05-16 02:53:22,346 INFO [ATO] Already completed, skipping
2026-05-16 02:53:22,346 INFO [ADSK] Already completed, skipping
2026-05-16 02:53:22,346 INFO [ADP] Already completed, skipping
2026-05-16 02:53:22,346 INFO [AZO] Already completed, skipping
2026-05-16 02:53:22,346 INFO [AVB] Already completed, skipping
2026-05-16 02:53:22,346 INFO [AVY] Already completed, skipping
2026-05-16 02:53:22,346 INFO [AXON] Already completed, skipping
2026-05-16 02:53:22,346 INFO [BKR] Already completed, skipping
2026-05-16 02:53:22,347 INFO [BALL] Already completed, skipping
2026-05-16 02:53:22,347 INFO [BAC] Already completed, skipping
2026-05-16 02:53:22,347 INFO [BAX] Already completed, skipping
2026-05-16 02:53:22,347 INFO [BDX] Already completed, skipping
2026-05-16 02:53:22,347 INFO [BRK-B] Already completed, skipping
2026-05-16 02:53:22,347 INFO [BBY] Already completed, skipping
2026-05-16 02:53:22,347 INFO [TECH] Already completed, skipping
2026-05-16 02:53:22,347 INFO [BIIB] Already completed, skipping
2026-05-16 02:53:22,347 INFO [BLK] Already completed, skipping
2026-05-16 02:53:22,347 INFO Progress: 66/503 | [BX] Blackstone Inc. (Financials)
2026-05-16 02:53:22,442 INFO [BX] Starting pipeline...
2026-05-16 02:53:22,442 INFO [BX] 10-K already downloaded
2026-05-16 02:53:22,442 INFO [BX] Extraction already done
2026-05-16 02:54:44,496 INFO [BX] ✓ Pipeline complete
2026-05-16 02:54:46,501 INFO Progress: 67/503 | [XYZ] Block, Inc. (Financials)
2026-05-16 02:54:46,501 INFO [XYZ] Starting pipeline...
2026-05-16 02:54:46,502 INFO [XYZ] 10-K already downloaded
2026-05-16 02:54:46,502 INFO [XYZ] Extraction already done
2026-05-16 02:56:15,825 WARNING [XYZ] Investment analysis failed — continuing anyway
2026-05-16 02:56:16,830 INFO [XYZ] ✓ Pipeline complete
2026-05-16 02:56:18,835 INFO Progress: 68/503 | [BK] BNY Mellon (Financials)
2026-05-16 02:56:18,835 INFO [BK] Starting pipeline...
2026-05-16 02:56:18,835 INFO [BK] 10-K already downloaded
2026-05-16 02:56:18,837 INFO [BK] Extraction already done
2026-05-16 02:57:30,252 INFO [BK] ✓ Pipeline complete
2026-05-16 02:57:32,260 INFO Progress: 69/503 | [BA] Boeing (Industrials)
2026-05-16 02:57:32,260 INFO [BA] Starting pipeline...
2026-05-16 02:57:32,260 INFO [BA] 10-K already downloaded
2026-05-16 02:57:32,261 INFO [BA] Extraction already done
2026-05-16 02:58:56,951 INFO [BA] ✓ Pipeline complete
2026-05-16 02:58:58,959 INFO Progress: 70/503 | [BKNG] Booking Holdings (Consumer Discretionary)
2026-05-16 02:58:58,960 INFO [BKNG] Starting pipeline...
2026-05-16 02:58:58,961 INFO [BKNG] 10-K already downloaded
2026-05-16 02:58:58,961 INFO [BKNG] Extraction already done
2026-05-16 03:00:21,674 INFO [BKNG] ✓ Pipeline complete
2026-05-16 03:00:23,686 INFO Progress: 71/503 | [BSX] Boston Scientific (Health Care)
2026-05-16 03:00:23,687 INFO [BSX] Starting pipeline...
2026-05-16 03:00:23,688 INFO [BSX] 10-K already downloaded
2026-05-16 03:00:23,688 INFO [BSX] Extraction already done
2026-05-16 03:01:43,944 INFO [BSX] ✓ Pipeline complete
2026-05-16 03:01:45,957 INFO Progress: 72/503 | [BMY] Bristol Myers Squibb (Health Care)
2026-05-16 03:01:45,957 INFO [BMY] Starting pipeline...
2026-05-16 03:01:45,959 INFO [BMY] 10-K already downloaded
2026-05-16 03:01:45,960 INFO [BMY] Extraction already done
2026-05-16 03:03:05,184 INFO [BMY] ✓ Pipeline complete
2026-05-16 03:03:07,196 INFO Progress: 73/503 | [AVGO] Broadcom (Information Technology)
2026-05-16 03:03:07,196 INFO [AVGO] Starting pipeline...
2026-05-16 03:03:07,196 INFO [AVGO] 10-K already downloaded
2026-05-16 03:03:07,197 INFO [AVGO] Extraction already done
2026-05-16 03:04:27,448 INFO [AVGO] ✓ Pipeline complete
2026-05-16 03:04:29,461 INFO Progress: 74/503 | [BR] Broadridge Financial Solutions (Industrials)
2026-05-16 03:04:29,462 INFO [BR] Starting pipeline...
2026-05-16 03:04:29,462 INFO [BR] 10-K already downloaded
2026-05-16 03:04:29,462 INFO [BR] Extraction already done
2026-05-16 03:05:48,697 INFO [BR] ✓ Pipeline complete
2026-05-16 03:05:50,704 INFO Progress: 75/503 | [BRO] Brown & Brown (Financials)
2026-05-16 03:05:50,704 INFO [BRO] Starting pipeline...
2026-05-16 03:05:50,705 INFO [BRO] 10-K already downloaded
2026-05-16 03:05:50,705 INFO [BRO] Extraction already done
2026-05-16 03:07:10,253 INFO [BRO] ✓ Pipeline complete
2026-05-16 03:07:12,264 INFO Progress: 76/503 | [BF-B] Brown–Forman (Consumer Staples)
2026-05-16 03:07:12,264 INFO [BF-B] Starting pipeline...
2026-05-16 03:07:12,264 INFO [BF-B] 10-K already downloaded
2026-05-16 03:07:12,265 INFO [BF-B] Extraction already done
2026-05-16 03:08:32,520 INFO [BF-B] ✓ Pipeline complete
2026-05-16 03:08:34,531 INFO Progress: 77/503 | [BLDR] Builders FirstSource (Industrials)
2026-05-16 03:08:34,531 INFO [BLDR] Starting pipeline...
2026-05-16 03:08:34,532 INFO [BLDR] 10-K already downloaded
2026-05-16 03:08:34,532 INFO [BLDR] Extraction already done
2026-05-16 03:09:49,444 INFO [BLDR] ✓ Pipeline complete
2026-05-16 03:09:51,458 INFO Progress: 78/503 | [BG] Bunge Global (Consumer Staples)
2026-05-16 03:09:51,459 INFO [BG] Starting pipeline...
2026-05-16 03:09:51,459 INFO [BG] 10-K already downloaded
2026-05-16 03:09:51,459 INFO [BG] Extraction already done
2026-05-16 03:11:00,326 INFO [BG] ✓ Pipeline complete
2026-05-16 03:11:02,339 INFO Progress: 79/503 | [BXP] BXP, Inc. (Real Estate)
2026-05-16 03:11:02,339 INFO [BXP] Starting pipeline...
2026-05-16 03:11:02,340 INFO [BXP] 10-K already downloaded
2026-05-16 03:11:02,340 INFO [BXP] Extraction already done
2026-05-16 03:12:12,867 INFO [BXP] ✓ Pipeline complete
2026-05-16 03:12:14,876 INFO Progress: 80/503 | [CHRW] C.H. Robinson (Industrials)
2026-05-16 03:12:14,876 INFO [CHRW] Starting pipeline...
2026-05-16 03:12:14,876 INFO [CHRW] 10-K already downloaded
2026-05-16 03:12:14,878 INFO [CHRW] Extraction already done
2026-05-16 03:13:31,352 INFO [CHRW] ✓ Pipeline complete
2026-05-16 03:13:33,364 INFO Progress: 81/503 | [CDNS] Cadence Design Systems (Information Technology)
2026-05-16 03:13:33,364 INFO [CDNS] Starting pipeline...
2026-05-16 03:13:33,365 INFO [CDNS] 10-K already downloaded
2026-05-16 03:13:33,366 INFO [CDNS] Extraction already done
2026-05-16 03:15:02,255 WARNING [CDNS] Investment analysis failed — continuing anyway
2026-05-16 03:15:03,263 INFO [CDNS] ✓ Pipeline complete
2026-05-16 03:15:05,275 INFO Progress: 82/503 | [CPT] Camden Property Trust (Real Estate)
2026-05-16 03:15:05,276 INFO [CPT] Starting pipeline...
2026-05-16 03:15:05,276 INFO [CPT] 10-K already downloaded
2026-05-16 03:15:05,276 INFO [CPT] Extraction already done
2026-05-16 03:16:16,820 INFO [CPT] ✓ Pipeline complete
2026-05-16 03:16:18,830 INFO Progress: 83/503 | [CPB] Campbell's Company (The) (Consumer Staples)
2026-05-16 03:16:18,830 INFO [CPB] Starting pipeline...
2026-05-16 03:16:18,830 INFO [CPB] 10-K already downloaded
2026-05-16 03:16:18,831 INFO [CPB] Extraction already done
2026-05-16 03:17:43,727 INFO [CPB] ✓ Pipeline complete
2026-05-16 03:17:45,731 INFO Progress: 84/503 | [COF] Capital One (Financials)
2026-05-16 03:17:45,731 INFO [COF] Starting pipeline...
2026-05-16 03:17:45,731 INFO [COF] 10-K already downloaded
2026-05-16 03:17:45,732 INFO [COF] Extraction already done
2026-05-16 03:19:01,096 INFO [COF] ✓ Pipeline complete
2026-05-16 03:19:03,108 INFO Progress: 85/503 | [CAH] Cardinal Health (Health Care)
2026-05-16 03:19:03,108 INFO [CAH] Starting pipeline...
2026-05-16 03:19:03,108 INFO [CAH] 10-K already downloaded
2026-05-16 03:19:03,109 INFO [CAH] Extraction already done
2026-05-16 03:20:18,692 INFO [CAH] ✓ Pipeline complete
2026-05-16 03:20:20,705 INFO Progress: 86/503 | [CCL] Carnival Corporation (Consumer Discretionary)
2026-05-16 03:20:20,706 INFO [CCL] Starting pipeline...
2026-05-16 03:20:20,707 INFO [CCL] 10-K already downloaded
2026-05-16 03:20:20,708 INFO [CCL] Extraction already done
2026-05-16 03:21:33,201 INFO [CCL] ✓ Pipeline complete
2026-05-16 03:21:35,211 INFO Progress: 87/503 | [CARR] Carrier Global (Industrials)
2026-05-16 03:21:35,211 INFO [CARR] Starting pipeline...
2026-05-16 03:21:35,212 INFO [CARR] 10-K already downloaded
2026-05-16 03:21:35,212 INFO [CARR] Extraction already done
2026-05-16 03:22:52,672 INFO [CARR] ✓ Pipeline complete
2026-05-16 03:22:54,685 INFO Progress: 88/503 | [CVNA] Carvana (Consumer Discretionary)
2026-05-16 03:22:54,686 INFO [CVNA] Starting pipeline...
2026-05-16 03:22:54,686 INFO [CVNA] 10-K already downloaded
2026-05-16 03:22:54,686 INFO [CVNA] Extraction already done
2026-05-16 03:24:11,063 INFO [CVNA] ✓ Pipeline complete
2026-05-16 03:24:13,070 INFO Progress: 89/503 | [CASY] Casey's (Consumer Staples)
2026-05-16 03:24:13,071 INFO [CASY] Starting pipeline...
2026-05-16 03:24:13,071 INFO [CASY] 10-K already downloaded
2026-05-16 03:24:13,072 INFO [CASY] Extraction already done
2026-05-16 03:25:30,162 INFO [CASY] ✓ Pipeline complete
2026-05-16 03:25:32,172 INFO Progress: 90/503 | [CAT] Caterpillar Inc. (Industrials)
2026-05-16 03:25:32,173 INFO [CAT] Starting pipeline...
2026-05-16 03:25:32,173 INFO [CAT] 10-K already downloaded
2026-05-16 03:25:32,173 INFO [CAT] Extraction already done
2026-05-16 03:26:47,189 INFO [CAT] ✓ Pipeline complete
2026-05-16 03:26:49,200 INFO Progress: 91/503 | [CBOE] Cboe Global Markets (Financials)
2026-05-16 03:26:49,201 INFO [CBOE] Starting pipeline...
2026-05-16 03:26:49,201 INFO [CBOE] 10-K already downloaded
2026-05-16 03:26:49,201 INFO [CBOE] Extraction already done
2026-05-16 03:28:07,252 INFO [CBOE] ✓ Pipeline complete
2026-05-16 03:28:09,257 INFO Progress: 92/503 | [CBRE] CBRE Group (Real Estate)
2026-05-16 03:28:09,257 INFO [CBRE] Starting pipeline...
2026-05-16 03:28:09,257 INFO [CBRE] 10-K already downloaded
2026-05-16 03:28:09,258 INFO [CBRE] Extraction already done
2026-05-16 03:29:26,615 INFO [CBRE] ✓ Pipeline complete
2026-05-16 03:29:28,624 INFO Progress: 93/503 | [CDW] CDW Corporation (Information Technology)
2026-05-16 03:29:28,624 INFO [CDW] Starting pipeline...
2026-05-16 03:29:28,625 INFO [CDW] 10-K already downloaded
2026-05-16 03:29:28,625 INFO [CDW] Extraction already done
2026-05-16 03:30:47,123 INFO [CDW] ✓ Pipeline complete
2026-05-16 03:30:49,133 INFO Progress: 94/503 | [COR] Cencora (Health Care)
2026-05-16 03:30:49,133 INFO [COR] Starting pipeline...
2026-05-16 03:30:49,133 INFO [COR] 10-K already downloaded
2026-05-16 03:30:49,134 INFO [COR] Extraction already done
2026-05-16 03:32:03,395 INFO [COR] ✓ Pipeline complete
2026-05-16 03:32:05,406 INFO Progress: 95/503 | [CNC] Centene Corporation (Health Care)
2026-05-16 03:32:05,407 INFO [CNC] Starting pipeline...
2026-05-16 03:32:05,407 INFO [CNC] 10-K already downloaded
2026-05-16 03:32:05,407 INFO [CNC] Extraction already done
2026-05-16 03:33:31,254 INFO [CNC] ✓ Pipeline complete
2026-05-16 03:33:33,266 INFO Progress: 96/503 | [CNP] CenterPoint Energy (Utilities)
2026-05-16 03:33:33,267 INFO [CNP] Starting pipeline...
2026-05-16 03:33:33,267 INFO [CNP] 10-K already downloaded
2026-05-16 03:33:33,267 INFO [CNP] Extraction already done
2026-05-16 03:34:50,292 INFO [CNP] ✓ Pipeline complete
2026-05-16 03:34:52,303 INFO Progress: 97/503 | [CF] CF Industries (Materials)
2026-05-16 03:34:52,304 INFO [CF] Starting pipeline...
2026-05-16 03:34:52,304 INFO [CF] 10-K already downloaded
2026-05-16 03:34:52,304 INFO [CF] Extraction already done
2026-05-16 03:36:11,045 INFO [CF] ✓ Pipeline complete
2026-05-16 03:36:13,054 INFO Progress: 98/503 | [CRL] Charles River Laboratories (Health Care)
2026-05-16 03:36:13,054 INFO [CRL] Starting pipeline...
2026-05-16 03:36:13,054 INFO [CRL] 10-K already downloaded
2026-05-16 03:36:13,055 INFO [CRL] Extraction already done
2026-05-16 03:37:33,384 INFO [CRL] ✓ Pipeline complete
2026-05-16 03:37:35,390 INFO Progress: 99/503 | [SCHW] Charles Schwab Corporation (Financials)
2026-05-16 03:37:35,391 INFO [SCHW] Starting pipeline...
2026-05-16 03:37:35,391 INFO [SCHW] 10-K already downloaded
2026-05-16 03:37:35,391 INFO [SCHW] Extraction already done
2026-05-16 03:38:48,975 INFO [SCHW] ✓ Pipeline complete
2026-05-16 03:38:50,983 INFO Progress: 100/503 | [CHTR] Charter Communications (Communication Services)
2026-05-16 03:38:50,983 INFO [CHTR] Starting pipeline...
2026-05-16 03:38:50,984 INFO [CHTR] 10-K already downloaded
2026-05-16 03:38:50,984 INFO [CHTR] Extraction already done
2026-05-16 03:40:07,103 INFO [CHTR] ✓ Pipeline complete
2026-05-16 03:40:09,109 INFO Progress: 101/503 | [CVX] Chevron Corporation (Energy)
2026-05-16 03:40:09,109 INFO [CVX] Starting pipeline...
2026-05-16 03:40:09,111 INFO [CVX] 10-K already downloaded
2026-05-16 03:40:09,112 INFO [CVX] Extraction already done
2026-05-16 03:41:32,097 INFO [CVX] ✓ Pipeline complete
2026-05-16 03:41:34,104 INFO Progress: 102/503 | [CMG] Chipotle Mexican Grill (Consumer Discretionary)
2026-05-16 03:41:34,105 INFO [CMG] Starting pipeline...
2026-05-16 03:41:34,105 INFO [CMG] 10-K already downloaded
2026-05-16 03:41:34,105 INFO [CMG] Extraction already done
2026-05-16 03:42:53,386 INFO [CMG] ✓ Pipeline complete
2026-05-16 03:42:55,396 INFO Progress: 103/503 | [CB] Chubb Limited (Financials)
2026-05-16 03:42:55,397 INFO [CB] Starting pipeline...
2026-05-16 03:42:55,397 INFO [CB] 10-K already downloaded
2026-05-16 03:42:55,397 INFO [CB] Extraction already done
2026-05-16 03:44:16,750 INFO [CB] ✓ Pipeline complete
2026-05-16 03:44:18,763 INFO Progress: 104/503 | [CHD] Church & Dwight (Consumer Staples)
2026-05-16 03:44:18,763 INFO [CHD] Starting pipeline...
2026-05-16 03:44:18,764 INFO [CHD] 10-K already downloaded
2026-05-16 03:44:18,765 INFO [CHD] Extraction already done
2026-05-16 03:45:27,726 INFO [CHD] ✓ Pipeline complete
2026-05-16 03:45:29,739 INFO Progress: 105/503 | [CIEN] Ciena (Information Technology)
2026-05-16 03:45:29,739 INFO [CIEN] Starting pipeline...
2026-05-16 03:45:29,741 INFO [CIEN] 10-K already downloaded
2026-05-16 03:45:29,741 INFO [CIEN] Extraction already done
2026-05-16 03:46:45,827 INFO [CIEN] ✓ Pipeline complete
2026-05-16 03:46:47,840 INFO Progress: 106/503 | [CI] Cigna (Health Care)
2026-05-16 03:46:47,840 INFO [CI] Starting pipeline...
2026-05-16 03:46:47,840 INFO [CI] 10-K already downloaded
2026-05-16 03:46:47,841 INFO [CI] Extraction already done
2026-05-16 03:48:04,841 INFO [CI] ✓ Pipeline complete
2026-05-16 03:48:06,850 INFO Progress: 107/503 | [CINF] Cincinnati Financial (Financials)
2026-05-16 03:48:06,851 INFO [CINF] Starting pipeline...
2026-05-16 03:48:06,851 INFO [CINF] 10-K already downloaded
2026-05-16 03:48:06,851 INFO [CINF] Extraction already done
2026-05-16 03:49:17,348 INFO [CINF] ✓ Pipeline complete
2026-05-16 03:49:19,354 INFO Progress: 108/503 | [CTAS] Cintas (Industrials)
2026-05-16 03:49:19,354 INFO [CTAS] Starting pipeline...
2026-05-16 03:49:19,354 INFO [CTAS] 10-K already downloaded
2026-05-16 03:49:19,355 INFO [CTAS] Extraction already done
2026-05-16 03:50:41,298 INFO [CTAS] ✓ Pipeline complete
2026-05-16 03:50:43,311 INFO Progress: 109/503 | [CSCO] Cisco (Information Technology)
2026-05-16 03:50:43,311 INFO [CSCO] Starting pipeline...
2026-05-16 03:50:43,312 INFO [CSCO] 10-K already downloaded
2026-05-16 03:50:43,312 INFO [CSCO] Extraction already done
2026-05-16 03:51:59,294 INFO [CSCO] ✓ Pipeline complete
2026-05-16 03:52:01,299 INFO Progress: 110/503 | [C] Citigroup (Financials)
2026-05-16 03:52:01,299 INFO [C] Starting pipeline...
2026-05-16 03:52:01,299 INFO [C] 10-K already downloaded
2026-05-16 03:52:01,300 INFO [C] Extraction already done
2026-05-16 03:53:19,649 INFO [C] ✓ Pipeline complete
2026-05-16 03:53:21,662 INFO Progress: 111/503 | [CFG] Citizens Financial Group (Financials)
2026-05-16 03:53:21,663 INFO [CFG] Starting pipeline...
2026-05-16 03:53:21,663 INFO [CFG] 10-K already downloaded
2026-05-16 03:53:21,663 INFO [CFG] Extraction already done
2026-05-16 03:54:41,657 INFO [CFG] ✓ Pipeline complete
2026-05-16 03:54:43,660 INFO Progress: 112/503 | [CLX] Clorox (Consumer Staples)
2026-05-16 03:54:43,660 INFO [CLX] Starting pipeline...
2026-05-16 03:54:43,661 INFO [CLX] 10-K already downloaded
2026-05-16 03:54:43,661 INFO [CLX] Extraction already done
2026-05-16 03:56:01,529 INFO [CLX] ✓ Pipeline complete
2026-05-16 03:56:03,533 INFO Progress: 113/503 | [CME] CME Group (Financials)
2026-05-16 03:56:03,534 INFO [CME] Starting pipeline...
2026-05-16 03:56:03,534 INFO [CME] 10-K already downloaded
2026-05-16 03:56:03,534 INFO [CME] Extraction already done
2026-05-16 03:57:22,666 INFO [CME] ✓ Pipeline complete
2026-05-16 03:57:24,677 INFO Progress: 114/503 | [CMS] CMS Energy (Utilities)
2026-05-16 03:57:24,678 INFO [CMS] Starting pipeline...
2026-05-16 03:57:24,678 INFO [CMS] 10-K already downloaded
2026-05-16 03:57:24,678 INFO [CMS] Extraction already done
2026-05-16 03:58:44,913 INFO [CMS] ✓ Pipeline complete
2026-05-16 03:58:46,916 INFO Progress: 115/503 | [KO] Coca-Cola Company (The) (Consumer Staples)
2026-05-16 03:58:46,917 INFO [KO] Starting pipeline...
2026-05-16 03:58:46,917 INFO [KO] 10-K already downloaded
2026-05-16 03:58:46,917 INFO [KO] Extraction already done
2026-05-16 04:00:09,696 INFO [KO] ✓ Pipeline complete
2026-05-16 04:00:11,701 INFO Progress: 116/503 | [CTSH] Cognizant (Information Technology)
2026-05-16 04:00:11,702 INFO [CTSH] Starting pipeline...
2026-05-16 04:00:11,702 INFO [CTSH] 10-K already downloaded
2026-05-16 04:00:11,702 INFO [CTSH] Extraction already done
2026-05-16 04:01:30,522 INFO [CTSH] ✓ Pipeline complete
2026-05-16 04:01:32,536 INFO Progress: 117/503 | [COHR] Coherent Corp. (Information Technology)
2026-05-16 04:01:32,537 INFO [COHR] Starting pipeline...
2026-05-16 04:01:32,537 INFO [COHR] 10-K already downloaded
2026-05-16 04:01:32,537 INFO [COHR] Extraction already done
2026-05-16 04:02:57,660 WARNING [COHR] Investment analysis failed — continuing anyway
2026-05-16 04:02:58,671 INFO [COHR] ✓ Pipeline complete
2026-05-16 04:03:00,680 INFO Progress: 118/503 | [COIN] Coinbase (Financials)
2026-05-16 04:03:00,680 INFO [COIN] Starting pipeline...
2026-05-16 04:03:00,680 INFO [COIN] 10-K already downloaded
2026-05-16 04:03:00,681 INFO [COIN] Extraction already done
2026-05-16 04:04:16,289 INFO [COIN] ✓ Pipeline complete
2026-05-16 04:04:18,303 INFO Progress: 119/503 | [CL] Colgate-Palmolive (Consumer Staples)
2026-05-16 04:04:18,303 INFO [CL] Starting pipeline...
2026-05-16 04:04:18,303 INFO [CL] 10-K already downloaded
2026-05-16 04:04:18,304 INFO [CL] Extraction already done
2026-05-16 04:05:38,910 INFO [CL] ✓ Pipeline complete
2026-05-16 04:05:40,918 INFO Progress: 120/503 | [CMCSA] Comcast (Communication Services)
2026-05-16 04:05:40,919 INFO [CMCSA] Starting pipeline...
2026-05-16 04:05:40,919 INFO [CMCSA] 10-K already downloaded
2026-05-16 04:05:40,919 INFO [CMCSA] Extraction already done
2026-05-16 04:06:51,109 INFO [CMCSA] ✓ Pipeline complete
2026-05-16 04:06:53,119 INFO Progress: 121/503 | [FIX] Comfort Systems USA (Industrials)
2026-05-16 04:06:53,120 INFO [FIX] Starting pipeline...
2026-05-16 04:06:53,120 INFO [FIX] 10-K already downloaded
2026-05-16 04:06:53,121 INFO [FIX] Extraction already done
2026-05-16 04:08:03,776 INFO [FIX] ✓ Pipeline complete
2026-05-16 04:08:05,782 INFO Progress: 122/503 | [CAG] Conagra Brands (Consumer Staples)
2026-05-16 04:08:05,783 INFO [CAG] Starting pipeline...
2026-05-16 04:08:05,783 INFO [CAG] 10-K already downloaded
2026-05-16 04:08:05,783 INFO [CAG] Extraction already done
2026-05-16 04:09:25,870 INFO [CAG] ✓ Pipeline complete
2026-05-16 04:09:27,881 INFO Progress: 123/503 | [COP] ConocoPhillips (Energy)
2026-05-16 04:09:27,882 INFO [COP] Starting pipeline...
2026-05-16 04:09:27,882 INFO [COP] 10-K already downloaded
2026-05-16 04:09:27,882 INFO [COP] Extraction already done
2026-05-16 04:10:46,289 INFO [COP] ✓ Pipeline complete
2026-05-16 04:10:48,296 INFO Progress: 124/503 | [ED] Consolidated Edison (Utilities)
2026-05-16 04:10:48,297 INFO [ED] Starting pipeline...
2026-05-16 04:10:48,297 INFO [ED] 10-K already downloaded
2026-05-16 04:10:48,297 INFO [ED] Extraction already done
2026-05-16 04:12:03,727 INFO [ED] ✓ Pipeline complete
2026-05-16 04:12:05,736 INFO Progress: 125/503 | [STZ] Constellation Brands (Consumer Staples)
2026-05-16 04:12:05,736 INFO [STZ] Starting pipeline...
2026-05-16 04:12:05,736 INFO [STZ] 10-K already downloaded
2026-05-16 04:12:05,737 INFO [STZ] Extraction already done
2026-05-16 04:13:26,275 INFO [STZ] ✓ Pipeline complete
2026-05-16 04:13:28,279 INFO Progress: 126/503 | [CEG] Constellation Energy (Utilities)
2026-05-16 04:13:28,279 INFO [CEG] Starting pipeline...
2026-05-16 04:13:28,279 INFO [CEG] 10-K already downloaded
2026-05-16 04:13:28,280 INFO [CEG] Extraction already done
2026-05-16 04:14:45,433 INFO [CEG] ✓ Pipeline complete
2026-05-16 04:14:47,443 INFO Progress: 127/503 | [COO] Cooper Companies (The) (Health Care)
2026-05-16 04:14:47,443 INFO [COO] Starting pipeline...
2026-05-16 04:14:47,444 INFO [COO] 10-K already downloaded
2026-05-16 04:14:47,444 INFO [COO] Extraction already done
2026-05-16 04:16:04,011 INFO [COO] ✓ Pipeline complete
2026-05-16 04:16:06,025 INFO Progress: 128/503 | [CPRT] Copart (Industrials)
2026-05-16 04:16:06,025 INFO [CPRT] Starting pipeline...
2026-05-16 04:16:06,025 INFO [CPRT] 10-K already downloaded
2026-05-16 04:16:06,026 INFO [CPRT] Extraction already done
2026-05-16 04:17:22,669 INFO [CPRT] ✓ Pipeline complete
2026-05-16 04:17:24,679 INFO Progress: 129/503 | [GLW] Corning Inc. (Information Technology)
2026-05-16 04:17:24,679 INFO [GLW] Starting pipeline...
2026-05-16 04:17:24,679 INFO [GLW] 10-K already downloaded
2026-05-16 04:17:24,680 INFO [GLW] Extraction already done
2026-05-16 04:18:51,655 WARNING [GLW] Investment analysis failed — continuing anyway
2026-05-16 04:18:52,664 INFO [GLW] ✓ Pipeline complete
2026-05-16 04:18:54,677 INFO Progress: 130/503 | [CPAY] Corpay (Financials)
2026-05-16 04:18:54,678 INFO [CPAY] Starting pipeline...
2026-05-16 04:18:54,678 INFO [CPAY] 10-K already downloaded
2026-05-16 04:18:54,678 INFO [CPAY] Extraction already done
2026-05-16 04:20:05,773 INFO [CPAY] ✓ Pipeline complete
2026-05-16 04:20:07,780 INFO Progress: 131/503 | [CTVA] Corteva (Materials)
2026-05-16 04:20:07,780 INFO [CTVA] Starting pipeline...
2026-05-16 04:20:07,780 INFO [CTVA] 10-K already downloaded
2026-05-16 04:20:07,781 INFO [CTVA] Extraction already done
2026-05-16 04:21:30,158 INFO [CTVA] ✓ Pipeline complete
2026-05-16 04:21:32,169 INFO Progress: 132/503 | [CSGP] CoStar Group (Real Estate)
2026-05-16 04:21:32,170 INFO [CSGP] Starting pipeline...
2026-05-16 04:21:32,170 INFO [CSGP] 10-K already downloaded
2026-05-16 04:21:32,170 INFO [CSGP] Extraction already done
2026-05-16 04:22:51,093 INFO [CSGP] ✓ Pipeline complete
2026-05-16 04:22:53,100 INFO Progress: 133/503 | [COST] Costco (Consumer Staples)
2026-05-16 04:22:53,101 INFO [COST] Starting pipeline...
2026-05-16 04:22:53,101 INFO [COST] 10-K already downloaded
2026-05-16 04:22:53,101 INFO [COST] Extraction already done
2026-05-16 04:24:12,488 INFO [COST] ✓ Pipeline complete
2026-05-16 04:24:14,501 INFO Progress: 134/503 | [CRH] CRH plc (Materials)
2026-05-16 04:24:14,501 INFO [CRH] Starting pipeline...
2026-05-16 04:24:14,501 INFO [CRH] 10-K already downloaded
2026-05-16 04:24:14,502 INFO [CRH] Extraction already done
2026-05-16 04:25:26,595 INFO [CRH] ✓ Pipeline complete
2026-05-16 04:25:28,607 INFO Progress: 135/503 | [CRWD] CrowdStrike (Information Technology)
2026-05-16 04:25:28,608 INFO [CRWD] Starting pipeline...
2026-05-16 04:25:28,610 INFO [CRWD] 10-K already downloaded
2026-05-16 04:25:28,610 INFO [CRWD] Extraction already done
2026-05-16 04:26:47,073 INFO [CRWD] ✓ Pipeline complete
2026-05-16 04:26:49,080 INFO Progress: 136/503 | [CCI] Crown Castle (Real Estate)
2026-05-16 04:26:49,081 INFO [CCI] Starting pipeline...
2026-05-16 04:26:49,082 INFO [CCI] 10-K already downloaded
2026-05-16 04:26:49,083 INFO [CCI] Extraction already done
2026-05-16 04:28:12,250 INFO [CCI] ✓ Pipeline complete
2026-05-16 04:28:14,254 INFO Progress: 137/503 | [CSX] CSX Corporation (Industrials)
2026-05-16 04:28:14,254 INFO [CSX] Starting pipeline...
2026-05-16 04:28:14,254 INFO [CSX] 10-K already downloaded
2026-05-16 04:28:14,255 INFO [CSX] Extraction already done
2026-05-16 04:29:29,336 INFO [CSX] ✓ Pipeline complete
2026-05-16 04:29:31,344 INFO Progress: 138/503 | [CMI] Cummins (Industrials)
2026-05-16 04:29:31,344 INFO [CMI] Starting pipeline...
2026-05-16 04:29:31,345 INFO [CMI] 10-K already downloaded
2026-05-16 04:29:31,345 INFO [CMI] Extraction already done
2026-05-16 04:30:59,496 INFO [CMI] ✓ Pipeline complete
2026-05-16 04:31:01,506 INFO Progress: 139/503 | [CVS] CVS Health (Health Care)
2026-05-16 04:31:01,506 INFO [CVS] Starting pipeline...
2026-05-16 04:31:01,507 INFO [CVS] 10-K already downloaded
2026-05-16 04:31:01,507 INFO [CVS] Extraction already done
2026-05-16 04:32:23,994 INFO [CVS] ✓ Pipeline complete
2026-05-16 04:32:26,008 INFO Progress: 140/503 | [DHR] Danaher Corporation (Health Care)
2026-05-16 04:32:26,008 INFO [DHR] Starting pipeline...
2026-05-16 04:32:26,009 INFO [DHR] 10-K already downloaded
2026-05-16 04:32:26,009 INFO [DHR] Extraction already done
2026-05-16 04:33:47,358 INFO [DHR] ✓ Pipeline complete
2026-05-16 04:33:49,433 INFO Progress: 141/503 | [DRI] Darden Restaurants (Consumer Discretionary)
2026-05-16 04:33:49,433 INFO [DRI] Starting pipeline...
2026-05-16 04:33:49,433 INFO [DRI] 10-K already downloaded
2026-05-16 04:33:49,434 INFO [DRI] Extraction already done
2026-05-16 04:35:09,882 INFO [DRI] ✓ Pipeline complete
2026-05-16 04:35:11,945 INFO Progress: 142/503 | [DDOG] Datadog (Information Technology)
2026-05-16 04:35:11,945 INFO [DDOG] Starting pipeline...
2026-05-16 04:35:11,945 INFO [DDOG] 10-K already downloaded
2026-05-16 04:35:11,945 INFO [DDOG] Extraction already done
2026-05-16 04:36:34,742 INFO [DDOG] ✓ Pipeline complete
2026-05-16 04:36:36,804 INFO Progress: 143/503 | [DVA] DaVita (Health Care)
2026-05-16 04:36:36,804 INFO [DVA] Starting pipeline...
2026-05-16 04:36:36,804 INFO [DVA] 10-K already downloaded
2026-05-16 04:36:36,805 INFO [DVA] Extraction already done
2026-05-16 04:37:54,900 INFO [DVA] ✓ Pipeline complete
2026-05-16 04:37:56,962 INFO Progress: 144/503 | [DECK] Deckers Brands (Consumer Discretionary)
2026-05-16 04:37:56,963 INFO [DECK] Starting pipeline...
2026-05-16 04:37:56,963 INFO [DECK] 10-K already downloaded
2026-05-16 04:37:56,963 INFO [DECK] Extraction already done
2026-05-16 04:39:21,630 INFO [DECK] ✓ Pipeline complete
2026-05-16 04:39:23,697 INFO Progress: 145/503 | [DE] Deere & Company (Industrials)
2026-05-16 04:39:23,697 INFO [DE] Starting pipeline...
2026-05-16 04:39:23,697 INFO [DE] 10-K already downloaded
2026-05-16 04:39:23,698 INFO [DE] Extraction already done
2026-05-16 04:40:44,229 INFO [DE] ✓ Pipeline complete
2026-05-16 04:40:46,301 INFO Progress: 146/503 | [DELL] Dell Technologies (Information Technology)
2026-05-16 04:40:46,301 INFO [DELL] Starting pipeline...
2026-05-16 04:40:46,303 INFO [DELL] 10-K already downloaded
2026-05-16 04:40:46,304 INFO [DELL] Extraction already done
2026-05-16 04:41:54,796 INFO [DELL] ✓ Pipeline complete
2026-05-16 04:41:56,863 INFO Progress: 147/503 | [DAL] Delta Air Lines (Industrials)
2026-05-16 04:41:56,863 INFO [DAL] Starting pipeline...
2026-05-16 04:41:56,865 INFO [DAL] 10-K already downloaded
2026-05-16 04:41:56,866 INFO [DAL] Extraction already done
2026-05-16 04:43:13,489 INFO [DAL] ✓ Pipeline complete
2026-05-16 04:43:15,499 INFO Progress: 148/503 | [DVN] Devon Energy (Energy)
2026-05-16 04:43:15,500 INFO [DVN] Starting pipeline...
2026-05-16 04:43:15,500 INFO [DVN] 10-K already downloaded
2026-05-16 04:43:15,501 INFO [DVN] Extraction already done
2026-05-16 04:44:32,976 INFO [DVN] ✓ Pipeline complete
2026-05-16 04:44:35,025 INFO Progress: 149/503 | [DXCM] Dexcom (Health Care)
2026-05-16 04:44:35,026 INFO [DXCM] Starting pipeline...
2026-05-16 04:44:35,026 INFO [DXCM] 10-K already downloaded
2026-05-16 04:44:35,026 INFO [DXCM] Extraction already done
2026-05-16 04:45:49,363 INFO [DXCM] ✓ Pipeline complete
2026-05-16 04:45:51,431 INFO Progress: 150/503 | [FANG] Diamondback Energy (Energy)
2026-05-16 04:45:51,432 INFO [FANG] Starting pipeline...
2026-05-16 04:45:51,434 INFO [FANG] 10-K already downloaded
2026-05-16 04:45:51,435 INFO [FANG] Extraction already done
2026-05-16 04:47:06,025 INFO [FANG] ✓ Pipeline complete
2026-05-16 04:47:08,091 INFO Progress: 151/503 | [DLR] Digital Realty (Real Estate)
2026-05-16 04:47:08,092 INFO [DLR] Starting pipeline...
2026-05-16 04:47:08,093 INFO [DLR] 10-K already downloaded
2026-05-16 04:47:08,094 INFO [DLR] Extraction already done
2026-05-16 04:48:29,484 INFO [DLR] ✓ Pipeline complete
2026-05-16 04:48:31,535 INFO Progress: 152/503 | [DG] Dollar General (Consumer Staples)
2026-05-16 04:48:31,535 INFO [DG] Starting pipeline...
2026-05-16 04:48:31,537 INFO [DG] 10-K already downloaded
2026-05-16 04:48:31,538 INFO [DG] Extraction already done
2026-05-16 04:49:53,878 INFO [DG] ✓ Pipeline complete
2026-05-16 04:49:55,943 INFO Progress: 153/503 | [DLTR] Dollar Tree (Consumer Staples)
2026-05-16 04:49:55,944 INFO [DLTR] Starting pipeline...
2026-05-16 04:49:55,944 INFO [DLTR] 10-K already downloaded
2026-05-16 04:49:55,944 INFO [DLTR] Extraction already done
2026-05-16 04:51:13,954 INFO [DLTR] ✓ Pipeline complete
2026-05-16 04:51:15,994 INFO Progress: 154/503 | [D] Dominion Energy (Utilities)
2026-05-16 04:51:15,995 INFO [D] Starting pipeline...
2026-05-16 04:51:15,995 INFO [D] 10-K already downloaded
2026-05-16 04:51:15,995 INFO [D] Extraction already done
2026-05-16 04:52:33,449 INFO [D] ✓ Pipeline complete
2026-05-16 04:52:35,514 INFO Progress: 155/503 | [DPZ] Domino's (Consumer Discretionary)
2026-05-16 04:52:35,514 INFO [DPZ] Starting pipeline...
2026-05-16 04:52:35,514 INFO [DPZ] 10-K already downloaded
2026-05-16 04:52:35,515 INFO [DPZ] Extraction already done
2026-05-16 04:53:56,023 INFO [DPZ] ✓ Pipeline complete
2026-05-16 04:53:58,081 INFO Progress: 156/503 | [DASH] DoorDash (Consumer Discretionary)
2026-05-16 04:53:58,081 INFO [DASH] Starting pipeline...
2026-05-16 04:53:58,082 INFO [DASH] 10-K already downloaded
2026-05-16 04:53:58,082 INFO [DASH] Extraction already done
2026-05-16 04:55:16,339 INFO [DASH] ✓ Pipeline complete
2026-05-16 04:55:18,400 INFO Progress: 157/503 | [DOV] Dover Corporation (Industrials)
2026-05-16 04:55:18,400 INFO [DOV] Starting pipeline...
2026-05-16 04:55:18,400 INFO [DOV] 10-K already downloaded
2026-05-16 04:55:18,401 INFO [DOV] Extraction already done
2026-05-16 04:56:36,978 INFO [DOV] ✓ Pipeline complete
2026-05-16 04:56:39,049 INFO Progress: 158/503 | [DOW] Dow Inc. (Materials)
2026-05-16 04:56:39,049 INFO [DOW] Starting pipeline...
2026-05-16 04:56:39,050 INFO [DOW] 10-K already downloaded
2026-05-16 04:56:39,050 INFO [DOW] Extraction already done
2026-05-16 04:57:54,599 INFO [DOW] ✓ Pipeline complete
2026-05-16 04:57:56,655 INFO Progress: 159/503 | [DHI] D. R. Horton (Consumer Discretionary)
2026-05-16 04:57:56,655 INFO [DHI] Starting pipeline...
2026-05-16 04:57:56,656 INFO [DHI] 10-K already downloaded
2026-05-16 04:57:56,656 INFO [DHI] Extraction already done
2026-05-16 04:59:19,965 INFO [DHI] ✓ Pipeline complete
2026-05-16 04:59:22,031 INFO Progress: 160/503 | [DTE] DTE Energy (Utilities)
2026-05-16 04:59:22,031 INFO [DTE] Starting pipeline...
2026-05-16 04:59:22,031 INFO [DTE] 10-K already downloaded
2026-05-16 04:59:22,032 INFO [DTE] Extraction already done
2026-05-16 05:00:44,001 INFO [DTE] ✓ Pipeline complete
2026-05-16 05:00:46,044 INFO Progress: 161/503 | [DUK] Duke Energy (Utilities)
2026-05-16 05:00:46,044 INFO [DUK] Starting pipeline...
2026-05-16 05:00:46,046 INFO [DUK] 10-K already downloaded
2026-05-16 05:00:46,047 INFO [DUK] Extraction already done
2026-05-16 05:02:06,551 INFO [DUK] ✓ Pipeline complete
2026-05-16 05:02:08,612 INFO Progress: 162/503 | [DD] DuPont (Materials)
2026-05-16 05:02:08,613 INFO [DD] Starting pipeline...
2026-05-16 05:02:08,613 INFO [DD] 10-K already downloaded
2026-05-16 05:02:08,613 INFO [DD] Extraction already done
2026-05-16 05:03:26,718 INFO [DD] ✓ Pipeline complete
2026-05-16 05:03:28,785 INFO Progress: 163/503 | [ETN] Eaton Corporation (Industrials)
2026-05-16 05:03:28,785 INFO [ETN] Starting pipeline...
2026-05-16 05:03:28,785 INFO [ETN] 10-K already downloaded
2026-05-16 05:03:28,786 INFO [ETN] Extraction already done
2026-05-16 05:04:46,727 INFO [ETN] ✓ Pipeline complete
2026-05-16 05:04:48,797 INFO Progress: 164/503 | [EBAY] eBay Inc. (Consumer Discretionary)
2026-05-16 05:04:48,797 INFO [EBAY] Starting pipeline...
2026-05-16 05:04:48,798 INFO [EBAY] 10-K already downloaded
2026-05-16 05:04:48,798 INFO [EBAY] Extraction already done
2026-05-16 05:06:09,240 INFO [EBAY] ✓ Pipeline complete
2026-05-16 05:06:11,285 INFO Progress: 165/503 | [SATS] EchoStar (Communication Services)
2026-05-16 05:06:11,285 INFO [SATS] Starting pipeline...
2026-05-16 05:06:11,285 INFO [SATS] 10-K already downloaded
2026-05-16 05:06:11,286 INFO [SATS] Extraction already done
2026-05-16 05:07:34,869 INFO [SATS] ✓ Pipeline complete
2026-05-16 05:07:36,936 INFO Progress: 166/503 | [ECL] Ecolab (Materials)
2026-05-16 05:07:36,936 INFO [ECL] Starting pipeline...
2026-05-16 05:07:36,937 INFO [ECL] 10-K already downloaded
2026-05-16 05:07:36,937 INFO [ECL] Extraction already done
2026-05-16 05:08:56,276 INFO [ECL] ✓ Pipeline complete
2026-05-16 05:08:58,330 INFO Progress: 167/503 | [EIX] Edison International (Utilities)
2026-05-16 05:08:58,331 INFO [EIX] Starting pipeline...
2026-05-16 05:08:58,331 INFO [EIX] 10-K already downloaded
2026-05-16 05:08:58,331 INFO [EIX] Extraction already done
2026-05-16 05:10:21,509 INFO [EIX] ✓ Pipeline complete
2026-05-16 05:10:23,571 INFO Progress: 168/503 | [EW] Edwards Lifesciences (Health Care)
2026-05-16 05:10:23,572 INFO [EW] Starting pipeline...
2026-05-16 05:10:23,573 INFO [EW] 10-K already downloaded
2026-05-16 05:10:23,574 INFO [EW] Extraction already done
2026-05-16 05:11:49,906 WARNING [EW] Investment analysis failed — continuing anyway
2026-05-16 05:11:50,914 INFO [EW] ✓ Pipeline complete
2026-05-16 05:11:52,973 INFO Progress: 169/503 | [EA] Electronic Arts (Communication Services)
2026-05-16 05:11:52,973 INFO [EA] Starting pipeline...
2026-05-16 05:11:52,975 INFO [EA] 10-K already downloaded
2026-05-16 05:11:52,976 INFO [EA] Extraction already done
2026-05-16 05:13:07,118 INFO [EA] ✓ Pipeline complete
2026-05-16 05:13:09,181 INFO Progress: 170/503 | [ELV] Elevance Health (Health Care)
2026-05-16 05:13:09,181 INFO [ELV] Starting pipeline...
2026-05-16 05:13:09,182 INFO [ELV] 10-K already downloaded
2026-05-16 05:13:09,182 INFO [ELV] Extraction already done
2026-05-16 05:14:24,455 INFO [ELV] ✓ Pipeline complete
2026-05-16 05:14:26,465 INFO Progress: 171/503 | [EME] Emcor (Industrials)
2026-05-16 05:14:26,466 INFO [EME] Starting pipeline...
2026-05-16 05:14:26,466 INFO [EME] 10-K already downloaded
2026-05-16 05:14:26,466 INFO [EME] Extraction already done
2026-05-16 05:15:45,468 INFO [EME] ✓ Pipeline complete
2026-05-16 05:15:47,474 INFO Progress: 172/503 | [EMR] Emerson Electric (Industrials)
2026-05-16 05:15:47,475 INFO [EMR] Starting pipeline...
2026-05-16 05:15:47,475 INFO [EMR] 10-K already downloaded
2026-05-16 05:15:47,475 INFO [EMR] Extraction already done
2026-05-16 05:17:07,517 INFO [EMR] ✓ Pipeline complete
2026-05-16 05:17:09,585 INFO Progress: 173/503 | [ETR] Entergy (Utilities)
2026-05-16 05:17:09,586 INFO [ETR] Starting pipeline...
2026-05-16 05:17:09,586 INFO [ETR] 10-K already downloaded
2026-05-16 05:17:09,586 INFO [ETR] Extraction already done
2026-05-16 05:18:29,357 INFO [ETR] ✓ Pipeline complete
2026-05-16 05:18:31,410 INFO Progress: 174/503 | [EOG] EOG Resources (Energy)
2026-05-16 05:18:31,410 INFO [EOG] Starting pipeline...
2026-05-16 05:18:31,410 INFO [EOG] 10-K already downloaded
2026-05-16 05:18:31,411 INFO [EOG] Extraction already done
2026-05-16 05:19:56,991 INFO [EOG] ✓ Pipeline complete
2026-05-16 05:19:59,059 INFO Progress: 175/503 | [EPAM] EPAM Systems (Information Technology)
2026-05-16 05:19:59,059 INFO [EPAM] Starting pipeline...
2026-05-16 05:19:59,059 INFO [EPAM] 10-K already downloaded
2026-05-16 05:19:59,060 INFO [EPAM] Extraction already done
2026-05-16 05:21:17,378 INFO [EPAM] ✓ Pipeline complete
2026-05-16 05:21:19,446 INFO Progress: 176/503 | [EQT] EQT Corporation (Energy)
2026-05-16 05:21:19,447 INFO [EQT] Starting pipeline...
2026-05-16 05:21:19,447 INFO [EQT] 10-K already downloaded
2026-05-16 05:21:19,447 INFO [EQT] Extraction already done
2026-05-16 05:22:31,822 INFO [EQT] ✓ Pipeline complete
2026-05-16 05:22:33,886 INFO Progress: 177/503 | [EFX] Equifax (Industrials)
2026-05-16 05:22:33,887 INFO [EFX] Starting pipeline...
2026-05-16 05:22:33,887 INFO [EFX] 10-K already downloaded
2026-05-16 05:22:33,887 INFO [EFX] Extraction already done
2026-05-16 05:23:49,174 INFO [EFX] ✓ Pipeline complete
2026-05-16 05:23:51,227 INFO Progress: 178/503 | [EQIX] Equinix (Real Estate)
2026-05-16 05:23:51,228 INFO [EQIX] Starting pipeline...
2026-05-16 05:23:51,228 INFO [EQIX] 10-K already downloaded
2026-05-16 05:23:51,228 INFO [EQIX] Extraction already done
2026-05-16 05:25:07,454 INFO [EQIX] ✓ Pipeline complete
2026-05-16 05:25:09,459 INFO Progress: 179/503 | [EQR] Equity Residential (Real Estate)
2026-05-16 05:25:09,459 INFO [EQR] Starting pipeline...
2026-05-16 05:25:09,459 INFO [EQR] 10-K already downloaded
2026-05-16 05:25:09,460 INFO [EQR] Extraction already done
2026-05-16 05:26:21,375 INFO [EQR] ✓ Pipeline complete
2026-05-16 05:26:23,442 INFO Progress: 180/503 | [ERIE] Erie Indemnity (Financials)
2026-05-16 05:26:23,443 INFO [ERIE] Starting pipeline...
2026-05-16 05:26:23,443 INFO [ERIE] 10-K already downloaded
2026-05-16 05:26:23,444 INFO [ERIE] Extraction already done
2026-05-16 05:27:39,733 INFO [ERIE] ✓ Pipeline complete
2026-05-16 05:27:41,795 INFO Progress: 181/503 | [ESS] Essex Property Trust (Real Estate)
2026-05-16 05:27:41,796 INFO [ESS] Starting pipeline...
2026-05-16 05:27:41,796 INFO [ESS] 10-K already downloaded
2026-05-16 05:27:41,797 INFO [ESS] Extraction already done
2026-05-16 05:28:58,158 INFO [ESS] ✓ Pipeline complete
2026-05-16 05:29:00,220 INFO Progress: 182/503 | [EL] Estée Lauder Companies (The) (Consumer Staples)
2026-05-16 05:29:00,220 INFO [EL] Starting pipeline...
2026-05-16 05:29:00,221 INFO [EL] 10-K already downloaded
2026-05-16 05:29:00,221 INFO [EL] Extraction already done
2026-05-16 05:30:29,121 WARNING [EL] Investment analysis failed — continuing anyway
2026-05-16 05:30:30,131 INFO [EL] ✓ Pipeline complete
2026-05-16 05:30:32,189 INFO Progress: 183/503 | [EG] Everest Group (Financials)
2026-05-16 05:30:32,190 INFO [EG] Starting pipeline...
2026-05-16 05:30:32,190 INFO [EG] 10-K already downloaded
2026-05-16 05:30:32,190 INFO [EG] Extraction already done
2026-05-16 05:31:45,700 INFO [EG] ✓ Pipeline complete
2026-05-16 05:31:47,759 INFO Progress: 184/503 | [EVRG] Evergy (Utilities)
2026-05-16 05:31:47,760 INFO [EVRG] Starting pipeline...
2026-05-16 05:31:47,760 INFO [EVRG] 10-K already downloaded
2026-05-16 05:31:47,760 INFO [EVRG] Extraction already done
2026-05-16 05:33:05,740 INFO [EVRG] ✓ Pipeline complete
2026-05-16 05:33:07,800 INFO Progress: 185/503 | [ES] Eversource Energy (Utilities)
2026-05-16 05:33:07,800 INFO [ES] Starting pipeline...
2026-05-16 05:33:07,801 INFO [ES] 10-K already downloaded
2026-05-16 05:33:07,801 INFO [ES] Extraction already done
2026-05-16 05:34:22,381 INFO [ES] ✓ Pipeline complete
2026-05-16 05:34:24,443 INFO Progress: 186/503 | [EXC] Exelon (Utilities)
2026-05-16 05:34:24,443 INFO [EXC] Starting pipeline...
2026-05-16 05:34:24,444 INFO [EXC] 10-K already downloaded
2026-05-16 05:34:24,445 INFO [EXC] Extraction already done
2026-05-16 05:35:35,970 INFO [EXC] ✓ Pipeline complete
2026-05-16 05:35:37,980 INFO Progress: 187/503 | [EXE] Expand Energy (Energy)
2026-05-16 05:35:37,981 INFO [EXE] Starting pipeline...
2026-05-16 05:35:37,981 INFO [EXE] 10-K already downloaded
2026-05-16 05:35:37,981 INFO [EXE] Extraction already done
2026-05-16 05:37:02,936 INFO [EXE] ✓ Pipeline complete
2026-05-16 05:37:04,947 INFO Progress: 188/503 | [EXPE] Expedia Group (Consumer Discretionary)
2026-05-16 05:37:04,947 INFO [EXPE] Starting pipeline...
2026-05-16 05:37:04,947 INFO [EXPE] 10-K already downloaded
2026-05-16 05:37:04,947 INFO [EXPE] Extraction already done
2026-05-16 05:38:15,695 INFO [EXPE] ✓ Pipeline complete
2026-05-16 05:38:17,709 INFO Progress: 189/503 | [EXPD] Expeditors International (Industrials)
2026-05-16 05:38:17,709 INFO [EXPD] Starting pipeline...
2026-05-16 05:38:17,709 INFO [EXPD] 10-K already downloaded
2026-05-16 05:38:17,709 INFO [EXPD] Extraction already done
2026-05-16 05:39:26,489 INFO [EXPD] ✓ Pipeline complete
2026-05-16 05:39:28,499 INFO Progress: 190/503 | [EXR] Extra Space Storage (Real Estate)
2026-05-16 05:39:28,499 INFO [EXR] Starting pipeline...
2026-05-16 05:39:28,499 INFO [EXR] 10-K already downloaded
2026-05-16 05:39:28,499 INFO [EXR] Extraction already done
2026-05-16 05:40:42,268 INFO [EXR] ✓ Pipeline complete
2026-05-16 05:40:44,281 INFO Progress: 191/503 | [XOM] ExxonMobil (Energy)
2026-05-16 05:40:44,281 INFO [XOM] Starting pipeline...
2026-05-16 05:40:44,281 INFO [XOM] 10-K already downloaded
2026-05-16 05:40:44,282 INFO [XOM] Extraction already done
2026-05-16 05:42:05,317 INFO [XOM] ✓ Pipeline complete
2026-05-16 05:42:07,332 INFO Progress: 192/503 | [FFIV] F5, Inc. (Information Technology)
2026-05-16 05:42:07,332 INFO [FFIV] Starting pipeline...
2026-05-16 05:42:07,332 INFO [FFIV] 10-K already downloaded
2026-05-16 05:42:07,333 INFO [FFIV] Extraction already done
2026-05-16 05:43:26,244 INFO [FFIV] ✓ Pipeline complete
2026-05-16 05:43:28,251 INFO Progress: 193/503 | [FDS] FactSet (Financials)
2026-05-16 05:43:28,251 INFO [FDS] Starting pipeline...
2026-05-16 05:43:28,251 INFO [FDS] 10-K already downloaded
2026-05-16 05:43:28,251 INFO [FDS] Extraction already done
2026-05-16 05:44:45,108 INFO [FDS] ✓ Pipeline complete
2026-05-16 05:44:47,119 INFO Progress: 194/503 | [FICO] Fair Isaac (Information Technology)
2026-05-16 05:44:47,119 INFO [FICO] Starting pipeline...
2026-05-16 05:44:47,119 INFO [FICO] 10-K already downloaded
2026-05-16 05:44:47,119 INFO [FICO] Extraction already done
2026-05-16 05:46:03,500 INFO [FICO] ✓ Pipeline complete
2026-05-16 05:46:05,513 INFO Progress: 195/503 | [FAST] Fastenal (Industrials)
2026-05-16 05:46:05,514 INFO [FAST] Starting pipeline...
2026-05-16 05:46:05,514 INFO [FAST] 10-K already downloaded
2026-05-16 05:46:05,514 INFO [FAST] Extraction already done
2026-05-16 05:47:21,851 INFO [FAST] ✓ Pipeline complete
2026-05-16 05:47:23,865 INFO Progress: 196/503 | [FRT] Federal Realty Investment Trust (Real Estate)
2026-05-16 05:47:23,865 INFO [FRT] Starting pipeline...
2026-05-16 05:47:23,866 INFO [FRT] 10-K already downloaded
2026-05-16 05:47:23,866 INFO [FRT] Extraction already done
2026-05-16 05:48:45,911 INFO [FRT] ✓ Pipeline complete
2026-05-16 05:48:47,921 INFO Progress: 197/503 | [FDX] FedEx (Industrials)
2026-05-16 05:48:47,921 INFO [FDX] Starting pipeline...
2026-05-16 05:48:47,922 INFO [FDX] 10-K already downloaded
2026-05-16 05:48:47,922 INFO [FDX] Extraction already done
2026-05-16 05:50:05,065 INFO [FDX] ✓ Pipeline complete
2026-05-16 05:50:07,077 INFO Progress: 198/503 | [FIS] Fidelity National Information Services (Financials)
2026-05-16 05:50:07,077 INFO [FIS] Starting pipeline...
2026-05-16 05:50:07,078 INFO [FIS] 10-K already downloaded
2026-05-16 05:50:07,078 INFO [FIS] Extraction already done
2026-05-16 05:51:32,063 INFO [FIS] ✓ Pipeline complete
2026-05-16 05:51:34,076 INFO Progress: 199/503 | [FITB] Fifth Third Bancorp (Financials)
2026-05-16 05:51:34,077 INFO [FITB] Starting pipeline...
2026-05-16 05:51:34,077 INFO [FITB] 10-K already downloaded
2026-05-16 05:51:34,078 INFO [FITB] Extraction already done
2026-05-16 05:53:00,691 INFO [FITB] ✓ Pipeline complete
2026-05-16 05:53:02,701 INFO Progress: 200/503 | [FSLR] First Solar (Information Technology)
2026-05-16 05:53:02,702 INFO [FSLR] Starting pipeline...
2026-05-16 05:53:02,703 INFO [FSLR] 10-K already downloaded
2026-05-16 05:53:02,703 INFO [FSLR] Extraction already done
2026-05-16 05:54:29,658 INFO [FSLR] ✓ Pipeline complete
2026-05-16 05:54:31,668 INFO Progress: 201/503 | [FE] FirstEnergy (Utilities)
2026-05-16 05:54:31,668 INFO [FE] Starting pipeline...
2026-05-16 05:54:31,669 INFO [FE] 10-K already downloaded
2026-05-16 05:54:31,670 INFO [FE] Extraction already done
2026-05-16 06:01:45,294 INFO [FE] ✓ Pipeline complete
2026-05-16 06:01:47,299 INFO Progress: 202/503 | [FISV] Fiserv (Financials)
2026-05-16 06:01:47,299 INFO [FISV] Starting pipeline...
2026-05-16 06:01:47,299 INFO [FISV] 10-K already downloaded
2026-05-16 06:01:47,300 INFO [FISV] Extraction already done
2026-05-16 06:02:59,069 INFO [FISV] ✓ Pipeline complete
2026-05-16 06:03:01,078 INFO Progress: 203/503 | [F] Ford Motor Company (Consumer Discretionary)
2026-05-16 06:03:01,078 INFO [F] Starting pipeline...
2026-05-16 06:03:01,078 INFO [F] 10-K already downloaded
2026-05-16 06:03:01,078 INFO [F] Extraction already done
