2026-05-15 20:35:59,668 INFO Pipeline starting: 10 companies | dry_run=False | resume=False
2026-05-15 20:35:59,669 INFO Progress: 0/10 | [ABNB] Airbnb (Consumer Discretionary)
2026-05-15 20:35:59,827 INFO [ABNB] Starting pipeline...
2026-05-15 20:35:59,827 INFO [ABNB] 10-K already downloaded
2026-05-15 20:35:59,827 INFO [ABNB] Extraction already done
2026-05-15 20:35:59,827 INFO [ABNB] Porter already done
2026-05-15 20:36:15,292 INFO [ABNB] ✓ Pipeline complete
2026-05-15 20:36:17,296 INFO Progress: 1/10 | [MO] Altria Group (Consumer Staples)
2026-05-15 20:36:17,297 INFO [MO] Starting pipeline...
2026-05-15 20:36:17,297 INFO [MO] 10-K already downloaded
2026-05-15 20:36:17,298 INFO [MO] Extraction already done
2026-05-15 20:36:17,298 INFO [MO] Porter already done
2026-05-15 20:36:32,402 INFO [MO] ✓ Pipeline complete
2026-05-15 20:36:34,408 INFO Progress: 2/10 | [APA] APA Corporation (Energy)
2026-05-15 20:36:34,408 INFO [APA] Starting pipeline...
2026-05-15 20:36:34,408 INFO [APA] 10-K already downloaded
2026-05-15 20:36:34,408 INFO [APA] Extraction already done
2026-05-15 20:36:34,408 INFO [APA] Porter already done
2026-05-15 20:36:48,509 INFO [APA] ✓ Pipeline complete
2026-05-15 20:36:50,513 INFO Progress: 3/10 | [AFL] Aflac (Financials)
2026-05-15 20:36:50,513 INFO [AFL] Starting pipeline...
2026-05-15 20:36:50,514 INFO [AFL] 10-K already downloaded
2026-05-15 20:36:50,514 INFO [AFL] Extraction already done
2026-05-15 20:36:50,514 INFO [AFL] Porter already done
2026-05-15 20:37:04,224 INFO [AFL] ✓ Pipeline complete
2026-05-15 20:37:06,228 INFO Progress: 4/10 | [ABT] Abbott Laboratories (Health Care)
2026-05-15 20:37:06,228 INFO [ABT] Starting pipeline...
2026-05-15 20:37:06,228 INFO [ABT] 10-K already downloaded
2026-05-15 20:37:06,228 INFO [ABT] Extraction already done
2026-05-15 20:37:06,228 INFO [ABT] Porter already done
2026-05-15 20:37:20,509 INFO [ABT] ✓ Pipeline complete
2026-05-15 20:37:22,517 INFO Progress: 5/10 | [MMM] 3M (Industrials)
2026-05-15 20:37:22,517 INFO [MMM] Starting pipeline...
2026-05-15 20:37:22,518 INFO [MMM] 10-K already downloaded
2026-05-15 20:37:22,518 INFO [MMM] Extraction already done
2026-05-15 20:37:22,518 INFO [MMM] Porter already done
2026-05-15 20:37:36,818 INFO [MMM] ✓ Pipeline complete
2026-05-15 20:37:38,824 INFO Progress: 6/10 | [ACN] Accenture (Information Technology)
2026-05-15 20:37:38,824 INFO [ACN] Starting pipeline...
2026-05-15 20:37:38,824 INFO [ACN] 10-K already downloaded
2026-05-15 20:37:38,824 INFO [ACN] Extraction already done
2026-05-15 20:37:38,824 INFO [ACN] Porter already done
2026-05-15 20:37:53,166 INFO [ACN] ✓ Pipeline complete
2026-05-15 20:37:55,173 INFO Progress: 7/10 | [APD] Air Products (Materials)
2026-05-15 20:37:55,173 INFO [APD] Starting pipeline...
2026-05-15 20:37:55,174 INFO [APD] 10-K already downloaded
2026-05-15 20:37:55,174 INFO [APD] Extraction already done
2026-05-15 20:37:55,174 INFO [APD] Porter already done
2026-05-15 20:38:08,518 INFO [APD] ✓ Pipeline complete
2026-05-15 20:38:10,525 INFO Progress: 8/10 | [ARE] Alexandria Real Estate (Real Estate)
2026-05-15 20:38:10,525 INFO [ARE] Starting pipeline...
2026-05-15 20:38:10,526 INFO [ARE] 10-K already downloaded
2026-05-15 20:38:10,526 INFO [ARE] Extraction already done
2026-05-15 20:38:10,526 INFO [ARE] Porter already done
2026-05-15 20:38:24,128 INFO [ARE] ✓ Pipeline complete
2026-05-15 20:38:26,133 INFO Progress: 9/10 | [AES] AES Corporation (Utilities)
2026-05-15 20:38:26,133 INFO [AES] Starting pipeline...
2026-05-15 20:38:26,133 INFO [AES] 10-K already downloaded
2026-05-15 20:38:26,133 INFO [AES] Extraction already done
2026-05-15 20:38:26,133 INFO [AES] Porter already done
2026-05-15 20:38:40,347 INFO [AES] ✓ Pipeline complete
2026-05-15 20:38:42,353 INFO 
==================================================
2026-05-15 20:38:42,353 INFO Pipeline complete!
2026-05-15 20:38:42,354 INFO   Completed: 10
2026-05-15 20:38:42,354 INFO   Failed:    0
2026-05-15 20:38:42,354 INFO   Skipped:   0
