2026-05-16 18:04:38,262 INFO Pipeline starting: 503 companies | dry_run=False | resume=True
2026-05-16 18:04:38,262 INFO [MMM] Already completed, skipping
2026-05-16 18:04:38,263 INFO [AOS] Already completed, skipping
2026-05-16 18:04:38,263 INFO [ABT] Already completed, skipping
2026-05-16 18:04:38,263 INFO [ABBV] Already completed, skipping
2026-05-16 18:04:38,263 INFO [ACN] Already completed, skipping
2026-05-16 18:04:38,263 INFO [ADBE] Already completed, skipping
2026-05-16 18:04:38,263 INFO [AMD] Already completed, skipping
2026-05-16 18:04:38,263 INFO [AES] Already completed, skipping
2026-05-16 18:04:38,263 INFO [AFL] Already completed, skipping
2026-05-16 18:04:38,263 INFO [A] Already completed, skipping
2026-05-16 18:04:38,263 INFO [APD] Already completed, skipping
2026-05-16 18:04:38,263 INFO [ABNB] Already completed, skipping
2026-05-16 18:04:38,263 INFO [AKAM] Already completed, skipping
2026-05-16 18:04:38,263 INFO [ALB] Already completed, skipping
2026-05-16 18:04:38,263 INFO [ARE] Already completed, skipping
2026-05-16 18:04:38,263 INFO [ALGN] Already completed, skipping
2026-05-16 18:04:38,263 INFO [ALLE] Already completed, skipping
2026-05-16 18:04:38,263 INFO [LNT] Already completed, skipping
2026-05-16 18:04:38,263 INFO [ALL] Already completed, skipping
2026-05-16 18:04:38,263 INFO [GOOGL] Already completed, skipping
2026-05-16 18:04:38,263 INFO [GOOG] Already completed, skipping
2026-05-16 18:04:38,263 INFO [MO] Already completed, skipping
2026-05-16 18:04:38,263 INFO [AMZN] Already completed, skipping
2026-05-16 18:04:38,263 INFO [AMCR] Already completed, skipping
2026-05-16 18:04:38,263 INFO [AEE] Already completed, skipping
2026-05-16 18:04:38,263 INFO [AEP] Already completed, skipping
2026-05-16 18:04:38,263 INFO [AXP] Already completed, skipping
2026-05-16 18:04:38,263 INFO [AIG] Already completed, skipping
2026-05-16 18:04:38,263 INFO [AMT] Already completed, skipping
2026-05-16 18:04:38,263 INFO [AWK] Already completed, skipping
2026-05-16 18:04:38,263 INFO [AMP] Already completed, skipping
2026-05-16 18:04:38,263 INFO [AME] Already completed, skipping
2026-05-16 18:04:38,264 INFO [AMGN] Already completed, skipping
2026-05-16 18:04:38,264 INFO [APH] Already completed, skipping
2026-05-16 18:04:38,264 INFO [ADI] Already completed, skipping
2026-05-16 18:04:38,264 INFO [AON] Already completed, skipping
2026-05-16 18:04:38,264 INFO [APA] Already completed, skipping
2026-05-16 18:04:38,264 INFO [APO] Already completed, skipping
2026-05-16 18:04:38,264 INFO [AAPL] Already completed, skipping
2026-05-16 18:04:38,264 INFO [AMAT] Already completed, skipping
2026-05-16 18:04:38,264 INFO [APP] Already completed, skipping
2026-05-16 18:04:38,264 INFO [APTV] Already completed, skipping
2026-05-16 18:04:38,264 INFO [ACGL] Already completed, skipping
2026-05-16 18:04:38,264 INFO [ADM] Already completed, skipping
2026-05-16 18:04:38,264 INFO [ARES] Already completed, skipping
2026-05-16 18:04:38,264 INFO [ANET] Already completed, skipping
2026-05-16 18:04:38,264 INFO [AJG] Already completed, skipping
2026-05-16 18:04:38,264 INFO [AIZ] Already completed, skipping
2026-05-16 18:04:38,264 INFO [T] Already completed, skipping
2026-05-16 18:04:38,264 INFO [ATO] Already completed, skipping
2026-05-16 18:04:38,264 INFO [ADSK] Already completed, skipping
2026-05-16 18:04:38,264 INFO [ADP] Already completed, skipping
2026-05-16 18:04:38,264 INFO [AZO] Already completed, skipping
2026-05-16 18:04:38,264 INFO [AVB] Already completed, skipping
2026-05-16 18:04:38,264 INFO [AVY] Already completed, skipping
2026-05-16 18:04:38,264 INFO [AXON] Already completed, skipping
2026-05-16 18:04:38,264 INFO [BKR] Already completed, skipping
2026-05-16 18:04:38,264 INFO [BALL] Already completed, skipping
2026-05-16 18:04:38,264 INFO [BAC] Already completed, skipping
2026-05-16 18:04:38,264 INFO [BAX] Already completed, skipping
2026-05-16 18:04:38,264 INFO [BDX] Already completed, skipping
2026-05-16 18:04:38,264 INFO [BRK-B] Already completed, skipping
2026-05-16 18:04:38,264 INFO [BBY] Already completed, skipping
2026-05-16 18:04:38,264 INFO [TECH] Already completed, skipping
2026-05-16 18:04:38,264 INFO [BIIB] Already completed, skipping
2026-05-16 18:04:38,264 INFO [BLK] Already completed, skipping
2026-05-16 18:04:38,265 INFO [BX] Already completed, skipping
2026-05-16 18:04:38,265 INFO [XYZ] Already completed, skipping
2026-05-16 18:04:38,265 INFO [BK] Already completed, skipping
2026-05-16 18:04:38,265 INFO [BA] Already completed, skipping
2026-05-16 18:04:38,265 INFO [BKNG] Already completed, skipping
2026-05-16 18:04:38,265 INFO [BSX] Already completed, skipping
2026-05-16 18:04:38,265 INFO [BMY] Already completed, skipping
2026-05-16 18:04:38,265 INFO [AVGO] Already completed, skipping
2026-05-16 18:04:38,265 INFO [BR] Already completed, skipping
2026-05-16 18:04:38,265 INFO [BRO] Already completed, skipping
2026-05-16 18:04:38,265 INFO [BF-B] Already completed, skipping
2026-05-16 18:04:38,265 INFO [BLDR] Already completed, skipping
2026-05-16 18:04:38,265 INFO [BG] Already completed, skipping
2026-05-16 18:04:38,265 INFO [BXP] Already completed, skipping
2026-05-16 18:04:38,265 INFO [CHRW] Already completed, skipping
2026-05-16 18:04:38,265 INFO [CDNS] Already completed, skipping
2026-05-16 18:04:38,265 INFO [CPT] Already completed, skipping
2026-05-16 18:04:38,265 INFO [CPB] Already completed, skipping
2026-05-16 18:04:38,265 INFO [COF] Already completed, skipping
2026-05-16 18:04:38,265 INFO [CAH] Already completed, skipping
2026-05-16 18:04:38,265 INFO [CCL] Already completed, skipping
2026-05-16 18:04:38,265 INFO [CARR] Already completed, skipping
2026-05-16 18:04:38,265 INFO [CVNA] Already completed, skipping
2026-05-16 18:04:38,265 INFO [CASY] Already completed, skipping
2026-05-16 18:04:38,265 INFO [CAT] Already completed, skipping
2026-05-16 18:04:38,265 INFO [CBOE] Already completed, skipping
2026-05-16 18:04:38,265 INFO [CBRE] Already completed, skipping
2026-05-16 18:04:38,265 INFO [CDW] Already completed, skipping
2026-05-16 18:04:38,265 INFO [COR] Already completed, skipping
2026-05-16 18:04:38,265 INFO [CNC] Already completed, skipping
2026-05-16 18:04:38,265 INFO [CNP] Already completed, skipping
2026-05-16 18:04:38,265 INFO [CF] Already completed, skipping
2026-05-16 18:04:38,265 INFO [CRL] Already completed, skipping
2026-05-16 18:04:38,265 INFO [SCHW] Already completed, skipping
2026-05-16 18:04:38,265 INFO [CHTR] Already completed, skipping
2026-05-16 18:04:38,265 INFO [CVX] Already completed, skipping
2026-05-16 18:04:38,266 INFO [CMG] Already completed, skipping
2026-05-16 18:04:38,266 INFO [CB] Already completed, skipping
2026-05-16 18:04:38,266 INFO [CHD] Already completed, skipping
2026-05-16 18:04:38,266 INFO [CIEN] Already completed, skipping
2026-05-16 18:04:38,266 INFO [CI] Already completed, skipping
2026-05-16 18:04:38,266 INFO [CINF] Already completed, skipping
2026-05-16 18:04:38,266 INFO [CTAS] Already completed, skipping
2026-05-16 18:04:38,266 INFO [CSCO] Already completed, skipping
2026-05-16 18:04:38,266 INFO [C] Already completed, skipping
2026-05-16 18:04:38,266 INFO [CFG] Already completed, skipping
2026-05-16 18:04:38,266 INFO [CLX] Already completed, skipping
2026-05-16 18:04:38,266 INFO [CME] Already completed, skipping
2026-05-16 18:04:38,266 INFO [CMS] Already completed, skipping
2026-05-16 18:04:38,266 INFO [KO] Already completed, skipping
2026-05-16 18:04:38,266 INFO [CTSH] Already completed, skipping
2026-05-16 18:04:38,266 INFO [COHR] Already completed, skipping
2026-05-16 18:04:38,266 INFO [COIN] Already completed, skipping
2026-05-16 18:04:38,266 INFO [CL] Already completed, skipping
2026-05-16 18:04:38,266 INFO [CMCSA] Already completed, skipping
2026-05-16 18:04:38,266 INFO [FIX] Already completed, skipping
2026-05-16 18:04:38,266 INFO [CAG] Already completed, skipping
2026-05-16 18:04:38,266 INFO [COP] Already completed, skipping
2026-05-16 18:04:38,266 INFO [ED] Already completed, skipping
2026-05-16 18:04:38,266 INFO [STZ] Already completed, skipping
2026-05-16 18:04:38,266 INFO [CEG] Already completed, skipping
2026-05-16 18:04:38,266 INFO [COO] Already completed, skipping
2026-05-16 18:04:38,266 INFO [CPRT] Already completed, skipping
2026-05-16 18:04:38,266 INFO [GLW] Already completed, skipping
2026-05-16 18:04:38,266 INFO [CPAY] Already completed, skipping
2026-05-16 18:04:38,266 INFO [CTVA] Already completed, skipping
2026-05-16 18:04:38,266 INFO [CSGP] Already completed, skipping
2026-05-16 18:04:38,266 INFO [COST] Already completed, skipping
2026-05-16 18:04:38,266 INFO [CRH] Already completed, skipping
2026-05-16 18:04:38,266 INFO [CRWD] Already completed, skipping
2026-05-16 18:04:38,266 INFO [CCI] Already completed, skipping
2026-05-16 18:04:38,267 INFO [CSX] Already completed, skipping
2026-05-16 18:04:38,267 INFO [CMI] Already completed, skipping
2026-05-16 18:04:38,267 INFO [CVS] Already completed, skipping
2026-05-16 18:04:38,267 INFO [DHR] Already completed, skipping
2026-05-16 18:04:38,267 INFO [DRI] Already completed, skipping
2026-05-16 18:04:38,267 INFO [DDOG] Already completed, skipping
2026-05-16 18:04:38,267 INFO [DVA] Already completed, skipping
2026-05-16 18:04:38,267 INFO [DECK] Already completed, skipping
2026-05-16 18:04:38,267 INFO [DE] Already completed, skipping
2026-05-16 18:04:38,267 INFO [DELL] Already completed, skipping
2026-05-16 18:04:38,267 INFO [DAL] Already completed, skipping
2026-05-16 18:04:38,267 INFO [DVN] Already completed, skipping
2026-05-16 18:04:38,267 INFO [DXCM] Already completed, skipping
2026-05-16 18:04:38,267 INFO [FANG] Already completed, skipping
2026-05-16 18:04:38,267 INFO [DLR] Already completed, skipping
2026-05-16 18:04:38,267 INFO [DG] Already completed, skipping
2026-05-16 18:04:38,267 INFO [DLTR] Already completed, skipping
2026-05-16 18:04:38,267 INFO [D] Already completed, skipping
2026-05-16 18:04:38,267 INFO [DPZ] Already completed, skipping
2026-05-16 18:04:38,267 INFO [DASH] Already completed, skipping
2026-05-16 18:04:38,267 INFO [DOV] Already completed, skipping
2026-05-16 18:04:38,267 INFO [DOW] Already completed, skipping
2026-05-16 18:04:38,267 INFO [DHI] Already completed, skipping
2026-05-16 18:04:38,267 INFO [DTE] Already completed, skipping
2026-05-16 18:04:38,267 INFO [DUK] Already completed, skipping
2026-05-16 18:04:38,267 INFO [DD] Already completed, skipping
2026-05-16 18:04:38,268 INFO [ETN] Already completed, skipping
2026-05-16 18:04:38,268 INFO [EBAY] Already completed, skipping
2026-05-16 18:04:38,268 INFO [SATS] Already completed, skipping
2026-05-16 18:04:38,268 INFO [ECL] Already completed, skipping
2026-05-16 18:04:38,268 INFO [EIX] Already completed, skipping
2026-05-16 18:04:38,268 INFO [EW] Already completed, skipping
2026-05-16 18:04:38,268 INFO [EA] Already completed, skipping
2026-05-16 18:04:38,268 INFO [ELV] Already completed, skipping
2026-05-16 18:04:38,268 INFO [EME] Already completed, skipping
2026-05-16 18:04:38,268 INFO [EMR] Already completed, skipping
2026-05-16 18:04:38,268 INFO [ETR] Already completed, skipping
2026-05-16 18:04:38,268 INFO [EOG] Already completed, skipping
2026-05-16 18:04:38,268 INFO [EPAM] Already completed, skipping
2026-05-16 18:04:38,268 INFO [EQT] Already completed, skipping
2026-05-16 18:04:38,268 INFO [EFX] Already completed, skipping
2026-05-16 18:04:38,268 INFO [EQIX] Already completed, skipping
2026-05-16 18:04:38,268 INFO [EQR] Already completed, skipping
2026-05-16 18:04:38,268 INFO [ERIE] Already completed, skipping
2026-05-16 18:04:38,268 INFO [ESS] Already completed, skipping
2026-05-16 18:04:38,268 INFO [EL] Already completed, skipping
2026-05-16 18:04:38,268 INFO [EG] Already completed, skipping
2026-05-16 18:04:38,268 INFO [EVRG] Already completed, skipping
2026-05-16 18:04:38,268 INFO [ES] Already completed, skipping
2026-05-16 18:04:38,268 INFO [EXC] Already completed, skipping
2026-05-16 18:04:38,268 INFO [EXE] Already completed, skipping
2026-05-16 18:04:38,269 INFO [EXPE] Already completed, skipping
2026-05-16 18:04:38,269 INFO [EXPD] Already completed, skipping
2026-05-16 18:04:38,269 INFO [EXR] Already completed, skipping
2026-05-16 18:04:38,269 INFO [XOM] Already completed, skipping
2026-05-16 18:04:38,269 INFO [FFIV] Already completed, skipping
2026-05-16 18:04:38,269 INFO [FDS] Already completed, skipping
2026-05-16 18:04:38,269 INFO [FICO] Already completed, skipping
2026-05-16 18:04:38,269 INFO [FAST] Already completed, skipping
2026-05-16 18:04:38,269 INFO [FRT] Already completed, skipping
2026-05-16 18:04:38,269 INFO [FDX] Already completed, skipping
2026-05-16 18:04:38,269 INFO [FIS] Already completed, skipping
2026-05-16 18:04:38,269 INFO [FITB] Already completed, skipping
2026-05-16 18:04:38,269 INFO [FSLR] Already completed, skipping
2026-05-16 18:04:38,269 INFO [FE] Already completed, skipping
2026-05-16 18:04:38,269 INFO [FISV] Already completed, skipping
2026-05-16 18:04:38,269 INFO [F] Already completed, skipping
2026-05-16 18:04:38,269 INFO [FTNT] Already completed, skipping
2026-05-16 18:04:38,269 INFO [FTV] Already completed, skipping
2026-05-16 18:04:38,269 INFO [FOXA] Already completed, skipping
2026-05-16 18:04:38,269 INFO [FOX] Already completed, skipping
2026-05-16 18:04:38,269 INFO [BEN] Already completed, skipping
2026-05-16 18:04:38,269 INFO [FCX] Already completed, skipping
2026-05-16 18:04:38,269 INFO [GRMN] Already completed, skipping
2026-05-16 18:04:38,269 INFO [IT] Already completed, skipping
2026-05-16 18:04:38,269 INFO [GE] Already completed, skipping
2026-05-16 18:04:38,269 INFO [GEHC] Already completed, skipping
2026-05-16 18:04:38,269 INFO [GEV] Already completed, skipping
2026-05-16 18:04:38,269 INFO [GEN] Already completed, skipping
2026-05-16 18:04:38,270 INFO [GNRC] Already completed, skipping
2026-05-16 18:04:38,270 INFO [GD] Already completed, skipping
2026-05-16 18:04:38,270 INFO [GIS] Already completed, skipping
2026-05-16 18:04:38,270 INFO [GM] Already completed, skipping
2026-05-16 18:04:38,270 INFO [GPC] Already completed, skipping
2026-05-16 18:04:38,270 INFO [GILD] Already completed, skipping
2026-05-16 18:04:38,270 INFO [GPN] Already completed, skipping
2026-05-16 18:04:38,270 INFO [GL] Already completed, skipping
2026-05-16 18:04:38,270 INFO [GDDY] Already completed, skipping
2026-05-16 18:04:38,270 INFO [GS] Already completed, skipping
2026-05-16 18:04:38,270 INFO [HAL] Already completed, skipping
2026-05-16 18:04:38,270 INFO [HIG] Already completed, skipping
2026-05-16 18:04:38,270 INFO [HAS] Already completed, skipping
2026-05-16 18:04:38,270 INFO [HCA] Already completed, skipping
2026-05-16 18:04:38,270 INFO [DOC] Already completed, skipping
2026-05-16 18:04:38,270 INFO [HSIC] Already completed, skipping
2026-05-16 18:04:38,270 INFO [HSY] Already completed, skipping
2026-05-16 18:04:38,270 INFO [HPE] Already completed, skipping
2026-05-16 18:04:38,270 INFO [HLT] Already completed, skipping
2026-05-16 18:04:38,270 INFO [HD] Already completed, skipping
2026-05-16 18:04:38,270 INFO [HON] Already completed, skipping
2026-05-16 18:04:38,271 INFO [HRL] Already completed, skipping
2026-05-16 18:04:38,271 INFO [HST] Already completed, skipping
2026-05-16 18:04:38,271 INFO [HWM] Already completed, skipping
2026-05-16 18:04:38,271 INFO [HPQ] Already completed, skipping
2026-05-16 18:04:38,271 INFO [HUBB] Already completed, skipping
2026-05-16 18:04:38,271 INFO [HUM] Already completed, skipping
2026-05-16 18:04:38,271 INFO [HBAN] Already completed, skipping
2026-05-16 18:04:38,271 INFO [HII] Already completed, skipping
2026-05-16 18:04:38,271 INFO [IBM] Already completed, skipping
2026-05-16 18:04:38,271 INFO [IEX] Already completed, skipping
2026-05-16 18:04:38,271 INFO [IDXX] Already completed, skipping
2026-05-16 18:04:38,271 INFO [ITW] Already completed, skipping
2026-05-16 18:04:38,271 INFO [INCY] Already completed, skipping
2026-05-16 18:04:38,271 INFO [IR] Already completed, skipping
2026-05-16 18:04:38,271 INFO [PODD] Already completed, skipping
2026-05-16 18:04:38,271 INFO [INTC] Already completed, skipping
2026-05-16 18:04:38,271 INFO [IBKR] Already completed, skipping
2026-05-16 18:04:38,271 INFO [ICE] Already completed, skipping
2026-05-16 18:04:38,271 INFO [IFF] Already completed, skipping
2026-05-16 18:04:38,271 INFO [IP] Already completed, skipping
2026-05-16 18:04:38,271 INFO [INTU] Already completed, skipping
2026-05-16 18:04:38,271 INFO [ISRG] Already completed, skipping
2026-05-16 18:04:38,271 INFO [IVZ] Already completed, skipping
2026-05-16 18:04:38,271 INFO [INVH] Already completed, skipping
2026-05-16 18:04:38,271 INFO [IQV] Already completed, skipping
2026-05-16 18:04:38,271 INFO [IRM] Already completed, skipping
2026-05-16 18:04:38,271 INFO [JBHT] Already completed, skipping
2026-05-16 18:04:38,271 INFO [JBL] Already completed, skipping
2026-05-16 18:04:38,271 INFO [JKHY] Already completed, skipping
2026-05-16 18:04:38,271 INFO [J] Already completed, skipping
2026-05-16 18:04:38,272 INFO [JNJ] Already completed, skipping
2026-05-16 18:04:38,272 INFO [JCI] Already completed, skipping
2026-05-16 18:04:38,272 INFO [JPM] Already completed, skipping
2026-05-16 18:04:38,272 INFO [KVUE] Already completed, skipping
2026-05-16 18:04:38,272 INFO [KDP] Already completed, skipping
2026-05-16 18:04:38,272 INFO [KEY] Already completed, skipping
2026-05-16 18:04:38,272 INFO [KEYS] Already completed, skipping
2026-05-16 18:04:38,272 INFO [KMB] Already completed, skipping
2026-05-16 18:04:38,272 INFO [KIM] Already completed, skipping
2026-05-16 18:04:38,272 INFO [KMI] Already completed, skipping
2026-05-16 18:04:38,272 INFO [KKR] Already completed, skipping
2026-05-16 18:04:38,272 INFO [KLAC] Already completed, skipping
2026-05-16 18:04:38,272 INFO [KHC] Already completed, skipping
2026-05-16 18:04:38,272 INFO [KR] Already completed, skipping
2026-05-16 18:04:38,272 INFO [LHX] Already completed, skipping
2026-05-16 18:04:38,272 INFO [LH] Already completed, skipping
2026-05-16 18:04:38,272 INFO [LRCX] Already completed, skipping
2026-05-16 18:04:38,272 INFO [LVS] Already completed, skipping
2026-05-16 18:04:38,272 INFO [LDOS] Already completed, skipping
2026-05-16 18:04:38,272 INFO [LEN] Already completed, skipping
2026-05-16 18:04:38,272 INFO [LII] Already completed, skipping
2026-05-16 18:04:38,272 INFO [LLY] Already completed, skipping
2026-05-16 18:04:38,272 INFO [LIN] Already completed, skipping
2026-05-16 18:04:38,272 INFO [LYV] Already completed, skipping
2026-05-16 18:04:38,272 INFO [LMT] Already completed, skipping
2026-05-16 18:04:38,272 INFO [L] Already completed, skipping
2026-05-16 18:04:38,272 INFO [LOW] Already completed, skipping
2026-05-16 18:04:38,272 INFO [LULU] Already completed, skipping
2026-05-16 18:04:38,272 INFO [LITE] Already completed, skipping
2026-05-16 18:04:38,272 INFO [LYB] Already completed, skipping
2026-05-16 18:04:38,272 INFO [MTB] Already completed, skipping
2026-05-16 18:04:38,273 INFO [MPC] Already completed, skipping
2026-05-16 18:04:38,273 INFO [MAR] Already completed, skipping
2026-05-16 18:04:38,273 INFO [MRSH] Already completed, skipping
2026-05-16 18:04:38,273 INFO [MLM] Already completed, skipping
2026-05-16 18:04:38,273 INFO [MAS] Already completed, skipping
2026-05-16 18:04:38,273 INFO [MA] Already completed, skipping
2026-05-16 18:04:38,273 INFO [MKC] Already completed, skipping
2026-05-16 18:04:38,273 INFO [MCD] Already completed, skipping
2026-05-16 18:04:38,273 INFO [MCK] Already completed, skipping
2026-05-16 18:04:38,273 INFO [MDT] Already completed, skipping
2026-05-16 18:04:38,273 INFO [MRK] Already completed, skipping
2026-05-16 18:04:38,273 INFO [META] Already completed, skipping
2026-05-16 18:04:38,273 INFO [MET] Already completed, skipping
2026-05-16 18:04:38,273 INFO [MTD] Already completed, skipping
2026-05-16 18:04:38,273 INFO [MGM] Already completed, skipping
2026-05-16 18:04:38,273 INFO [MCHP] Already completed, skipping
2026-05-16 18:04:38,273 INFO [MU] Already completed, skipping
2026-05-16 18:04:38,273 INFO [MSFT] Already completed, skipping
2026-05-16 18:04:38,273 INFO [MAA] Already completed, skipping
2026-05-16 18:04:38,273 INFO [MRNA] Already completed, skipping
2026-05-16 18:04:38,273 INFO [TAP] Already completed, skipping
2026-05-16 18:04:38,273 INFO [MDLZ] Already completed, skipping
2026-05-16 18:04:38,273 INFO [MPWR] Already completed, skipping
2026-05-16 18:04:38,273 INFO [MNST] Already completed, skipping
2026-05-16 18:04:38,273 INFO [MCO] Already completed, skipping
2026-05-16 18:04:38,273 INFO [MS] Already completed, skipping
2026-05-16 18:04:38,273 INFO [MOS] Already completed, skipping
2026-05-16 18:04:38,273 INFO [MSI] Already completed, skipping
2026-05-16 18:04:38,273 INFO [MSCI] Already completed, skipping
2026-05-16 18:04:38,273 INFO [NDAQ] Already completed, skipping
2026-05-16 18:04:38,273 INFO [NTAP] Already completed, skipping
2026-05-16 18:04:38,274 INFO [NFLX] Already completed, skipping
2026-05-16 18:04:38,274 INFO [NEM] Already completed, skipping
2026-05-16 18:04:38,274 INFO [NWSA] Already completed, skipping
2026-05-16 18:04:38,274 INFO [NWS] Already completed, skipping
2026-05-16 18:04:38,274 INFO [NEE] Already completed, skipping
2026-05-16 18:04:38,274 INFO [NKE] Already completed, skipping
2026-05-16 18:04:38,274 INFO [NI] Already completed, skipping
2026-05-16 18:04:38,274 INFO [NDSN] Already completed, skipping
2026-05-16 18:04:38,274 INFO [NSC] Already completed, skipping
2026-05-16 18:04:38,274 INFO [NTRS] Already completed, skipping
2026-05-16 18:04:38,274 INFO [NOC] Already completed, skipping
2026-05-16 18:04:38,274 INFO [NCLH] Already completed, skipping
2026-05-16 18:04:38,274 INFO [NRG] Already completed, skipping
2026-05-16 18:04:38,274 INFO [NUE] Already completed, skipping
2026-05-16 18:04:38,274 INFO [NVDA] Already completed, skipping
2026-05-16 18:04:38,274 INFO [NVR] Already completed, skipping
2026-05-16 18:04:38,274 INFO [NXPI] Already completed, skipping
2026-05-16 18:04:38,274 INFO [ORLY] Already completed, skipping
2026-05-16 18:04:38,274 INFO [OXY] Already completed, skipping
2026-05-16 18:04:38,274 INFO [ODFL] Already completed, skipping
2026-05-16 18:04:38,274 INFO [OMC] Already completed, skipping
2026-05-16 18:04:38,274 INFO [ON] Already completed, skipping
2026-05-16 18:04:38,274 INFO [OKE] Already completed, skipping
2026-05-16 18:04:38,274 INFO [ORCL] Already completed, skipping
2026-05-16 18:04:38,274 INFO [OTIS] Already completed, skipping
2026-05-16 18:04:38,274 INFO [PCAR] Already completed, skipping
2026-05-16 18:04:38,274 INFO [PKG] Already completed, skipping
2026-05-16 18:04:38,274 INFO [PLTR] Already completed, skipping
2026-05-16 18:04:38,274 INFO [PANW] Already completed, skipping
2026-05-16 18:04:38,274 INFO [PSKY] Already completed, skipping
2026-05-16 18:04:38,274 INFO [PH] Already completed, skipping
2026-05-16 18:04:38,275 INFO [PAYX] Already completed, skipping
2026-05-16 18:04:38,275 INFO [PYPL] Already completed, skipping
2026-05-16 18:04:38,275 INFO [PNR] Already completed, skipping
2026-05-16 18:04:38,275 INFO [PEP] Already completed, skipping
2026-05-16 18:04:38,275 INFO [PFE] Already completed, skipping
2026-05-16 18:04:38,275 INFO [PCG] Already completed, skipping
2026-05-16 18:04:38,275 INFO [PM] Already completed, skipping
2026-05-16 18:04:38,275 INFO [PSX] Already completed, skipping
2026-05-16 18:04:38,275 INFO [PNW] Already completed, skipping
2026-05-16 18:04:38,275 INFO [PNC] Already completed, skipping
2026-05-16 18:04:38,275 INFO [POOL] Already completed, skipping
2026-05-16 18:04:38,275 INFO [PPG] Already completed, skipping
2026-05-16 18:04:38,275 INFO [PPL] Already completed, skipping
2026-05-16 18:04:38,275 INFO [PFG] Already completed, skipping
2026-05-16 18:04:38,275 INFO [PG] Already completed, skipping
2026-05-16 18:04:38,275 INFO [PGR] Already completed, skipping
2026-05-16 18:04:38,275 INFO [PLD] Already completed, skipping
2026-05-16 18:04:38,275 INFO [PRU] Already completed, skipping
2026-05-16 18:04:38,275 INFO [PEG] Already completed, skipping
2026-05-16 18:04:38,275 INFO [PTC] Already completed, skipping
2026-05-16 18:04:38,275 INFO [PSA] Already completed, skipping
2026-05-16 18:04:38,275 INFO [PHM] Already completed, skipping
2026-05-16 18:04:38,275 INFO [PWR] Already completed, skipping
2026-05-16 18:04:38,275 INFO [QCOM] Already completed, skipping
2026-05-16 18:04:38,275 INFO [DGX] Already completed, skipping
2026-05-16 18:04:38,275 INFO [Q] Already completed, skipping
2026-05-16 18:04:38,275 INFO [RL] Already completed, skipping
2026-05-16 18:04:38,275 INFO [RJF] Already completed, skipping
2026-05-16 18:04:38,275 INFO [RTX] Already completed, skipping
2026-05-16 18:04:38,275 INFO [O] Already completed, skipping
2026-05-16 18:04:38,275 INFO [REG] Already completed, skipping
2026-05-16 18:04:38,276 INFO [REGN] Already completed, skipping
2026-05-16 18:04:38,276 INFO [RF] Already completed, skipping
2026-05-16 18:04:38,276 INFO [RSG] Already completed, skipping
2026-05-16 18:04:38,276 INFO [RMD] Already completed, skipping
2026-05-16 18:04:38,276 INFO [RVTY] Already completed, skipping
2026-05-16 18:04:38,276 INFO [HOOD] Already completed, skipping
2026-05-16 18:04:38,276 INFO [ROK] Already completed, skipping
2026-05-16 18:04:38,276 INFO [ROL] Already completed, skipping
2026-05-16 18:04:38,276 INFO [ROP] Already completed, skipping
2026-05-16 18:04:38,276 INFO [ROST] Already completed, skipping
2026-05-16 18:04:38,276 INFO [RCL] Already completed, skipping
2026-05-16 18:04:38,276 INFO [SPGI] Already completed, skipping
2026-05-16 18:04:38,276 INFO [CRM] Already completed, skipping
2026-05-16 18:04:38,276 INFO [SNDK] Already completed, skipping
2026-05-16 18:04:38,276 INFO [SBAC] Already completed, skipping
2026-05-16 18:04:38,276 INFO [SLB] Already completed, skipping
2026-05-16 18:04:38,276 INFO [STX] Already completed, skipping
2026-05-16 18:04:38,276 INFO [SRE] Already completed, skipping
2026-05-16 18:04:38,276 INFO [NOW] Already completed, skipping
2026-05-16 18:04:38,276 INFO [SHW] Already completed, skipping
2026-05-16 18:04:38,276 INFO [SPG] Already completed, skipping
2026-05-16 18:04:38,276 INFO [SWKS] Already completed, skipping
2026-05-16 18:04:38,276 INFO [SJM] Already completed, skipping
2026-05-16 18:04:38,276 INFO [SW] Already completed, skipping
2026-05-16 18:04:38,276 INFO [SNA] Already completed, skipping
2026-05-16 18:04:38,276 INFO [SOLV] Already completed, skipping
2026-05-16 18:04:38,276 INFO [SO] Already completed, skipping
2026-05-16 18:04:38,276 INFO [LUV] Already completed, skipping
2026-05-16 18:04:38,276 INFO [SWK] Already completed, skipping
2026-05-16 18:04:38,276 INFO [SBUX] Already completed, skipping
2026-05-16 18:04:38,277 INFO [STT] Already completed, skipping
2026-05-16 18:04:38,277 INFO [STLD] Already completed, skipping
2026-05-16 18:04:38,277 INFO [STE] Already completed, skipping
2026-05-16 18:04:38,277 INFO [SYK] Already completed, skipping
2026-05-16 18:04:38,277 INFO [SMCI] Already completed, skipping
2026-05-16 18:04:38,277 INFO [SYF] Already completed, skipping
2026-05-16 18:04:38,277 INFO [SNPS] Already completed, skipping
2026-05-16 18:04:38,277 INFO [SYY] Already completed, skipping
2026-05-16 18:04:38,277 INFO [TMUS] Already completed, skipping
2026-05-16 18:04:38,277 INFO [TROW] Already completed, skipping
2026-05-16 18:04:38,277 INFO [TTWO] Already completed, skipping
2026-05-16 18:04:38,277 INFO [TPR] Already completed, skipping
2026-05-16 18:04:38,277 INFO [TRGP] Already completed, skipping
2026-05-16 18:04:38,277 INFO [TGT] Already completed, skipping
2026-05-16 18:04:38,277 INFO [TEL] Already completed, skipping
2026-05-16 18:04:38,277 INFO [TDY] Already completed, skipping
2026-05-16 18:04:38,277 INFO [TER] Already completed, skipping
2026-05-16 18:04:38,277 INFO [TSLA] Already completed, skipping
2026-05-16 18:04:38,277 INFO [TXN] Already completed, skipping
2026-05-16 18:04:38,277 INFO [TPL] Already completed, skipping
2026-05-16 18:04:38,277 INFO [TXT] Already completed, skipping
2026-05-16 18:04:38,277 INFO [TMO] Already completed, skipping
2026-05-16 18:04:38,277 INFO [TJX] Already completed, skipping
2026-05-16 18:04:38,278 INFO [TKO] Already completed, skipping
2026-05-16 18:04:38,278 INFO [TTD] Already completed, skipping
2026-05-16 18:04:38,278 INFO [TSCO] Already completed, skipping
2026-05-16 18:04:38,278 INFO [TT] Already completed, skipping
2026-05-16 18:04:38,278 INFO [TDG] Already completed, skipping
2026-05-16 18:04:38,278 INFO [TRV] Already completed, skipping
2026-05-16 18:04:38,278 INFO [TRMB] Already completed, skipping
2026-05-16 18:04:38,278 INFO [TFC] Already completed, skipping
2026-05-16 18:04:38,278 INFO [TYL] Already completed, skipping
2026-05-16 18:04:38,278 INFO [TSN] Already completed, skipping
2026-05-16 18:04:38,278 INFO [USB] Already completed, skipping
2026-05-16 18:04:38,278 INFO [UBER] Already completed, skipping
2026-05-16 18:04:38,278 INFO [UDR] Already completed, skipping
2026-05-16 18:04:38,278 INFO [ULTA] Already completed, skipping
2026-05-16 18:04:38,278 INFO [UNP] Already completed, skipping
2026-05-16 18:04:38,278 INFO [UAL] Already completed, skipping
2026-05-16 18:04:38,278 INFO [UPS] Already completed, skipping
2026-05-16 18:04:38,278 INFO [URI] Already completed, skipping
2026-05-16 18:04:38,278 INFO [UNH] Already completed, skipping
2026-05-16 18:04:38,278 INFO Progress: 463/503 | [UHS] Universal Health Services (Health Care)
2026-05-16 18:04:38,373 INFO [UHS] Starting pipeline...
2026-05-16 18:04:38,373 INFO [UHS] 10-K already downloaded
2026-05-16 18:04:38,373 INFO [UHS] Extraction already done
2026-05-16 18:06:08,743 INFO [UHS] ✓ Pipeline complete
2026-05-16 18:06:10,750 INFO Progress: 464/503 | [VLO] Valero Energy (Energy)
2026-05-16 18:06:10,751 INFO [VLO] Starting pipeline...
2026-05-16 18:06:10,751 INFO [VLO] 10-K already downloaded
2026-05-16 18:06:10,751 INFO [VLO] Extraction already done
2026-05-16 18:07:27,495 INFO [VLO] ✓ Pipeline complete
2026-05-16 18:07:29,504 INFO Progress: 465/503 | [VEEV] Veeva Systems (Health Care)
2026-05-16 18:07:29,504 INFO [VEEV] Starting pipeline...
2026-05-16 18:07:29,504 INFO [VEEV] 10-K already downloaded
2026-05-16 18:07:29,505 INFO [VEEV] Extraction already done
2026-05-16 18:08:55,244 INFO [VEEV] ✓ Pipeline complete
2026-05-16 18:08:57,252 INFO Progress: 466/503 | [VTR] Ventas (Real Estate)
2026-05-16 18:08:57,252 INFO [VTR] Starting pipeline...
2026-05-16 18:08:57,253 INFO [VTR] 10-K already downloaded
2026-05-16 18:08:57,253 INFO [VTR] Extraction already done
2026-05-16 18:10:18,074 INFO [VTR] ✓ Pipeline complete
2026-05-16 18:10:20,076 INFO Progress: 467/503 | [VLTO] Veralto (Industrials)
2026-05-16 18:10:20,076 INFO [VLTO] Starting pipeline...
2026-05-16 18:10:20,077 INFO [VLTO] 10-K already downloaded
2026-05-16 18:10:20,077 INFO [VLTO] Extraction already done
2026-05-16 18:11:40,832 INFO [VLTO] ✓ Pipeline complete
2026-05-16 18:11:42,837 INFO Progress: 468/503 | [VRSN] Verisign (Information Technology)
2026-05-16 18:11:42,838 INFO [VRSN] Starting pipeline...
2026-05-16 18:11:42,838 INFO [VRSN] 10-K already downloaded
2026-05-16 18:11:42,838 INFO [VRSN] Extraction already done
2026-05-16 18:13:05,252 INFO [VRSN] ✓ Pipeline complete
2026-05-16 18:13:07,255 INFO Progress: 469/503 | [VRSK] Verisk Analytics (Industrials)
2026-05-16 18:13:07,255 INFO [VRSK] Starting pipeline...
2026-05-16 18:13:07,255 INFO [VRSK] 10-K already downloaded
2026-05-16 18:13:07,255 INFO [VRSK] Extraction already done
2026-05-16 18:14:27,930 INFO [VRSK] ✓ Pipeline complete
2026-05-16 18:14:29,942 INFO Progress: 470/503 | [VZ] Verizon (Communication Services)
2026-05-16 18:14:29,942 INFO [VZ] Starting pipeline...
2026-05-16 18:14:29,942 INFO [VZ] 10-K already downloaded
2026-05-16 18:14:29,943 INFO [VZ] Extraction already done
2026-05-16 18:15:42,748 INFO [VZ] ✓ Pipeline complete
2026-05-16 18:15:44,754 INFO Progress: 471/503 | [VRTX] Vertex Pharmaceuticals (Health Care)
2026-05-16 18:15:44,754 INFO [VRTX] Starting pipeline...
2026-05-16 18:15:44,754 INFO [VRTX] 10-K already downloaded
2026-05-16 18:15:44,755 INFO [VRTX] Extraction already done
2026-05-16 18:17:15,380 WARNING [VRTX] Investment analysis failed — continuing anyway
2026-05-16 18:17:16,385 INFO [VRTX] ✓ Pipeline complete
2026-05-16 18:17:18,391 INFO Progress: 472/503 | [VRT] Vertiv (Industrials)
2026-05-16 18:17:18,392 INFO [VRT] Starting pipeline...
2026-05-16 18:17:18,393 INFO [VRT] 10-K already downloaded
2026-05-16 18:17:18,394 INFO [VRT] Extraction already done
2026-05-16 18:18:41,871 INFO [VRT] ✓ Pipeline complete
2026-05-16 18:18:43,875 INFO Progress: 473/503 | [VTRS] Viatris (Health Care)
2026-05-16 18:18:43,876 INFO [VTRS] Starting pipeline...
2026-05-16 18:18:43,876 INFO [VTRS] 10-K already downloaded
2026-05-16 18:18:43,877 INFO [VTRS] Extraction already done
2026-05-16 18:20:07,492 INFO [VTRS] ✓ Pipeline complete
2026-05-16 18:20:09,502 INFO Progress: 474/503 | [VICI] Vici Properties (Real Estate)
2026-05-16 18:20:09,502 INFO [VICI] Starting pipeline...
2026-05-16 18:20:09,503 INFO [VICI] 10-K already downloaded
2026-05-16 18:20:09,504 INFO [VICI] Extraction already done
2026-05-16 18:21:30,741 INFO [VICI] ✓ Pipeline complete
2026-05-16 18:21:32,750 INFO Progress: 475/503 | [V] Visa Inc. (Financials)
2026-05-16 18:21:32,750 INFO [V] Starting pipeline...
2026-05-16 18:21:32,750 INFO [V] 10-K already downloaded
2026-05-16 18:21:32,751 INFO [V] Extraction already done
2026-05-16 18:22:52,995 INFO [V] ✓ Pipeline complete
2026-05-16 18:22:55,000 INFO Progress: 476/503 | [VST] Vistra Corp. (Utilities)
2026-05-16 18:22:55,001 INFO [VST] Starting pipeline...
2026-05-16 18:22:55,001 INFO [VST] 10-K already downloaded
2026-05-16 18:22:55,001 INFO [VST] Extraction already done
2026-05-16 18:24:16,261 INFO [VST] ✓ Pipeline complete
2026-05-16 18:24:18,267 INFO Progress: 477/503 | [VMC] Vulcan Materials Company (Materials)
2026-05-16 18:24:18,268 INFO [VMC] Starting pipeline...
2026-05-16 18:24:18,268 INFO [VMC] 10-K already downloaded
2026-05-16 18:24:18,268 INFO [VMC] Extraction already done
2026-05-16 18:25:37,288 INFO [VMC] ✓ Pipeline complete
2026-05-16 18:25:39,294 INFO Progress: 478/503 | [WRB] W. R. Berkley Corporation (Financials)
2026-05-16 18:25:39,295 INFO [WRB] Starting pipeline...
2026-05-16 18:25:39,295 INFO [WRB] 10-K already downloaded
2026-05-16 18:25:39,295 INFO [WRB] Extraction already done
2026-05-16 18:26:46,957 INFO [WRB] ✓ Pipeline complete
2026-05-16 18:26:48,959 INFO Progress: 479/503 | [GWW] W. W. Grainger (Industrials)
2026-05-16 18:26:48,959 INFO [GWW] Starting pipeline...
2026-05-16 18:26:48,960 INFO [GWW] 10-K already downloaded
2026-05-16 18:26:48,960 INFO [GWW] Extraction already done
2026-05-16 18:28:02,720 INFO [GWW] ✓ Pipeline complete
2026-05-16 18:28:04,728 INFO Progress: 480/503 | [WAB] Wabtec (Industrials)
2026-05-16 18:28:04,728 INFO [WAB] Starting pipeline...
2026-05-16 18:28:04,728 INFO [WAB] 10-K already downloaded
2026-05-16 18:28:04,729 INFO [WAB] Extraction already done
2026-05-16 18:29:25,439 INFO [WAB] ✓ Pipeline complete
2026-05-16 18:29:27,444 INFO Progress: 481/503 | [WMT] Walmart (Consumer Staples)
2026-05-16 18:29:27,445 INFO [WMT] Starting pipeline...
2026-05-16 18:29:27,445 INFO [WMT] 10-K already downloaded
2026-05-16 18:29:27,445 INFO [WMT] Extraction already done
2026-05-16 18:30:45,435 INFO [WMT] ✓ Pipeline complete
2026-05-16 18:30:47,443 INFO Progress: 482/503 | [DIS] Walt Disney Company (The) (Communication Services)
2026-05-16 18:30:47,444 INFO [DIS] Starting pipeline...
2026-05-16 18:30:47,444 INFO [DIS] 10-K already downloaded
2026-05-16 18:30:47,444 INFO [DIS] Extraction already done
2026-05-16 18:32:12,266 INFO [DIS] ✓ Pipeline complete
2026-05-16 18:32:14,275 INFO Progress: 483/503 | [WBD] Warner Bros. Discovery (Communication Services)
2026-05-16 18:32:14,275 INFO [WBD] Starting pipeline...
2026-05-16 18:32:14,276 INFO [WBD] 10-K already downloaded
2026-05-16 18:32:14,276 INFO [WBD] Extraction already done
2026-05-16 18:33:44,250 WARNING [WBD] Investment analysis failed — continuing anyway
2026-05-16 18:33:45,256 INFO [WBD] ✓ Pipeline complete
2026-05-16 18:33:47,260 INFO Progress: 484/503 | [WM] Waste Management (Industrials)
2026-05-16 18:33:47,260 INFO [WM] Starting pipeline...
2026-05-16 18:33:47,261 INFO [WM] 10-K already downloaded
2026-05-16 18:33:47,261 INFO [WM] Extraction already done
2026-05-16 18:35:12,260 INFO [WM] ✓ Pipeline complete
2026-05-16 18:35:14,269 INFO Progress: 485/503 | [WAT] Waters Corporation (Health Care)
2026-05-16 18:35:14,269 INFO [WAT] Starting pipeline...
2026-05-16 18:35:14,271 INFO [WAT] 10-K already downloaded
2026-05-16 18:35:14,271 INFO [WAT] Extraction already done
2026-05-16 18:36:26,825 INFO [WAT] ✓ Pipeline complete
2026-05-16 18:36:28,828 INFO Progress: 486/503 | [WEC] WEC Energy Group (Utilities)
2026-05-16 18:36:28,828 INFO [WEC] Starting pipeline...
2026-05-16 18:36:28,828 INFO [WEC] 10-K already downloaded
2026-05-16 18:36:28,829 INFO [WEC] Extraction already done
2026-05-16 18:37:45,358 INFO [WEC] ✓ Pipeline complete
2026-05-16 18:37:47,371 INFO Progress: 487/503 | [WFC] Wells Fargo (Financials)
2026-05-16 18:37:47,371 INFO [WFC] Starting pipeline...
2026-05-16 18:37:47,372 INFO [WFC] 10-K already downloaded
2026-05-16 18:37:47,372 INFO [WFC] Extraction already done
2026-05-16 18:39:04,025 INFO [WFC] ✓ Pipeline complete
2026-05-16 18:39:06,033 INFO Progress: 488/503 | [WELL] Welltower (Real Estate)
2026-05-16 18:39:06,034 INFO [WELL] Starting pipeline...
2026-05-16 18:39:06,035 INFO [WELL] 10-K already downloaded
2026-05-16 18:39:06,036 INFO [WELL] Extraction already done
2026-05-16 18:40:32,101 INFO [WELL] ✓ Pipeline complete
2026-05-16 18:40:34,110 INFO Progress: 489/503 | [WST] West Pharmaceutical Services (Health Care)
2026-05-16 18:40:34,110 INFO [WST] Starting pipeline...
2026-05-16 18:40:34,111 INFO [WST] 10-K already downloaded
2026-05-16 18:40:34,112 INFO [WST] Extraction already done
2026-05-16 18:41:52,695 INFO [WST] ✓ Pipeline complete
2026-05-16 18:41:54,704 INFO Progress: 490/503 | [WDC] Western Digital (Information Technology)
2026-05-16 18:41:54,704 INFO [WDC] Starting pipeline...
2026-05-16 18:41:54,706 INFO [WDC] 10-K already downloaded
2026-05-16 18:41:54,707 INFO [WDC] Extraction already done
2026-05-16 18:43:20,202 INFO [WDC] ✓ Pipeline complete
2026-05-16 18:43:22,216 INFO Progress: 491/503 | [WY] Weyerhaeuser (Real Estate)
2026-05-16 18:43:22,216 INFO [WY] Starting pipeline...
2026-05-16 18:43:22,217 INFO [WY] 10-K already downloaded
2026-05-16 18:43:22,218 INFO [WY] Extraction already done
2026-05-16 18:44:39,110 INFO [WY] ✓ Pipeline complete
2026-05-16 18:44:41,124 INFO Progress: 492/503 | [WSM] Williams-Sonoma, Inc. (Consumer Discretionary)
2026-05-16 18:44:41,124 INFO [WSM] Starting pipeline...
2026-05-16 18:44:41,125 INFO [WSM] 10-K already downloaded
2026-05-16 18:44:41,125 INFO [WSM] Extraction already done
2026-05-16 18:46:00,327 INFO [WSM] ✓ Pipeline complete
2026-05-16 18:46:02,330 INFO Progress: 493/503 | [WMB] Williams Companies (Energy)
2026-05-16 18:46:02,330 INFO [WMB] Starting pipeline...
2026-05-16 18:46:02,330 INFO [WMB] 10-K already downloaded
2026-05-16 18:46:02,330 INFO [WMB] Extraction already done
2026-05-16 18:47:13,228 INFO [WMB] ✓ Pipeline complete
2026-05-16 18:47:15,241 INFO Progress: 494/503 | [WTW] Willis Towers Watson (Financials)
2026-05-16 18:47:15,241 INFO [WTW] Starting pipeline...
2026-05-16 18:47:15,241 INFO [WTW] 10-K already downloaded
2026-05-16 18:47:15,242 INFO [WTW] Extraction already done
2026-05-16 18:48:31,938 INFO [WTW] ✓ Pipeline complete
2026-05-16 18:48:33,952 INFO Progress: 495/503 | [WDAY] Workday, Inc. (Information Technology)
2026-05-16 18:48:33,953 INFO [WDAY] Starting pipeline...
2026-05-16 18:48:33,953 INFO [WDAY] 10-K already downloaded
2026-05-16 18:48:33,953 INFO [WDAY] Extraction already done
2026-05-16 18:49:52,459 INFO [WDAY] ✓ Pipeline complete
2026-05-16 18:49:54,470 INFO Progress: 496/503 | [WYNN] Wynn Resorts (Consumer Discretionary)
2026-05-16 18:49:54,471 INFO [WYNN] Starting pipeline...
2026-05-16 18:49:54,471 INFO [WYNN] 10-K already downloaded
2026-05-16 18:49:54,471 INFO [WYNN] Extraction already done
2026-05-16 18:51:09,881 INFO [WYNN] ✓ Pipeline complete
2026-05-16 18:51:11,894 INFO Progress: 497/503 | [XEL] Xcel Energy (Utilities)
2026-05-16 18:51:11,894 INFO [XEL] Starting pipeline...
2026-05-16 18:51:11,894 INFO [XEL] 10-K already downloaded
2026-05-16 18:51:11,894 INFO [XEL] Extraction already done
2026-05-16 18:52:33,454 INFO [XEL] ✓ Pipeline complete
2026-05-16 18:52:35,462 INFO Progress: 498/503 | [XYL] Xylem Inc. (Industrials)
2026-05-16 18:52:35,462 INFO [XYL] Starting pipeline...
2026-05-16 18:52:35,463 INFO [XYL] 10-K already downloaded
2026-05-16 18:52:35,463 INFO [XYL] Extraction already done
2026-05-16 18:53:59,010 INFO [XYL] ✓ Pipeline complete
2026-05-16 18:54:01,024 INFO Progress: 499/503 | [YUM] Yum! Brands (Consumer Discretionary)
2026-05-16 18:54:01,025 INFO [YUM] Starting pipeline...
2026-05-16 18:54:01,025 INFO [YUM] 10-K already downloaded
2026-05-16 18:54:01,025 INFO [YUM] Extraction already done
2026-05-16 18:55:31,733 INFO [YUM] ✓ Pipeline complete
2026-05-16 18:55:33,748 INFO Progress: 500/503 | [ZBRA] Zebra Technologies (Information Technology)
2026-05-16 18:55:33,748 INFO [ZBRA] Starting pipeline...
2026-05-16 18:55:33,749 INFO [ZBRA] 10-K already downloaded
2026-05-16 18:55:33,749 INFO [ZBRA] Extraction already done
2026-05-16 18:56:46,625 INFO [ZBRA] ✓ Pipeline complete
2026-05-16 18:56:48,632 INFO Progress: 501/503 | [ZBH] Zimmer Biomet (Health Care)
2026-05-16 18:56:48,632 INFO [ZBH] Starting pipeline...
2026-05-16 18:56:48,632 INFO [ZBH] 10-K already downloaded
2026-05-16 18:56:48,632 INFO [ZBH] Extraction already done
2026-05-16 18:58:14,583 INFO [ZBH] ✓ Pipeline complete
2026-05-16 18:58:16,598 INFO Progress: 502/503 | [ZTS] Zoetis (Health Care)
2026-05-16 18:58:16,598 INFO [ZTS] Starting pipeline...
2026-05-16 18:58:16,599 INFO [ZTS] 10-K already downloaded
2026-05-16 18:58:16,599 INFO [ZTS] Extraction already done
2026-05-16 18:59:30,378 INFO [ZTS] ✓ Pipeline complete
2026-05-16 18:59:32,392 INFO 
==================================================
2026-05-16 18:59:32,393 INFO Pipeline complete!
2026-05-16 18:59:32,393 INFO   Completed: 503
2026-05-16 18:59:32,393 INFO   Failed:    252
2026-05-16 18:59:32,393 INFO   Skipped:   0
2026-05-16 18:59:32,393 INFO   Failed tickers: ['BX', 'XYZ', 'BK', 'BA', 'BKNG', 'BSX', 'BMY', 'AVGO', 'BR', 'BRO', 'BF-B', 'BLDR', 'BG', 'BXP', 'CHRW', 'CDNS', 'CPT', 'CPB', 'COF', 'CAH', 'CCL', 'CARR', 'CVNA', 'CASY', 'CAT', 'CBOE', 'CBRE', 'CDW', 'COR', 'CNC', 'CNP', 'CF', 'CRL', 'SCHW', 'CHTR', 'CVX', 'CMG', 'CB', 'CHD', 'CIEN', 'CI', 'CINF', 'CTAS', 'CSCO', 'C', 'CFG', 'CLX', 'CME', 'CMS', 'KO', 'CTSH', 'COHR', 'COIN', 'CL', 'CMCSA', 'FIX', 'CAG', 'COP', 'ED', 'STZ', 'CEG', 'COO', 'CPRT', 'GLW', 'CPAY', 'CTVA', 'CSGP', 'COST', 'CRH', 'CRWD', 'CCI', 'CSX', 'CMI', 'CVS', 'DHR', 'DRI', 'DDOG', 'DVA', 'DECK', 'DE', 'DELL', 'DAL', 'DVN', 'DXCM', 'FANG', 'DLR', 'DG', 'DLTR', 'D', 'DPZ', 'DASH', 'DOV', 'DOW', 'DHI', 'DTE', 'DUK', 'DD', 'ETN', 'EBAY', 'SATS', 'ECL', 'EIX', 'EW', 'EA', 'ELV', 'EME', 'EMR', 'ETR', 'EOG', 'EPAM', 'EQT', 'EFX', 'EQIX', 'EQR', 'ERIE', 'ESS', 'EL', 'EG', 'EVRG', 'ES', 'EXC', 'EXE', 'EXPE', 'EXPD', 'EXR', 'XOM', 'FFIV', 'FDS', 'FICO', 'FAST', 'FRT', 'FDX', 'FIS', 'FITB', 'FSLR', 'FE', 'FISV', 'F', 'FTNT', 'FTV', 'FOXA', 'FOX', 'BEN', 'FCX', 'GRMN', 'IT', 'GE', 'GEHC', 'GEV', 'GEN', 'GNRC', 'GD', 'GIS', 'GM', 'GPC', 'GILD', 'GPN', 'GL', 'GDDY', 'GS', 'HAL', 'HIG', 'HAS', 'HCA', 'DOC', 'HSIC', 'HSY', 'HPE', 'HLT', 'HD', 'HON', 'HRL', 'HST', 'HWM', 'HPQ', 'HUBB', 'HUM', 'HBAN', 'HII', 'IBM', 'IEX', 'IDXX', 'ITW', 'INCY', 'IR', 'PODD', 'INTC', 'IBKR', 'ICE', 'IFF', 'IP', 'INTU', 'ISRG', 'IVZ', 'INVH', 'IQV', 'IRM', 'JBHT', 'JBL', 'JKHY', 'J', 'JNJ', 'JCI', 'JPM', 'KVUE', 'KDP', 'KEY', 'KEYS', 'KMB', 'KIM', 'KMI', 'KKR', 'UHS', 'VLO', 'VEEV', 'VTR', 'VLTO', 'VRSN', 'VRSK', 'VZ', 'VRTX', 'VRT', 'VTRS', 'VICI', 'V', 'VST', 'VMC', 'WRB', 'GWW', 'WAB', 'WMT', 'DIS', 'WBD', 'WM', 'WAT', 'WEC', 'WFC', 'WELL', 'WST', 'WDC', 'WY', 'WSM', 'WMB', 'WTW', 'WDAY', 'WYNN', 'XEL', 'XYL', 'YUM', 'ZBRA', 'ZBH', 'ZTS']
2026-05-16 18:59:32,524 WARNING Dashboard generation failed: Expecting property name enclosed in double quotes: line 27 column 37 (char 1199)
