2026-05-15 20:34:12,503 INFO Pipeline starting: 10 companies | dry_run=False | resume=False
2026-05-15 20:34:12,504 INFO Progress: 0/10 | [ABNB] Airbnb (Consumer Discretionary)
2026-05-15 20:34:12,694 INFO [ABNB] Starting pipeline...
2026-05-15 20:34:12,694 INFO [ABNB] 10-K already downloaded
2026-05-15 20:34:12,694 INFO [ABNB] Extraction already done
2026-05-15 20:34:12,694 INFO [ABNB] Porter already done
2026-05-15 20:34:15,239 WARNING [ABNB] Financials failed — continuing anyway
2026-05-15 20:34:15,740 WARNING [ABNB] Investment analysis failed — continuing anyway
2026-05-15 20:34:16,742 INFO [ABNB] ✓ Pipeline complete
2026-05-15 20:34:18,750 INFO Progress: 1/10 | [MO] Altria Group (Consumer Staples)
2026-05-15 20:34:18,751 INFO [MO] Starting pipeline...
2026-05-15 20:34:18,751 INFO [MO] 10-K already downloaded
2026-05-15 20:34:18,751 INFO [MO] Extraction already done
2026-05-15 20:34:18,751 INFO [MO] Porter already done
2026-05-15 20:34:21,362 WARNING [MO] Financials failed — continuing anyway
2026-05-15 20:34:21,868 WARNING [MO] Investment analysis failed — continuing anyway
2026-05-15 20:34:22,873 INFO [MO] ✓ Pipeline complete
2026-05-15 20:34:24,879 INFO Progress: 2/10 | [APA] APA Corporation (Energy)
2026-05-15 20:34:24,880 INFO [APA] Starting pipeline...
2026-05-15 20:34:24,880 INFO [APA] 10-K already downloaded
2026-05-15 20:34:24,881 INFO [APA] Extraction already done
2026-05-15 20:34:24,881 INFO [APA] Porter already done
2026-05-15 20:34:27,672 WARNING [APA] Financials failed — continuing anyway
2026-05-15 20:34:28,177 WARNING [APA] Investment analysis failed — continuing anyway
2026-05-15 20:34:29,183 INFO [APA] ✓ Pipeline complete
2026-05-15 20:34:31,190 INFO Progress: 3/10 | [AFL] Aflac (Financials)
2026-05-15 20:34:31,190 INFO [AFL] Starting pipeline...
2026-05-15 20:34:31,191 INFO [AFL] 10-K already downloaded
2026-05-15 20:34:31,191 INFO [AFL] Extraction already done
2026-05-15 20:34:31,191 INFO [AFL] Porter already done
2026-05-15 20:34:33,752 WARNING [AFL] Financials failed — continuing anyway
2026-05-15 20:34:34,258 WARNING [AFL] Investment analysis failed — continuing anyway
2026-05-15 20:34:35,263 INFO [AFL] ✓ Pipeline complete
2026-05-15 20:34:37,269 INFO Progress: 4/10 | [ABT] Abbott Laboratories (Health Care)
2026-05-15 20:34:37,269 INFO [ABT] Starting pipeline...
2026-05-15 20:34:37,269 INFO [ABT] 10-K already downloaded
2026-05-15 20:34:37,270 INFO [ABT] Extraction already done
2026-05-15 20:34:37,270 INFO [ABT] Porter already done
2026-05-15 20:34:39,877 WARNING [ABT] Financials failed — continuing anyway
2026-05-15 20:34:40,381 WARNING [ABT] Investment analysis failed — continuing anyway
2026-05-15 20:34:41,386 INFO [ABT] ✓ Pipeline complete
2026-05-15 20:34:43,392 INFO Progress: 5/10 | [MMM] 3M (Industrials)
2026-05-15 20:34:43,392 INFO [MMM] Starting pipeline...
2026-05-15 20:34:43,392 INFO [MMM] 10-K already downloaded
2026-05-15 20:34:43,392 INFO [MMM] Extraction already done
2026-05-15 20:34:43,392 INFO [MMM] Porter already done
2026-05-15 20:34:46,001 WARNING [MMM] Financials failed — continuing anyway
2026-05-15 20:34:46,506 WARNING [MMM] Investment analysis failed — continuing anyway
2026-05-15 20:34:47,506 INFO [MMM] ✓ Pipeline complete
2026-05-15 20:34:49,511 INFO Progress: 6/10 | [ACN] Accenture (Information Technology)
2026-05-15 20:34:49,512 INFO [ACN] Starting pipeline...
2026-05-15 20:34:49,512 INFO [ACN] 10-K already downloaded
2026-05-15 20:34:49,513 INFO [ACN] Extraction already done
2026-05-15 20:34:49,513 INFO [ACN] Porter already done
2026-05-15 20:34:51,954 WARNING [ACN] Financials failed — continuing anyway
2026-05-15 20:34:52,460 WARNING [ACN] Investment analysis failed — continuing anyway
2026-05-15 20:34:53,464 INFO [ACN] ✓ Pipeline complete
2026-05-15 20:34:55,468 INFO Progress: 7/10 | [APD] Air Products (Materials)
2026-05-15 20:34:55,468 INFO [APD] Starting pipeline...
2026-05-15 20:34:55,468 INFO [APD] 10-K already downloaded
2026-05-15 20:34:55,468 INFO [APD] Extraction already done
2026-05-15 20:34:55,469 INFO [APD] Porter already done
2026-05-15 20:34:57,962 WARNING [APD] Financials failed — continuing anyway
2026-05-15 20:34:58,468 WARNING [APD] Investment analysis failed — continuing anyway
2026-05-15 20:34:59,472 INFO [APD] ✓ Pipeline complete
2026-05-15 20:35:01,474 INFO Progress: 8/10 | [ARE] Alexandria Real Estate (Real Estate)
2026-05-15 20:35:01,474 INFO [ARE] Starting pipeline...
2026-05-15 20:35:01,474 INFO [ARE] 10-K already downloaded
2026-05-15 20:35:01,474 INFO [ARE] Extraction already done
2026-05-15 20:35:01,474 INFO [ARE] Porter already done
2026-05-15 20:35:03,996 WARNING [ARE] Financials failed — continuing anyway
2026-05-15 20:35:04,502 WARNING [ARE] Investment analysis failed — continuing anyway
2026-05-15 20:35:05,507 INFO [ARE] ✓ Pipeline complete
2026-05-15 20:35:07,513 INFO Progress: 9/10 | [AES] AES Corporation (Utilities)
2026-05-15 20:35:07,513 INFO [AES] Starting pipeline...
2026-05-15 20:35:07,513 INFO [AES] 10-K already downloaded
2026-05-15 20:35:07,513 INFO [AES] Extraction already done
2026-05-15 20:35:07,514 INFO [AES] Porter already done
2026-05-15 20:35:10,119 WARNING [AES] Financials failed — continuing anyway
2026-05-15 20:35:10,625 WARNING [AES] Investment analysis failed — continuing anyway
2026-05-15 20:35:11,625 INFO [AES] ✓ Pipeline complete
2026-05-15 20:35:13,631 INFO 
==================================================
2026-05-15 20:35:13,631 INFO Pipeline complete!
2026-05-15 20:35:13,631 INFO   Completed: 10
2026-05-15 20:35:13,631 INFO   Failed:    0
2026-05-15 20:35:13,631 INFO   Skipped:   0
